<testsuites id="" name="" tests="115" failures="105" skipped="0" errors="0" time="157.144448">
<testsuite name="api-integration.spec.js" timestamp="2025-12-23T17:41:52.946Z" hostname="chromium" tests="3" failures="3" skipped="0" time="1.092" errors="0">
<testcase name="API Integration Tests › API returns correct product data" classname="api-integration.spec.js" time="0.361">
<failure message="api-integration.spec.js:6:7 API returns correct product data" type="FAILURE">
<![CDATA[  [chromium] › api-integration.spec.js:6:7 › API Integration Tests › API returns correct product data 

    Error: apiRequestContext.get: connect ECONNREFUSED ::1:8000
    Call log:
      - → GET http://localhost:8000/api/Product
        - user-agent: Mozilla/5.0 (Windows NT 10.0; Win64; x64) AppleWebKit/537.36 (KHTML, like Gecko) Chrome/143.0.7499.4 Safari/537.36
        - accept: */*
        - accept-encoding: gzip,deflate,br

        at apiRequestContext.get: connect ECONNREFUSED ::1:8000
        at C:\Users\khang\OneDrive\Documents\KTPM_DO-AN\shopluuniem\e2e-tests\api-integration.spec.js:7:36
]]>
</failure>
</testcase>
<testcase name="API Integration Tests › API handles authentication" classname="api-integration.spec.js" time="0.362">
<failure message="api-integration.spec.js:15:7 API handles authentication" type="FAILURE">
<![CDATA[  [chromium] › api-integration.spec.js:15:7 › API Integration Tests › API handles authentication ───

    Error: apiRequestContext.post: connect ECONNREFUSED ::1:8000
    Call log:
      - → POST http://localhost:8000/api/admin/user/login
        - user-agent: Mozilla/5.0 (Windows NT 10.0; Win64; x64) AppleWebKit/537.36 (KHTML, like Gecko) Chrome/143.0.7499.4 Safari/537.36
        - accept: */*
        - accept-encoding: gzip,deflate,br
        - content-type: application/json
        - content-length: 44

        at apiRequestContext.post: connect ECONNREFUSED ::1:8000
        at C:\Users\khang\OneDrive\Documents\KTPM_DO-AN\shopluuniem\e2e-tests\api-integration.spec.js:16:36
]]>
</failure>
</testcase>
<testcase name="API Integration Tests › API protects admin endpoints" classname="api-integration.spec.js" time="0.369">
<failure message="api-integration.spec.js:28:7 API protects admin endpoints" type="FAILURE">
<![CDATA[  [chromium] › api-integration.spec.js:28:7 › API Integration Tests › API protects admin endpoints ─

    Error: apiRequestContext.get: connect ECONNREFUSED ::1:8000
    Call log:
      - → GET http://localhost:8000/api/admin/user
        - user-agent: Mozilla/5.0 (Windows NT 10.0; Win64; x64) AppleWebKit/537.36 (KHTML, like Gecko) Chrome/143.0.7499.4 Safari/537.36
        - accept: */*
        - accept-encoding: gzip,deflate,br

        at apiRequestContext.get: connect ECONNREFUSED ::1:8000
        at C:\Users\khang\OneDrive\Documents\KTPM_DO-AN\shopluuniem\e2e-tests\api-integration.spec.js:29:36
]]>
</failure>
</testcase>
</testsuite>
<testsuite name="complete-shopping-flow.spec.js" timestamp="2025-12-23T17:41:52.946Z" hostname="chromium" tests="17" failures="15" skipped="0" time="156.476" errors="0">
<testcase name="Complete Shopping Flow › User can browse, add to cart, and checkout" classname="complete-shopping-flow.spec.js" time="12.22">
<failure message="complete-shopping-flow.spec.js:5:7 User can browse, add to cart, and checkout" type="FAILURE">
<![CDATA[  [chromium] › complete-shopping-flow.spec.js:5:7 › Complete Shopping Flow › User can browse, add to cart, and checkout 

    Error: expect(page).toHaveTitle(expected) failed

    Expected pattern: /Shop/i
    Received string:  "React App"
    Timeout: 5000ms

    Call log:
      - Expect "toHaveTitle" with timeout 5000ms
        8 × unexpected value "React App"


       6 |     // Step 1: Visit homepage
       7 |     await page.goto('/');
    >  8 |     await expect(page).toHaveTitle(/Shop/i);
         |                        ^
       9 |     
      10 |     // Step 2: Navigate to shop page
      11 |     await page.click('a[href*="shop"]');
        at C:\Users\khang\OneDrive\Documents\KTPM_DO-AN\shopluuniem\e2e-tests\complete-shopping-flow.spec.js:8:24

    attachment #1: screenshot (image/png) ──────────────────────────────────────────────────────────
    ..\test-results\complete-shopping-flow-Com-a2b3f-se-add-to-cart-and-checkout-chromium\test-failed-1.png
    ────────────────────────────────────────────────────────────────────────────────────────────────

    attachment #2: video (video/webm) ──────────────────────────────────────────────────────────────
    ..\test-results\complete-shopping-flow-Com-a2b3f-se-add-to-cart-and-checkout-chromium\video.webm
    ────────────────────────────────────────────────────────────────────────────────────────────────

    Error Context: ..\test-results\complete-shopping-flow-Com-a2b3f-se-add-to-cart-and-checkout-chromium\error-context.md
]]>
</failure>
<system-out>
<![CDATA[
[[ATTACHMENT|complete-shopping-flow-Com-a2b3f-se-add-to-cart-and-checkout-chromium\test-failed-1.png]]

[[ATTACHMENT|complete-shopping-flow-Com-a2b3f-se-add-to-cart-and-checkout-chromium\video.webm]]

[[ATTACHMENT|complete-shopping-flow-Com-a2b3f-se-add-to-cart-and-checkout-chromium\error-context.md]]
]]>
</system-out>
</testcase>
<testcase name="Complete Shopping Flow › User can search for products" classname="complete-shopping-flow.spec.js" time="12.231">
<failure message="complete-shopping-flow.spec.js:90:7 User can search for products" type="FAILURE">
<![CDATA[  [chromium] › complete-shopping-flow.spec.js:90:7 › Complete Shopping Flow › User can search for products 

    Error: expect(locator).toBeVisible() failed

    Locator:  locator('.product, [class*="product"]').first()
    Expected: visible
    Received: hidden
    Timeout:  5000ms

    Call log:
      - Expect "toBeVisible" with timeout 5000ms
      - waiting for locator('.product, [class*="product"]').first()
        8 × locator resolved to <ul class="minicart-product-list"></ul>
          - unexpected value "hidden"


       99 |     await page.waitForURL(/search/);
      100 |     const products = page.locator('.product, [class*="product"]');
    > 101 |     await expect(products.first()).toBeVisible();
          |                                    ^
      102 |   });
      103 |   
      104 |   test('User can view order history', async ({ page }) => {
        at C:\Users\khang\OneDrive\Documents\KTPM_DO-AN\shopluuniem\e2e-tests\complete-shopping-flow.spec.js:101:36

    attachment #1: screenshot (image/png) ──────────────────────────────────────────────────────────
    ..\test-results\complete-shopping-flow-Com-a255f-ser-can-search-for-products-chromium\test-failed-1.png
    ────────────────────────────────────────────────────────────────────────────────────────────────

    attachment #2: video (video/webm) ──────────────────────────────────────────────────────────────
    ..\test-results\complete-shopping-flow-Com-a255f-ser-can-search-for-products-chromium\video.webm
    ────────────────────────────────────────────────────────────────────────────────────────────────

    Error Context: ..\test-results\complete-shopping-flow-Com-a255f-ser-can-search-for-products-chromium\error-context.md
]]>
</failure>
<system-out>
<![CDATA[
[[ATTACHMENT|complete-shopping-flow-Com-a255f-ser-can-search-for-products-chromium\test-failed-1.png]]

[[ATTACHMENT|complete-shopping-flow-Com-a255f-ser-can-search-for-products-chromium\video.webm]]

[[ATTACHMENT|complete-shopping-flow-Com-a255f-ser-can-search-for-products-chromium\error-context.md]]
]]>
</system-out>
</testcase>
<testcase name="Complete Shopping Flow › User can view order history" classname="complete-shopping-flow.spec.js" time="14.549">
<failure message="complete-shopping-flow.spec.js:104:7 User can view order history" type="FAILURE">
<![CDATA[  [chromium] › complete-shopping-flow.spec.js:104:7 › Complete Shopping Flow › User can view order history 

    Error: expect(locator).toBeVisible() failed

    Locator: locator('table tbody tr, .order-item').first()
    Expected: visible
    Timeout: 5000ms
    Error: element(s) not found

    Call log:
      - Expect "toBeVisible" with timeout 5000ms
      - waiting for locator('table tbody tr, .order-item').first()


      116 |     // Verify orders are displayed
      117 |     const orders = page.locator('table tbody tr, .order-item');
    > 118 |     await expect(orders.first()).toBeVisible({ timeout: 5000 });
          |                                  ^
      119 |   });
      120 | });
      121 |
        at C:\Users\khang\OneDrive\Documents\KTPM_DO-AN\shopluuniem\e2e-tests\complete-shopping-flow.spec.js:118:34

    attachment #1: screenshot (image/png) ──────────────────────────────────────────────────────────
    ..\test-results\complete-shopping-flow-Com-57aa7-User-can-view-order-history-chromium\test-failed-1.png
    ────────────────────────────────────────────────────────────────────────────────────────────────

    attachment #2: video (video/webm) ──────────────────────────────────────────────────────────────
    ..\test-results\complete-shopping-flow-Com-57aa7-User-can-view-order-history-chromium\video.webm
    ────────────────────────────────────────────────────────────────────────────────────────────────

    Error Context: ..\test-results\complete-shopping-flow-Com-57aa7-User-can-view-order-history-chromium\error-context.md
]]>
</failure>
<system-out>
<![CDATA[
[[ATTACHMENT|complete-shopping-flow-Com-57aa7-User-can-view-order-history-chromium\test-failed-1.png]]

[[ATTACHMENT|complete-shopping-flow-Com-57aa7-User-can-view-order-history-chromium\video.webm]]

[[ATTACHMENT|complete-shopping-flow-Com-57aa7-User-can-view-order-history-chromium\error-context.md]]
]]>
</system-out>
</testcase>
<testcase name="User Authentication › User can register" classname="complete-shopping-flow.spec.js" time="14.057">
<failure message="complete-shopping-flow.spec.js:124:7 User can register" type="FAILURE">
<![CDATA[  [chromium] › complete-shopping-flow.spec.js:124:7 › User Authentication › User can register ──────

    Error: expect(locator).toBeVisible() failed

    Locator: locator('text=thành công, text=success')
    Expected: visible
    Timeout: 5000ms
    Error: element(s) not found

    Call log:
      - Expect "toBeVisible" with timeout 5000ms
      - waiting for locator('text=thành công, text=success')


      135 |     
      136 |     // Verify success message
    > 137 |     await expect(page.locator('text=thành công, text=success')).toBeVisible();
          |                                                                 ^
      138 |   });
      139 |   
      140 |   test('User can login', async ({ page }) => {
        at C:\Users\khang\OneDrive\Documents\KTPM_DO-AN\shopluuniem\e2e-tests\complete-shopping-flow.spec.js:137:65

    attachment #1: screenshot (image/png) ──────────────────────────────────────────────────────────
    ..\test-results\complete-shopping-flow-User-Authentication-User-can-register-chromium\test-failed-1.png
    ────────────────────────────────────────────────────────────────────────────────────────────────

    attachment #2: video (video/webm) ──────────────────────────────────────────────────────────────
    ..\test-results\complete-shopping-flow-User-Authentication-User-can-register-chromium\video.webm
    ────────────────────────────────────────────────────────────────────────────────────────────────

    Error Context: ..\test-results\complete-shopping-flow-User-Authentication-User-can-register-chromium\error-context.md
]]>
</failure>
<system-out>
<![CDATA[
[[ATTACHMENT|complete-shopping-flow-User-Authentication-User-can-register-chromium\test-failed-1.png]]

[[ATTACHMENT|complete-shopping-flow-User-Authentication-User-can-register-chromium\video.webm]]

[[ATTACHMENT|complete-shopping-flow-User-Authentication-User-can-register-chromium\error-context.md]]
]]>
</system-out>
</testcase>
<testcase name="User Authentication › User can login" classname="complete-shopping-flow.spec.js" time="9.895">
</testcase>
<testcase name="User Authentication › User cannot login with wrong credentials" classname="complete-shopping-flow.spec.js" time="14.022">
<failure message="complete-shopping-flow.spec.js:151:7 User cannot login with wrong credentials" type="FAILURE">
<![CDATA[  [chromium] › complete-shopping-flow.spec.js:151:7 › User Authentication › User cannot login with wrong credentials 

    Error: expect(locator).toBeVisible() failed

    Locator: locator('text=Wrong, text=Sai')
    Expected: visible
    Timeout: 5000ms
    Error: element(s) not found

    Call log:
      - Expect "toBeVisible" with timeout 5000ms
      - waiting for locator('text=Wrong, text=Sai')


      157 |     
      158 |     // Should show error
    > 159 |     await expect(page.locator('text=Wrong, text=Sai')).toBeVisible();
          |                                                        ^
      160 |   });
      161 | });
      162 |
        at C:\Users\khang\OneDrive\Documents\KTPM_DO-AN\shopluuniem\e2e-tests\complete-shopping-flow.spec.js:159:56

    attachment #1: screenshot (image/png) ──────────────────────────────────────────────────────────
    ..\test-results\complete-shopping-flow-Use-19755-ogin-with-wrong-credentials-chromium\test-failed-1.png
    ────────────────────────────────────────────────────────────────────────────────────────────────

    attachment #2: video (video/webm) ──────────────────────────────────────────────────────────────
    ..\test-results\complete-shopping-flow-Use-19755-ogin-with-wrong-credentials-chromium\video.webm
    ────────────────────────────────────────────────────────────────────────────────────────────────

    Error Context: ..\test-results\complete-shopping-flow-Use-19755-ogin-with-wrong-credentials-chromium\error-context.md
]]>
</failure>
<system-out>
<![CDATA[
[[ATTACHMENT|complete-shopping-flow-Use-19755-ogin-with-wrong-credentials-chromium\test-failed-1.png]]

[[ATTACHMENT|complete-shopping-flow-Use-19755-ogin-with-wrong-credentials-chromium\video.webm]]

[[ATTACHMENT|complete-shopping-flow-Use-19755-ogin-with-wrong-credentials-chromium\error-context.md]]
]]>
</system-out>
</testcase>
<testcase name="Admin Panel › Admin can view user list" classname="complete-shopping-flow.spec.js" time="3.816">
<failure message="complete-shopping-flow.spec.js:174:7 Admin can view user list" type="FAILURE">
<![CDATA[  [chromium] › complete-shopping-flow.spec.js:174:7 › Admin Panel › Admin can view user list ───────

    Error: page.goto: net::ERR_CONNECTION_REFUSED at http://localhost:3001/signin
    Call log:
      - navigating to "http://localhost:3001/signin", waiting until "load"


      165 |   test.beforeEach(async ({ page }) => {
      166 |     // Admin login
    > 167 |     await page.goto('http://localhost:3001/signin');
          |                ^
      168 |     await page.fill('input[placeholder*="Username"]', 'admin');
      169 |     await page.fill('input[type="password"]', 'admin123');
      170 |     await page.click('button[type="submit"]');
        at C:\Users\khang\OneDrive\Documents\KTPM_DO-AN\shopluuniem\e2e-tests\complete-shopping-flow.spec.js:167:16

    attachment #1: screenshot (image/png) ──────────────────────────────────────────────────────────
    ..\test-results\complete-shopping-flow-Admin-Panel-Admin-can-view-user-list-chromium\test-failed-1.png
    ────────────────────────────────────────────────────────────────────────────────────────────────

    attachment #2: video (video/webm) ──────────────────────────────────────────────────────────────
    ..\test-results\complete-shopping-flow-Admin-Panel-Admin-can-view-user-list-chromium\video.webm
    ────────────────────────────────────────────────────────────────────────────────────────────────
]]>
</failure>
<system-out>
<![CDATA[
[[ATTACHMENT|complete-shopping-flow-Admin-Panel-Admin-can-view-user-list-chromium\test-failed-1.png]]

[[ATTACHMENT|complete-shopping-flow-Admin-Panel-Admin-can-view-user-list-chromium\video.webm]]
]]>
</system-out>
</testcase>
<testcase name="Admin Panel › Admin can create new user" classname="complete-shopping-flow.spec.js" time="3.088">
<failure message="complete-shopping-flow.spec.js:181:7 Admin can create new user" type="FAILURE">
<![CDATA[  [chromium] › complete-shopping-flow.spec.js:181:7 › Admin Panel › Admin can create new user ──────

    Error: page.goto: net::ERR_CONNECTION_REFUSED at http://localhost:3001/signin
    Call log:
      - navigating to "http://localhost:3001/signin", waiting until "load"


      165 |   test.beforeEach(async ({ page }) => {
      166 |     // Admin login
    > 167 |     await page.goto('http://localhost:3001/signin');
          |                ^
      168 |     await page.fill('input[placeholder*="Username"]', 'admin');
      169 |     await page.fill('input[type="password"]', 'admin123');
      170 |     await page.click('button[type="submit"]');
        at C:\Users\khang\OneDrive\Documents\KTPM_DO-AN\shopluuniem\e2e-tests\complete-shopping-flow.spec.js:167:16

    attachment #1: screenshot (image/png) ──────────────────────────────────────────────────────────
    ..\test-results\complete-shopping-flow-Admin-Panel-Admin-can-create-new-user-chromium\test-failed-1.png
    ────────────────────────────────────────────────────────────────────────────────────────────────

    attachment #2: video (video/webm) ──────────────────────────────────────────────────────────────
    ..\test-results\complete-shopping-flow-Admin-Panel-Admin-can-create-new-user-chromium\video.webm
    ────────────────────────────────────────────────────────────────────────────────────────────────
]]>
</failure>
<system-out>
<![CDATA[
[[ATTACHMENT|complete-shopping-flow-Admin-Panel-Admin-can-create-new-user-chromium\test-failed-1.png]]

[[ATTACHMENT|complete-shopping-flow-Admin-Panel-Admin-can-create-new-user-chromium\video.webm]]
]]>
</system-out>
</testcase>
<testcase name="Admin Panel › Admin can view products" classname="complete-shopping-flow.spec.js" time="3.024">
<failure message="complete-shopping-flow.spec.js:197:7 Admin can view products" type="FAILURE">
<![CDATA[  [chromium] › complete-shopping-flow.spec.js:197:7 › Admin Panel › Admin can view products ────────

    Error: page.goto: net::ERR_CONNECTION_REFUSED at http://localhost:3001/signin
    Call log:
      - navigating to "http://localhost:3001/signin", waiting until "load"


      165 |   test.beforeEach(async ({ page }) => {
      166 |     // Admin login
    > 167 |     await page.goto('http://localhost:3001/signin');
          |                ^
      168 |     await page.fill('input[placeholder*="Username"]', 'admin');
      169 |     await page.fill('input[type="password"]', 'admin123');
      170 |     await page.click('button[type="submit"]');
        at C:\Users\khang\OneDrive\Documents\KTPM_DO-AN\shopluuniem\e2e-tests\complete-shopping-flow.spec.js:167:16

    attachment #1: screenshot (image/png) ──────────────────────────────────────────────────────────
    ..\test-results\complete-shopping-flow-Admin-Panel-Admin-can-view-products-chromium\test-failed-1.png
    ────────────────────────────────────────────────────────────────────────────────────────────────

    attachment #2: video (video/webm) ──────────────────────────────────────────────────────────────
    ..\test-results\complete-shopping-flow-Admin-Panel-Admin-can-view-products-chromium\video.webm
    ────────────────────────────────────────────────────────────────────────────────────────────────
]]>
</failure>
<system-out>
<![CDATA[
[[ATTACHMENT|complete-shopping-flow-Admin-Panel-Admin-can-view-products-chromium\test-failed-1.png]]

[[ATTACHMENT|complete-shopping-flow-Admin-Panel-Admin-can-view-products-chromium\video.webm]]
]]>
</system-out>
</testcase>
<testcase name="Admin Panel › Admin can view orders" classname="complete-shopping-flow.spec.js" time="3.032">
<failure message="complete-shopping-flow.spec.js:204:7 Admin can view orders" type="FAILURE">
<![CDATA[  [chromium] › complete-shopping-flow.spec.js:204:7 › Admin Panel › Admin can view orders ──────────

    Error: page.goto: net::ERR_CONNECTION_REFUSED at http://localhost:3001/signin
    Call log:
      - navigating to "http://localhost:3001/signin", waiting until "load"


      165 |   test.beforeEach(async ({ page }) => {
      166 |     // Admin login
    > 167 |     await page.goto('http://localhost:3001/signin');
          |                ^
      168 |     await page.fill('input[placeholder*="Username"]', 'admin');
      169 |     await page.fill('input[type="password"]', 'admin123');
      170 |     await page.click('button[type="submit"]');
        at C:\Users\khang\OneDrive\Documents\KTPM_DO-AN\shopluuniem\e2e-tests\complete-shopping-flow.spec.js:167:16

    attachment #1: screenshot (image/png) ──────────────────────────────────────────────────────────
    ..\test-results\complete-shopping-flow-Admin-Panel-Admin-can-view-orders-chromium\test-failed-1.png
    ────────────────────────────────────────────────────────────────────────────────────────────────

    attachment #2: video (video/webm) ──────────────────────────────────────────────────────────────
    ..\test-results\complete-shopping-flow-Admin-Panel-Admin-can-view-orders-chromium\video.webm
    ────────────────────────────────────────────────────────────────────────────────────────────────
]]>
</failure>
<system-out>
<![CDATA[
[[ATTACHMENT|complete-shopping-flow-Admin-Panel-Admin-can-view-orders-chromium\test-failed-1.png]]

[[ATTACHMENT|complete-shopping-flow-Admin-Panel-Admin-can-view-orders-chromium\video.webm]]
]]>
</system-out>
</testcase>
<testcase name="Responsive Design › Mobile - Shopping flow works on mobile" classname="complete-shopping-flow.spec.js" time="31.919">
<failure message="complete-shopping-flow.spec.js:214:7 Mobile - Shopping flow works on mobile" type="FAILURE">
<![CDATA[  [chromium] › complete-shopping-flow.spec.js:214:7 › Responsive Design › Mobile - Shopping flow works on mobile 

    Test timeout of 30000ms exceeded.

    Error: locator.click: Test timeout of 30000ms exceeded.
    Call log:
      - waiting for locator('.product, [class*="product"]').first()
        - locator resolved to <ul class="minicart-product-list"></ul>
      - attempting click action
        2 × waiting for element to be visible, enabled and stable
          - element is not visible
        - retrying click action
        - waiting 20ms
        2 × waiting for element to be visible, enabled and stable
          - element is not visible
        - retrying click action
          - waiting 100ms
        48 × waiting for element to be visible, enabled and stable
           - element is not visible
         - retrying click action
           - waiting 500ms


      229 |     // Click product
      230 |     const products = page.locator('.product, [class*="product"]');
    > 231 |     await products.first().click();
          |                            ^
      232 |     
      233 |     // Add to cart
      234 |     await page.click('text=Add to cart');
        at C:\Users\khang\OneDrive\Documents\KTPM_DO-AN\shopluuniem\e2e-tests\complete-shopping-flow.spec.js:231:28

    attachment #1: screenshot (image/png) ──────────────────────────────────────────────────────────
    ..\test-results\complete-shopping-flow-Res-ec642-opping-flow-works-on-mobile-chromium\test-failed-1.png
    ────────────────────────────────────────────────────────────────────────────────────────────────

    attachment #2: video (video/webm) ──────────────────────────────────────────────────────────────
    ..\test-results\complete-shopping-flow-Res-ec642-opping-flow-works-on-mobile-chromium\video.webm
    ────────────────────────────────────────────────────────────────────────────────────────────────

    Error Context: ..\test-results\complete-shopping-flow-Res-ec642-opping-flow-works-on-mobile-chromium\error-context.md
]]>
</failure>
<system-out>
<![CDATA[
[[ATTACHMENT|complete-shopping-flow-Res-ec642-opping-flow-works-on-mobile-chromium\test-failed-1.png]]

[[ATTACHMENT|complete-shopping-flow-Res-ec642-opping-flow-works-on-mobile-chromium\video.webm]]

[[ATTACHMENT|complete-shopping-flow-Res-ec642-opping-flow-works-on-mobile-chromium\error-context.md]]
]]>
</system-out>
</testcase>
<testcase name="Responsive Design › Tablet - Layout adjusts correctly" classname="complete-shopping-flow.spec.js" time="8.076">
<failure message="complete-shopping-flow.spec.js:238:7 Tablet - Layout adjusts correctly" type="FAILURE">
<![CDATA[  [chromium] › complete-shopping-flow.spec.js:238:7 › Responsive Design › Tablet - Layout adjusts correctly 

    Error: locator.boundingBox: Error: strict mode violation: locator('.container') resolved to 4 elements:
        1) <div class="container">…</div> aka locator('div').nth(3)
        2) <div class="container pb_header">…</div> aka locator('div').filter({ hasText: '0 VNĐ0SUBTOTAL: 0 VNĐView' }).nth(3)
        3) <div class="container">…</div> aka locator('div').filter({ hasText: 'HomeMenuMaleFemaleEventContact' }).nth(4)
        4) <div class="container">…</div> aka locator('div').filter({ hasText: 'We are a team of designers' }).nth(4)

    Call log:
      - waiting for locator('.container')


      243 |     // Check if layout is responsive
      244 |     const container = page.locator('.container');
    > 245 |     const boundingBox = await container.boundingBox();
          |                                         ^
      246 |     
      247 |     expect(boundingBox.width).toBeLessThanOrEqual(768);
      248 |   });
        at C:\Users\khang\OneDrive\Documents\KTPM_DO-AN\shopluuniem\e2e-tests\complete-shopping-flow.spec.js:245:41

    attachment #1: screenshot (image/png) ──────────────────────────────────────────────────────────
    ..\test-results\complete-shopping-flow-Res-4a092----Layout-adjusts-correctly-chromium\test-failed-1.png
    ────────────────────────────────────────────────────────────────────────────────────────────────

    attachment #2: video (video/webm) ──────────────────────────────────────────────────────────────
    ..\test-results\complete-shopping-flow-Res-4a092----Layout-adjusts-correctly-chromium\video.webm
    ────────────────────────────────────────────────────────────────────────────────────────────────

    Error Context: ..\test-results\complete-shopping-flow-Res-4a092----Layout-adjusts-correctly-chromium\error-context.md
]]>
</failure>
<system-out>
<![CDATA[
[[ATTACHMENT|complete-shopping-flow-Res-4a092----Layout-adjusts-correctly-chromium\test-failed-1.png]]

[[ATTACHMENT|complete-shopping-flow-Res-4a092----Layout-adjusts-correctly-chromium\video.webm]]

[[ATTACHMENT|complete-shopping-flow-Res-4a092----Layout-adjusts-correctly-chromium\error-context.md]]
]]>
</system-out>
</testcase>
<testcase name="Performance › Homepage loads within 3 seconds" classname="complete-shopping-flow.spec.js" time="8.034">
<failure message="complete-shopping-flow.spec.js:253:7 Homepage loads within 3 seconds" type="FAILURE">
<![CDATA[  [chromium] › complete-shopping-flow.spec.js:253:7 › Performance › Homepage loads within 3 seconds 

    Error: expect(received).toBeLessThan(expected)

    Expected: < 3000
    Received:   7033

      256 |     const loadTime = Date.now() - startTime;
      257 |     
    > 258 |     expect(loadTime).toBeLessThan(3000);
          |                      ^
      259 |   });
      260 |   
      261 |   test('Product page loads within 2 seconds', async ({ page }) => {
        at C:\Users\khang\OneDrive\Documents\KTPM_DO-AN\shopluuniem\e2e-tests\complete-shopping-flow.spec.js:258:22

    attachment #1: screenshot (image/png) ──────────────────────────────────────────────────────────
    ..\test-results\complete-shopping-flow-Per-cb68b-page-loads-within-3-seconds-chromium\test-failed-1.png
    ────────────────────────────────────────────────────────────────────────────────────────────────

    attachment #2: video (video/webm) ──────────────────────────────────────────────────────────────
    ..\test-results\complete-shopping-flow-Per-cb68b-page-loads-within-3-seconds-chromium\video.webm
    ────────────────────────────────────────────────────────────────────────────────────────────────

    Error Context: ..\test-results\complete-shopping-flow-Per-cb68b-page-loads-within-3-seconds-chromium\error-context.md
]]>
</failure>
<system-out>
<![CDATA[
[[ATTACHMENT|complete-shopping-flow-Per-cb68b-page-loads-within-3-seconds-chromium\test-failed-1.png]]

[[ATTACHMENT|complete-shopping-flow-Per-cb68b-page-loads-within-3-seconds-chromium\video.webm]]

[[ATTACHMENT|complete-shopping-flow-Per-cb68b-page-loads-within-3-seconds-chromium\error-context.md]]
]]>
</system-out>
</testcase>
<testcase name="Performance › Product page loads within 2 seconds" classname="complete-shopping-flow.spec.js" time="7.768">
<failure message="complete-shopping-flow.spec.js:261:7 Product page loads within 2 seconds" type="FAILURE">
<![CDATA[  [chromium] › complete-shopping-flow.spec.js:261:7 › Performance › Product page loads within 2 seconds 

    Error: expect(received).toBeLessThan(expected)

    Expected: < 2000
    Received:   6452

      264 |     const loadTime = Date.now() - startTime;
      265 |     
    > 266 |     expect(loadTime).toBeLessThan(2000);
          |                      ^
      267 |   });
      268 | });
      269 |
        at C:\Users\khang\OneDrive\Documents\KTPM_DO-AN\shopluuniem\e2e-tests\complete-shopping-flow.spec.js:266:22

    attachment #1: screenshot (image/png) ──────────────────────────────────────────────────────────
    ..\test-results\complete-shopping-flow-Per-11b79-page-loads-within-2-seconds-chromium\test-failed-1.png
    ────────────────────────────────────────────────────────────────────────────────────────────────

    attachment #2: video (video/webm) ──────────────────────────────────────────────────────────────
    ..\test-results\complete-shopping-flow-Per-11b79-page-loads-within-2-seconds-chromium\video.webm
    ────────────────────────────────────────────────────────────────────────────────────────────────

    Error Context: ..\test-results\complete-shopping-flow-Per-11b79-page-loads-within-2-seconds-chromium\error-context.md
]]>
</failure>
<system-out>
<![CDATA[
[[ATTACHMENT|complete-shopping-flow-Per-11b79-page-loads-within-2-seconds-chromium\test-failed-1.png]]

[[ATTACHMENT|complete-shopping-flow-Per-11b79-page-loads-within-2-seconds-chromium\video.webm]]

[[ATTACHMENT|complete-shopping-flow-Per-11b79-page-loads-within-2-seconds-chromium\error-context.md]]
]]>
</system-out>
</testcase>
<testcase name="Accessibility › All images have alt text" classname="complete-shopping-flow.spec.js" time="6.753">
<failure message="complete-shopping-flow.spec.js:272:7 All images have alt text" type="FAILURE">
<![CDATA[  [chromium] › complete-shopping-flow.spec.js:272:7 › Accessibility › All images have alt text ─────

    Error: expect(received).toBe(expected) // Object.is equality

    Expected: 0
    Received: 1

      274 |     
      275 |     const imagesWithoutAlt = await page.locator('img:not([alt])').count();
    > 276 |     expect(imagesWithoutAlt).toBe(0);
          |                              ^
      277 |   });
      278 |   
      279 |   test('Forms have proper labels', async ({ page }) => {
        at C:\Users\khang\OneDrive\Documents\KTPM_DO-AN\shopluuniem\e2e-tests\complete-shopping-flow.spec.js:276:30

    attachment #1: screenshot (image/png) ──────────────────────────────────────────────────────────
    ..\test-results\complete-shopping-flow-Acc-10e95-ty-All-images-have-alt-text-chromium\test-failed-1.png
    ────────────────────────────────────────────────────────────────────────────────────────────────

    attachment #2: video (video/webm) ──────────────────────────────────────────────────────────────
    ..\test-results\complete-shopping-flow-Acc-10e95-ty-All-images-have-alt-text-chromium\video.webm
    ────────────────────────────────────────────────────────────────────────────────────────────────

    Error Context: ..\test-results\complete-shopping-flow-Acc-10e95-ty-All-images-have-alt-text-chromium\error-context.md
]]>
</failure>
<system-out>
<![CDATA[
[[ATTACHMENT|complete-shopping-flow-Acc-10e95-ty-All-images-have-alt-text-chromium\test-failed-1.png]]

[[ATTACHMENT|complete-shopping-flow-Acc-10e95-ty-All-images-have-alt-text-chromium\video.webm]]

[[ATTACHMENT|complete-shopping-flow-Acc-10e95-ty-All-images-have-alt-text-chromium\error-context.md]]
]]>
</system-out>
</testcase>
<testcase name="Accessibility › Forms have proper labels" classname="complete-shopping-flow.spec.js" time="1.899">
</testcase>
<testcase name="Accessibility › Page has proper heading structure" classname="complete-shopping-flow.spec.js" time="2.093">
<failure message="complete-shopping-flow.spec.js:295:7 Page has proper heading structure" type="FAILURE">
<![CDATA[  [chromium] › complete-shopping-flow.spec.js:295:7 › Accessibility › Page has proper heading structure 

    Error: expect(received).toBeGreaterThanOrEqual(expected)

    Expected: >= 1
    Received:    0

      297 |     
      298 |     const h1Count = await page.locator('h1').count();
    > 299 |     expect(h1Count).toBeGreaterThanOrEqual(1);
          |                     ^
      300 |   });
      301 | });
        at C:\Users\khang\OneDrive\Documents\KTPM_DO-AN\shopluuniem\e2e-tests\complete-shopping-flow.spec.js:299:21

    attachment #1: screenshot (image/png) ──────────────────────────────────────────────────────────
    ..\test-results\complete-shopping-flow-Acc-d94df-as-proper-heading-structure-chromium\test-failed-1.png
    ────────────────────────────────────────────────────────────────────────────────────────────────

    attachment #2: video (video/webm) ──────────────────────────────────────────────────────────────
    ..\test-results\complete-shopping-flow-Acc-d94df-as-proper-heading-structure-chromium\video.webm
    ────────────────────────────────────────────────────────────────────────────────────────────────

    Error Context: ..\test-results\complete-shopping-flow-Acc-d94df-as-proper-heading-structure-chromium\error-context.md
]]>
</failure>
<system-out>
<![CDATA[
[[ATTACHMENT|complete-shopping-flow-Acc-d94df-as-proper-heading-structure-chromium\test-failed-1.png]]

[[ATTACHMENT|complete-shopping-flow-Acc-d94df-as-proper-heading-structure-chromium\video.webm]]

[[ATTACHMENT|complete-shopping-flow-Acc-d94df-as-proper-heading-structure-chromium\error-context.md]]
]]>
</system-out>
</testcase>
</testsuite>
<testsuite name="visual-regression.spec.js" timestamp="2025-12-23T17:41:52.946Z" hostname="chromium" tests="3" failures="3" skipped="0" time="7.251" errors="0">
<testcase name="Visual Regression Tests › Homepage screenshot comparison" classname="visual-regression.spec.js" time="2.377">
<failure message="visual-regression.spec.js:5:7 Homepage screenshot comparison" type="FAILURE">
<![CDATA[  [chromium] › visual-regression.spec.js:5:7 › Visual Regression Tests › Homepage screenshot comparison 

    Error: A snapshot doesn't exist at C:\Users\khang\OneDrive\Documents\KTPM_DO-AN\shopluuniem\e2e-tests\visual-regression.spec.js-snapshots\homepage-chromium-win32.png, writing actual.

       5 |   test('Homepage screenshot comparison', async ({ page }) => {
       6 |     await page.goto('/');
    >  7 |     await expect(page).toHaveScreenshot('homepage.png');
         |     ^
       8 |   });
       9 |   
      10 |   test('Product page screenshot comparison', async ({ page }) => {
        at C:\Users\khang\OneDrive\Documents\KTPM_DO-AN\shopluuniem\e2e-tests\visual-regression.spec.js:7:5

    attachment #1: homepage (image/png) ────────────────────────────────────────────────────────────
    Expected: visual-regression.spec.js-snapshots\homepage-chromium-win32.png
    Received: ..\test-results\visual-regression-Visual-R-d42b6-epage-screenshot-comparison-chromium\homepage-actual.png
    ────────────────────────────────────────────────────────────────────────────────────────────────

    attachment #2: screenshot (image/png) ──────────────────────────────────────────────────────────
    ..\test-results\visual-regression-Visual-R-d42b6-epage-screenshot-comparison-chromium\test-failed-1.png
    ────────────────────────────────────────────────────────────────────────────────────────────────

    attachment #3: video (video/webm) ──────────────────────────────────────────────────────────────
    ..\test-results\visual-regression-Visual-R-d42b6-epage-screenshot-comparison-chromium\video.webm
    ────────────────────────────────────────────────────────────────────────────────────────────────

    Error Context: ..\test-results\visual-regression-Visual-R-d42b6-epage-screenshot-comparison-chromium\error-context.md
]]>
</failure>
<system-out>
<![CDATA[
[[ATTACHMENT|..\e2e-tests\visual-regression.spec.js-snapshots\homepage-chromium-win32.png]]

[[ATTACHMENT|visual-regression-Visual-R-d42b6-epage-screenshot-comparison-chromium\homepage-actual.png]]

[[ATTACHMENT|visual-regression-Visual-R-d42b6-epage-screenshot-comparison-chromium\test-failed-1.png]]

[[ATTACHMENT|visual-regression-Visual-R-d42b6-epage-screenshot-comparison-chromium\video.webm]]

[[ATTACHMENT|visual-regression-Visual-R-d42b6-epage-screenshot-comparison-chromium\error-context.md]]
]]>
</system-out>
</testcase>
<testcase name="Visual Regression Tests › Product page screenshot comparison" classname="visual-regression.spec.js" time="2.413">
<failure message="visual-regression.spec.js:10:7 Product page screenshot comparison" type="FAILURE">
<![CDATA[  [chromium] › visual-regression.spec.js:10:7 › Visual Regression Tests › Product page screenshot comparison 

    Error: A snapshot doesn't exist at C:\Users\khang\OneDrive\Documents\KTPM_DO-AN\shopluuniem\e2e-tests\visual-regression.spec.js-snapshots\product-page-chromium-win32.png, writing actual.

      10 |   test('Product page screenshot comparison', async ({ page }) => {
      11 |     await page.goto('/detail/1');
    > 12 |     await expect(page).toHaveScreenshot('product-page.png');
         |     ^
      13 |   });
      14 |   
      15 |   test('Cart page screenshot comparison', async ({ page }) => {
        at C:\Users\khang\OneDrive\Documents\KTPM_DO-AN\shopluuniem\e2e-tests\visual-regression.spec.js:12:5

    attachment #1: product-page (image/png) ────────────────────────────────────────────────────────
    Expected: visual-regression.spec.js-snapshots\product-page-chromium-win32.png
    Received: ..\test-results\visual-regression-Visual-R-106e9--page-screenshot-comparison-chromium\product-page-actual.png
    ────────────────────────────────────────────────────────────────────────────────────────────────

    attachment #2: screenshot (image/png) ──────────────────────────────────────────────────────────
    ..\test-results\visual-regression-Visual-R-106e9--page-screenshot-comparison-chromium\test-failed-1.png
    ────────────────────────────────────────────────────────────────────────────────────────────────

    attachment #3: video (video/webm) ──────────────────────────────────────────────────────────────
    ..\test-results\visual-regression-Visual-R-106e9--page-screenshot-comparison-chromium\video.webm
    ────────────────────────────────────────────────────────────────────────────────────────────────

    Error Context: ..\test-results\visual-regression-Visual-R-106e9--page-screenshot-comparison-chromium\error-context.md
]]>
</failure>
<system-out>
<![CDATA[
[[ATTACHMENT|..\e2e-tests\visual-regression.spec.js-snapshots\product-page-chromium-win32.png]]

[[ATTACHMENT|visual-regression-Visual-R-106e9--page-screenshot-comparison-chromium\product-page-actual.png]]

[[ATTACHMENT|visual-regression-Visual-R-106e9--page-screenshot-comparison-chromium\test-failed-1.png]]

[[ATTACHMENT|visual-regression-Visual-R-106e9--page-screenshot-comparison-chromium\video.webm]]

[[ATTACHMENT|visual-regression-Visual-R-106e9--page-screenshot-comparison-chromium\error-context.md]]
]]>
</system-out>
</testcase>
<testcase name="Visual Regression Tests › Cart page screenshot comparison" classname="visual-regression.spec.js" time="2.461">
<failure message="visual-regression.spec.js:15:7 Cart page screenshot comparison" type="FAILURE">
<![CDATA[  [chromium] › visual-regression.spec.js:15:7 › Visual Regression Tests › Cart page screenshot comparison 

    Error: A snapshot doesn't exist at C:\Users\khang\OneDrive\Documents\KTPM_DO-AN\shopluuniem\e2e-tests\visual-regression.spec.js-snapshots\cart-page-chromium-win32.png, writing actual.

      15 |   test('Cart page screenshot comparison', async ({ page }) => {
      16 |     await page.goto('/cart');
    > 17 |     await expect(page).toHaveScreenshot('cart-page.png');
         |     ^
      18 |   });
      19 | });
        at C:\Users\khang\OneDrive\Documents\KTPM_DO-AN\shopluuniem\e2e-tests\visual-regression.spec.js:17:5

    attachment #1: cart-page (image/png) ───────────────────────────────────────────────────────────
    Expected: visual-regression.spec.js-snapshots\cart-page-chromium-win32.png
    Received: ..\test-results\visual-regression-Visual-R-ec7c2--page-screenshot-comparison-chromium\cart-page-actual.png
    ────────────────────────────────────────────────────────────────────────────────────────────────

    attachment #2: screenshot (image/png) ──────────────────────────────────────────────────────────
    ..\test-results\visual-regression-Visual-R-ec7c2--page-screenshot-comparison-chromium\test-failed-1.png
    ────────────────────────────────────────────────────────────────────────────────────────────────

    attachment #3: video (video/webm) ──────────────────────────────────────────────────────────────
    ..\test-results\visual-regression-Visual-R-ec7c2--page-screenshot-comparison-chromium\video.webm
    ────────────────────────────────────────────────────────────────────────────────────────────────

    Error Context: ..\test-results\visual-regression-Visual-R-ec7c2--page-screenshot-comparison-chromium\error-context.md
]]>
</failure>
<system-out>
<![CDATA[
[[ATTACHMENT|..\e2e-tests\visual-regression.spec.js-snapshots\cart-page-chromium-win32.png]]

[[ATTACHMENT|visual-regression-Visual-R-ec7c2--page-screenshot-comparison-chromium\cart-page-actual.png]]

[[ATTACHMENT|visual-regression-Visual-R-ec7c2--page-screenshot-comparison-chromium\test-failed-1.png]]

[[ATTACHMENT|visual-regression-Visual-R-ec7c2--page-screenshot-comparison-chromium\video.webm]]

[[ATTACHMENT|visual-regression-Visual-R-ec7c2--page-screenshot-comparison-chromium\error-context.md]]
]]>
</system-out>
</testcase>
</testsuite>
<testsuite name="api-integration.spec.js" timestamp="2025-12-23T17:41:52.946Z" hostname="firefox" tests="3" failures="3" skipped="0" time="1.211" errors="0">
<testcase name="API Integration Tests › API returns correct product data" classname="api-integration.spec.js" time="0.377">
<failure message="api-integration.spec.js:6:7 API returns correct product data" type="FAILURE">
<![CDATA[  [firefox] › api-integration.spec.js:6:7 › API Integration Tests › API returns correct product data 

    Error: apiRequestContext.get: connect ECONNREFUSED ::1:8000
    Call log:
      - → GET http://localhost:8000/api/Product
        - user-agent: Mozilla/5.0 (Windows NT 10.0; Win64; x64; rv:144.0.2) Gecko/20100101 Firefox/144.0.2
        - accept: */*
        - accept-encoding: gzip,deflate,br

        at apiRequestContext.get: connect ECONNREFUSED ::1:8000
        at C:\Users\khang\OneDrive\Documents\KTPM_DO-AN\shopluuniem\e2e-tests\api-integration.spec.js:7:36
]]>
</failure>
</testcase>
<testcase name="API Integration Tests › API handles authentication" classname="api-integration.spec.js" time="0.431">
<failure message="api-integration.spec.js:15:7 API handles authentication" type="FAILURE">
<![CDATA[  [firefox] › api-integration.spec.js:15:7 › API Integration Tests › API handles authentication ────

    Error: apiRequestContext.post: connect ECONNREFUSED ::1:8000
    Call log:
      - → POST http://localhost:8000/api/admin/user/login
        - user-agent: Mozilla/5.0 (Windows NT 10.0; Win64; x64; rv:144.0.2) Gecko/20100101 Firefox/144.0.2
        - accept: */*
        - accept-encoding: gzip,deflate,br
        - content-type: application/json
        - content-length: 44

        at apiRequestContext.post: connect ECONNREFUSED ::1:8000
        at C:\Users\khang\OneDrive\Documents\KTPM_DO-AN\shopluuniem\e2e-tests\api-integration.spec.js:16:36
]]>
</failure>
</testcase>
<testcase name="API Integration Tests › API protects admin endpoints" classname="api-integration.spec.js" time="0.403">
<failure message="api-integration.spec.js:28:7 API protects admin endpoints" type="FAILURE">
<![CDATA[  [firefox] › api-integration.spec.js:28:7 › API Integration Tests › API protects admin endpoints ──

    Error: apiRequestContext.get: connect ECONNREFUSED ::1:8000
    Call log:
      - → GET http://localhost:8000/api/admin/user
        - user-agent: Mozilla/5.0 (Windows NT 10.0; Win64; x64; rv:144.0.2) Gecko/20100101 Firefox/144.0.2
        - accept: */*
        - accept-encoding: gzip,deflate,br

        at apiRequestContext.get: connect ECONNREFUSED ::1:8000
        at C:\Users\khang\OneDrive\Documents\KTPM_DO-AN\shopluuniem\e2e-tests\api-integration.spec.js:29:36
]]>
</failure>
</testcase>
</testsuite>
<testsuite name="complete-shopping-flow.spec.js" timestamp="2025-12-23T17:41:52.946Z" hostname="firefox" tests="17" failures="15" skipped="0" time="159.602" errors="0">
<testcase name="Complete Shopping Flow › User can browse, add to cart, and checkout" classname="complete-shopping-flow.spec.js" time="8.747">
<failure message="complete-shopping-flow.spec.js:5:7 User can browse, add to cart, and checkout" type="FAILURE">
<![CDATA[  [firefox] › complete-shopping-flow.spec.js:5:7 › Complete Shopping Flow › User can browse, add to cart, and checkout 

    Error: expect(page).toHaveTitle(expected) failed

    Expected pattern: /Shop/i
    Received string:  "React App"
    Timeout: 5000ms

    Call log:
      - Expect "toHaveTitle" with timeout 5000ms
        8 × unexpected value "React App"


       6 |     // Step 1: Visit homepage
       7 |     await page.goto('/');
    >  8 |     await expect(page).toHaveTitle(/Shop/i);
         |                        ^
       9 |     
      10 |     // Step 2: Navigate to shop page
      11 |     await page.click('a[href*="shop"]');
        at C:\Users\khang\OneDrive\Documents\KTPM_DO-AN\shopluuniem\e2e-tests\complete-shopping-flow.spec.js:8:24

    attachment #1: screenshot (image/png) ──────────────────────────────────────────────────────────
    ..\test-results\complete-shopping-flow-Com-a2b3f-se-add-to-cart-and-checkout-firefox\test-failed-1.png
    ────────────────────────────────────────────────────────────────────────────────────────────────

    attachment #2: video (video/webm) ──────────────────────────────────────────────────────────────
    ..\test-results\complete-shopping-flow-Com-a2b3f-se-add-to-cart-and-checkout-firefox\video.webm
    ────────────────────────────────────────────────────────────────────────────────────────────────

    Error Context: ..\test-results\complete-shopping-flow-Com-a2b3f-se-add-to-cart-and-checkout-firefox\error-context.md
]]>
</failure>
<system-out>
<![CDATA[
[[ATTACHMENT|complete-shopping-flow-Com-a2b3f-se-add-to-cart-and-checkout-firefox\test-failed-1.png]]

[[ATTACHMENT|complete-shopping-flow-Com-a2b3f-se-add-to-cart-and-checkout-firefox\video.webm]]

[[ATTACHMENT|complete-shopping-flow-Com-a2b3f-se-add-to-cart-and-checkout-firefox\error-context.md]]
]]>
</system-out>
</testcase>
<testcase name="Complete Shopping Flow › User can search for products" classname="complete-shopping-flow.spec.js" time="10.646">
<failure message="complete-shopping-flow.spec.js:90:7 User can search for products" type="FAILURE">
<![CDATA[  [firefox] › complete-shopping-flow.spec.js:90:7 › Complete Shopping Flow › User can search for products 

    Error: expect(locator).toBeVisible() failed

    Locator:  locator('.product, [class*="product"]').first()
    Expected: visible
    Received: hidden
    Timeout:  5000ms

    Call log:
      - Expect "toBeVisible" with timeout 5000ms
      - waiting for locator('.product, [class*="product"]').first()
        8 × locator resolved to <ul class="minicart-product-list"></ul>
          - unexpected value "hidden"


       99 |     await page.waitForURL(/search/);
      100 |     const products = page.locator('.product, [class*="product"]');
    > 101 |     await expect(products.first()).toBeVisible();
          |                                    ^
      102 |   });
      103 |   
      104 |   test('User can view order history', async ({ page }) => {
        at C:\Users\khang\OneDrive\Documents\KTPM_DO-AN\shopluuniem\e2e-tests\complete-shopping-flow.spec.js:101:36

    attachment #1: screenshot (image/png) ──────────────────────────────────────────────────────────
    ..\test-results\complete-shopping-flow-Com-a255f-ser-can-search-for-products-firefox\test-failed-1.png
    ────────────────────────────────────────────────────────────────────────────────────────────────

    attachment #2: video (video/webm) ──────────────────────────────────────────────────────────────
    ..\test-results\complete-shopping-flow-Com-a255f-ser-can-search-for-products-firefox\video.webm
    ────────────────────────────────────────────────────────────────────────────────────────────────

    Error Context: ..\test-results\complete-shopping-flow-Com-a255f-ser-can-search-for-products-firefox\error-context.md
]]>
</failure>
<system-out>
<![CDATA[
[[ATTACHMENT|complete-shopping-flow-Com-a255f-ser-can-search-for-products-firefox\test-failed-1.png]]

[[ATTACHMENT|complete-shopping-flow-Com-a255f-ser-can-search-for-products-firefox\video.webm]]

[[ATTACHMENT|complete-shopping-flow-Com-a255f-ser-can-search-for-products-firefox\error-context.md]]
]]>
</system-out>
</testcase>
<testcase name="Complete Shopping Flow › User can view order history" classname="complete-shopping-flow.spec.js" time="12.25">
<failure message="complete-shopping-flow.spec.js:104:7 User can view order history" type="FAILURE">
<![CDATA[  [firefox] › complete-shopping-flow.spec.js:104:7 › Complete Shopping Flow › User can view order history 

    Error: expect(locator).toBeVisible() failed

    Locator: locator('table tbody tr, .order-item').first()
    Expected: visible
    Timeout: 5000ms
    Error: element(s) not found

    Call log:
      - Expect "toBeVisible" with timeout 5000ms
      - waiting for locator('table tbody tr, .order-item').first()


      116 |     // Verify orders are displayed
      117 |     const orders = page.locator('table tbody tr, .order-item');
    > 118 |     await expect(orders.first()).toBeVisible({ timeout: 5000 });
          |                                  ^
      119 |   });
      120 | });
      121 |
        at C:\Users\khang\OneDrive\Documents\KTPM_DO-AN\shopluuniem\e2e-tests\complete-shopping-flow.spec.js:118:34

    attachment #1: screenshot (image/png) ──────────────────────────────────────────────────────────
    ..\test-results\complete-shopping-flow-Com-57aa7-User-can-view-order-history-firefox\test-failed-1.png
    ────────────────────────────────────────────────────────────────────────────────────────────────

    attachment #2: video (video/webm) ──────────────────────────────────────────────────────────────
    ..\test-results\complete-shopping-flow-Com-57aa7-User-can-view-order-history-firefox\video.webm
    ────────────────────────────────────────────────────────────────────────────────────────────────

    Error Context: ..\test-results\complete-shopping-flow-Com-57aa7-User-can-view-order-history-firefox\error-context.md
]]>
</failure>
<system-out>
<![CDATA[
[[ATTACHMENT|complete-shopping-flow-Com-57aa7-User-can-view-order-history-firefox\test-failed-1.png]]

[[ATTACHMENT|complete-shopping-flow-Com-57aa7-User-can-view-order-history-firefox\video.webm]]

[[ATTACHMENT|complete-shopping-flow-Com-57aa7-User-can-view-order-history-firefox\error-context.md]]
]]>
</system-out>
</testcase>
<testcase name="User Authentication › User can register" classname="complete-shopping-flow.spec.js" time="13.418">
<failure message="complete-shopping-flow.spec.js:124:7 User can register" type="FAILURE">
<![CDATA[  [firefox] › complete-shopping-flow.spec.js:124:7 › User Authentication › User can register ───────

    Error: expect(locator).toBeVisible() failed

    Locator: locator('text=thành công, text=success')
    Expected: visible
    Timeout: 5000ms
    Error: element(s) not found

    Call log:
      - Expect "toBeVisible" with timeout 5000ms
      - waiting for locator('text=thành công, text=success')


      135 |     
      136 |     // Verify success message
    > 137 |     await expect(page.locator('text=thành công, text=success')).toBeVisible();
          |                                                                 ^
      138 |   });
      139 |   
      140 |   test('User can login', async ({ page }) => {
        at C:\Users\khang\OneDrive\Documents\KTPM_DO-AN\shopluuniem\e2e-tests\complete-shopping-flow.spec.js:137:65

    attachment #1: screenshot (image/png) ──────────────────────────────────────────────────────────
    ..\test-results\complete-shopping-flow-User-Authentication-User-can-register-firefox\test-failed-1.png
    ────────────────────────────────────────────────────────────────────────────────────────────────

    attachment #2: video (video/webm) ──────────────────────────────────────────────────────────────
    ..\test-results\complete-shopping-flow-User-Authentication-User-can-register-firefox\video.webm
    ────────────────────────────────────────────────────────────────────────────────────────────────

    Error Context: ..\test-results\complete-shopping-flow-User-Authentication-User-can-register-firefox\error-context.md
]]>
</failure>
<system-out>
<![CDATA[
[[ATTACHMENT|complete-shopping-flow-User-Authentication-User-can-register-firefox\test-failed-1.png]]

[[ATTACHMENT|complete-shopping-flow-User-Authentication-User-can-register-firefox\video.webm]]

[[ATTACHMENT|complete-shopping-flow-User-Authentication-User-can-register-firefox\error-context.md]]
]]>
</system-out>
</testcase>
<testcase name="User Authentication › User can login" classname="complete-shopping-flow.spec.js" time="7.6">
</testcase>
<testcase name="User Authentication › User cannot login with wrong credentials" classname="complete-shopping-flow.spec.js" time="13.619">
<failure message="complete-shopping-flow.spec.js:151:7 User cannot login with wrong credentials" type="FAILURE">
<![CDATA[  [firefox] › complete-shopping-flow.spec.js:151:7 › User Authentication › User cannot login with wrong credentials 

    Error: expect(locator).toBeVisible() failed

    Locator: locator('text=Wrong, text=Sai')
    Expected: visible
    Timeout: 5000ms
    Error: element(s) not found

    Call log:
      - Expect "toBeVisible" with timeout 5000ms
      - waiting for locator('text=Wrong, text=Sai')


      157 |     
      158 |     // Should show error
    > 159 |     await expect(page.locator('text=Wrong, text=Sai')).toBeVisible();
          |                                                        ^
      160 |   });
      161 | });
      162 |
        at C:\Users\khang\OneDrive\Documents\KTPM_DO-AN\shopluuniem\e2e-tests\complete-shopping-flow.spec.js:159:56

    attachment #1: screenshot (image/png) ──────────────────────────────────────────────────────────
    ..\test-results\complete-shopping-flow-Use-19755-ogin-with-wrong-credentials-firefox\test-failed-1.png
    ────────────────────────────────────────────────────────────────────────────────────────────────

    attachment #2: video (video/webm) ──────────────────────────────────────────────────────────────
    ..\test-results\complete-shopping-flow-Use-19755-ogin-with-wrong-credentials-firefox\video.webm
    ────────────────────────────────────────────────────────────────────────────────────────────────

    Error Context: ..\test-results\complete-shopping-flow-Use-19755-ogin-with-wrong-credentials-firefox\error-context.md
]]>
</failure>
<system-out>
<![CDATA[
[[ATTACHMENT|complete-shopping-flow-Use-19755-ogin-with-wrong-credentials-firefox\test-failed-1.png]]

[[ATTACHMENT|complete-shopping-flow-Use-19755-ogin-with-wrong-credentials-firefox\video.webm]]

[[ATTACHMENT|complete-shopping-flow-Use-19755-ogin-with-wrong-credentials-firefox\error-context.md]]
]]>
</system-out>
</testcase>
<testcase name="Admin Panel › Admin can view user list" classname="complete-shopping-flow.spec.js" time="5.655">
<failure message="complete-shopping-flow.spec.js:174:7 Admin can view user list" type="FAILURE">
<![CDATA[  [firefox] › complete-shopping-flow.spec.js:174:7 › Admin Panel › Admin can view user list ────────

    Error: page.goto: NS_ERROR_CONNECTION_REFUSED
    Call log:
      - navigating to "http://localhost:3001/signin", waiting until "load"


      165 |   test.beforeEach(async ({ page }) => {
      166 |     // Admin login
    > 167 |     await page.goto('http://localhost:3001/signin');
          |                ^
      168 |     await page.fill('input[placeholder*="Username"]', 'admin');
      169 |     await page.fill('input[type="password"]', 'admin123');
      170 |     await page.click('button[type="submit"]');
        at C:\Users\khang\OneDrive\Documents\KTPM_DO-AN\shopluuniem\e2e-tests\complete-shopping-flow.spec.js:167:16

    attachment #1: screenshot (image/png) ──────────────────────────────────────────────────────────
    ..\test-results\complete-shopping-flow-Admin-Panel-Admin-can-view-user-list-firefox\test-failed-1.png
    ────────────────────────────────────────────────────────────────────────────────────────────────

    attachment #2: video (video/webm) ──────────────────────────────────────────────────────────────
    ..\test-results\complete-shopping-flow-Admin-Panel-Admin-can-view-user-list-firefox\video.webm
    ────────────────────────────────────────────────────────────────────────────────────────────────

    Error Context: ..\test-results\complete-shopping-flow-Admin-Panel-Admin-can-view-user-list-firefox\error-context.md
]]>
</failure>
<system-out>
<![CDATA[
[[ATTACHMENT|complete-shopping-flow-Admin-Panel-Admin-can-view-user-list-firefox\test-failed-1.png]]

[[ATTACHMENT|complete-shopping-flow-Admin-Panel-Admin-can-view-user-list-firefox\video.webm]]

[[ATTACHMENT|complete-shopping-flow-Admin-Panel-Admin-can-view-user-list-firefox\error-context.md]]
]]>
</system-out>
</testcase>
<testcase name="Admin Panel › Admin can create new user" classname="complete-shopping-flow.spec.js" time="7.167">
<failure message="complete-shopping-flow.spec.js:181:7 Admin can create new user" type="FAILURE">
<![CDATA[  [firefox] › complete-shopping-flow.spec.js:181:7 › Admin Panel › Admin can create new user ───────

    Error: page.goto: NS_ERROR_CONNECTION_REFUSED
    Call log:
      - navigating to "http://localhost:3001/signin", waiting until "load"


      165 |   test.beforeEach(async ({ page }) => {
      166 |     // Admin login
    > 167 |     await page.goto('http://localhost:3001/signin');
          |                ^
      168 |     await page.fill('input[placeholder*="Username"]', 'admin');
      169 |     await page.fill('input[type="password"]', 'admin123');
      170 |     await page.click('button[type="submit"]');
        at C:\Users\khang\OneDrive\Documents\KTPM_DO-AN\shopluuniem\e2e-tests\complete-shopping-flow.spec.js:167:16

    attachment #1: screenshot (image/png) ──────────────────────────────────────────────────────────
    ..\test-results\complete-shopping-flow-Admin-Panel-Admin-can-create-new-user-firefox\test-failed-1.png
    ────────────────────────────────────────────────────────────────────────────────────────────────

    attachment #2: video (video/webm) ──────────────────────────────────────────────────────────────
    ..\test-results\complete-shopping-flow-Admin-Panel-Admin-can-create-new-user-firefox\video.webm
    ────────────────────────────────────────────────────────────────────────────────────────────────

    Error Context: ..\test-results\complete-shopping-flow-Admin-Panel-Admin-can-create-new-user-firefox\error-context.md
]]>
</failure>
<system-out>
<![CDATA[
[[ATTACHMENT|complete-shopping-flow-Admin-Panel-Admin-can-create-new-user-firefox\test-failed-1.png]]

[[ATTACHMENT|complete-shopping-flow-Admin-Panel-Admin-can-create-new-user-firefox\video.webm]]

[[ATTACHMENT|complete-shopping-flow-Admin-Panel-Admin-can-create-new-user-firefox\error-context.md]]
]]>
</system-out>
</testcase>
<testcase name="Admin Panel › Admin can view products" classname="complete-shopping-flow.spec.js" time="6.916">
<failure message="complete-shopping-flow.spec.js:197:7 Admin can view products" type="FAILURE">
<![CDATA[  [firefox] › complete-shopping-flow.spec.js:197:7 › Admin Panel › Admin can view products ─────────

    Error: page.goto: NS_ERROR_CONNECTION_REFUSED
    Call log:
      - navigating to "http://localhost:3001/signin", waiting until "load"


      165 |   test.beforeEach(async ({ page }) => {
      166 |     // Admin login
    > 167 |     await page.goto('http://localhost:3001/signin');
          |                ^
      168 |     await page.fill('input[placeholder*="Username"]', 'admin');
      169 |     await page.fill('input[type="password"]', 'admin123');
      170 |     await page.click('button[type="submit"]');
        at C:\Users\khang\OneDrive\Documents\KTPM_DO-AN\shopluuniem\e2e-tests\complete-shopping-flow.spec.js:167:16

    attachment #1: screenshot (image/png) ──────────────────────────────────────────────────────────
    ..\test-results\complete-shopping-flow-Admin-Panel-Admin-can-view-products-firefox\test-failed-1.png
    ────────────────────────────────────────────────────────────────────────────────────────────────

    attachment #2: video (video/webm) ──────────────────────────────────────────────────────────────
    ..\test-results\complete-shopping-flow-Admin-Panel-Admin-can-view-products-firefox\video.webm
    ────────────────────────────────────────────────────────────────────────────────────────────────

    Error Context: ..\test-results\complete-shopping-flow-Admin-Panel-Admin-can-view-products-firefox\error-context.md
]]>
</failure>
<system-out>
<![CDATA[
[[ATTACHMENT|complete-shopping-flow-Admin-Panel-Admin-can-view-products-firefox\test-failed-1.png]]

[[ATTACHMENT|complete-shopping-flow-Admin-Panel-Admin-can-view-products-firefox\video.webm]]

[[ATTACHMENT|complete-shopping-flow-Admin-Panel-Admin-can-view-products-firefox\error-context.md]]
]]>
</system-out>
</testcase>
<testcase name="Admin Panel › Admin can view orders" classname="complete-shopping-flow.spec.js" time="4.149">
<failure message="complete-shopping-flow.spec.js:204:7 Admin can view orders" type="FAILURE">
<![CDATA[  [firefox] › complete-shopping-flow.spec.js:204:7 › Admin Panel › Admin can view orders ───────────

    Error: page.goto: NS_ERROR_CONNECTION_REFUSED
    Call log:
      - navigating to "http://localhost:3001/signin", waiting until "load"


      165 |   test.beforeEach(async ({ page }) => {
      166 |     // Admin login
    > 167 |     await page.goto('http://localhost:3001/signin');
          |                ^
      168 |     await page.fill('input[placeholder*="Username"]', 'admin');
      169 |     await page.fill('input[type="password"]', 'admin123');
      170 |     await page.click('button[type="submit"]');
        at C:\Users\khang\OneDrive\Documents\KTPM_DO-AN\shopluuniem\e2e-tests\complete-shopping-flow.spec.js:167:16

    attachment #1: screenshot (image/png) ──────────────────────────────────────────────────────────
    ..\test-results\complete-shopping-flow-Admin-Panel-Admin-can-view-orders-firefox\test-failed-1.png
    ────────────────────────────────────────────────────────────────────────────────────────────────

    attachment #2: video (video/webm) ──────────────────────────────────────────────────────────────
    ..\test-results\complete-shopping-flow-Admin-Panel-Admin-can-view-orders-firefox\video.webm
    ────────────────────────────────────────────────────────────────────────────────────────────────

    Error Context: ..\test-results\complete-shopping-flow-Admin-Panel-Admin-can-view-orders-firefox\error-context.md
]]>
</failure>
<system-out>
<![CDATA[
[[ATTACHMENT|complete-shopping-flow-Admin-Panel-Admin-can-view-orders-firefox\test-failed-1.png]]

[[ATTACHMENT|complete-shopping-flow-Admin-Panel-Admin-can-view-orders-firefox\video.webm]]

[[ATTACHMENT|complete-shopping-flow-Admin-Panel-Admin-can-view-orders-firefox\error-context.md]]
]]>
</system-out>
</testcase>
<testcase name="Responsive Design › Mobile - Shopping flow works on mobile" classname="complete-shopping-flow.spec.js" time="30.289">
<failure message="complete-shopping-flow.spec.js:214:7 Mobile - Shopping flow works on mobile" type="FAILURE">
<![CDATA[  [firefox] › complete-shopping-flow.spec.js:214:7 › Responsive Design › Mobile - Shopping flow works on mobile 

    Test timeout of 30000ms exceeded.

    Error: locator.click: Test timeout of 30000ms exceeded.
    Call log:
      - waiting for locator('.product, [class*="product"]').first()
        - locator resolved to <ul class="minicart-product-list"></ul>
      - attempting click action
        2 × waiting for element to be visible, enabled and stable
          - element is not visible
        - retrying click action
        - waiting 20ms
        2 × waiting for element to be visible, enabled and stable
          - element is not visible
        - retrying click action
          - waiting 100ms
        48 × waiting for element to be visible, enabled and stable
           - element is not visible
         - retrying click action
           - waiting 500ms


      229 |     // Click product
      230 |     const products = page.locator('.product, [class*="product"]');
    > 231 |     await products.first().click();
          |                            ^
      232 |     
      233 |     // Add to cart
      234 |     await page.click('text=Add to cart');
        at C:\Users\khang\OneDrive\Documents\KTPM_DO-AN\shopluuniem\e2e-tests\complete-shopping-flow.spec.js:231:28

    attachment #1: screenshot (image/png) ──────────────────────────────────────────────────────────
    ..\test-results\complete-shopping-flow-Res-ec642-opping-flow-works-on-mobile-firefox\test-failed-1.png
    ────────────────────────────────────────────────────────────────────────────────────────────────

    attachment #2: video (video/webm) ──────────────────────────────────────────────────────────────
    ..\test-results\complete-shopping-flow-Res-ec642-opping-flow-works-on-mobile-firefox\video.webm
    ────────────────────────────────────────────────────────────────────────────────────────────────

    Error Context: ..\test-results\complete-shopping-flow-Res-ec642-opping-flow-works-on-mobile-firefox\error-context.md
]]>
</failure>
<system-out>
<![CDATA[
[[ATTACHMENT|complete-shopping-flow-Res-ec642-opping-flow-works-on-mobile-firefox\test-failed-1.png]]

[[ATTACHMENT|complete-shopping-flow-Res-ec642-opping-flow-works-on-mobile-firefox\video.webm]]

[[ATTACHMENT|complete-shopping-flow-Res-ec642-opping-flow-works-on-mobile-firefox\error-context.md]]
]]>
</system-out>
</testcase>
<testcase name="Responsive Design › Tablet - Layout adjusts correctly" classname="complete-shopping-flow.spec.js" time="3.697">
<failure message="complete-shopping-flow.spec.js:238:7 Tablet - Layout adjusts correctly" type="FAILURE">
<![CDATA[  [firefox] › complete-shopping-flow.spec.js:238:7 › Responsive Design › Tablet - Layout adjusts correctly 

    Error: locator.boundingBox: Error: strict mode violation: locator('.container') resolved to 4 elements:
        1) <div class="container">…</div> aka locator('div').nth(3)
        2) <div class="container pb_header">…</div> aka locator('div').filter({ hasText: '0 VNĐ0SUBTOTAL: 0 VNĐView' }).nth(3)
        ...

    Call log:
      - waiting for locator('.container')


      243 |     // Check if layout is responsive
      244 |     const container = page.locator('.container');
    > 245 |     const boundingBox = await container.boundingBox();
          |                                         ^
      246 |     
      247 |     expect(boundingBox.width).toBeLessThanOrEqual(768);
      248 |   });
        at C:\Users\khang\OneDrive\Documents\KTPM_DO-AN\shopluuniem\e2e-tests\complete-shopping-flow.spec.js:245:41

    attachment #1: screenshot (image/png) ──────────────────────────────────────────────────────────
    ..\test-results\complete-shopping-flow-Res-4a092----Layout-adjusts-correctly-firefox\test-failed-1.png
    ────────────────────────────────────────────────────────────────────────────────────────────────

    attachment #2: video (video/webm) ──────────────────────────────────────────────────────────────
    ..\test-results\complete-shopping-flow-Res-4a092----Layout-adjusts-correctly-firefox\video.webm
    ────────────────────────────────────────────────────────────────────────────────────────────────

    Error Context: ..\test-results\complete-shopping-flow-Res-4a092----Layout-adjusts-correctly-firefox\error-context.md
]]>
</failure>
<system-out>
<![CDATA[
[[ATTACHMENT|complete-shopping-flow-Res-4a092----Layout-adjusts-correctly-firefox\test-failed-1.png]]

[[ATTACHMENT|complete-shopping-flow-Res-4a092----Layout-adjusts-correctly-firefox\video.webm]]

[[ATTACHMENT|complete-shopping-flow-Res-4a092----Layout-adjusts-correctly-firefox\error-context.md]]
]]>
</system-out>
</testcase>
<testcase name="Performance › Homepage loads within 3 seconds" classname="complete-shopping-flow.spec.js" time="10.4">
<failure message="complete-shopping-flow.spec.js:253:7 Homepage loads within 3 seconds" type="FAILURE">
<![CDATA[  [firefox] › complete-shopping-flow.spec.js:253:7 › Performance › Homepage loads within 3 seconds ─

    Error: expect(received).toBeLessThan(expected)

    Expected: < 3000
    Received:   7530

      256 |     const loadTime = Date.now() - startTime;
      257 |     
    > 258 |     expect(loadTime).toBeLessThan(3000);
          |                      ^
      259 |   });
      260 |   
      261 |   test('Product page loads within 2 seconds', async ({ page }) => {
        at C:\Users\khang\OneDrive\Documents\KTPM_DO-AN\shopluuniem\e2e-tests\complete-shopping-flow.spec.js:258:22

    attachment #1: screenshot (image/png) ──────────────────────────────────────────────────────────
    ..\test-results\complete-shopping-flow-Per-cb68b-page-loads-within-3-seconds-firefox\test-failed-1.png
    ────────────────────────────────────────────────────────────────────────────────────────────────

    attachment #2: video (video/webm) ──────────────────────────────────────────────────────────────
    ..\test-results\complete-shopping-flow-Per-cb68b-page-loads-within-3-seconds-firefox\video.webm
    ────────────────────────────────────────────────────────────────────────────────────────────────

    Error Context: ..\test-results\complete-shopping-flow-Per-cb68b-page-loads-within-3-seconds-firefox\error-context.md
]]>
</failure>
<system-out>
<![CDATA[
[[ATTACHMENT|complete-shopping-flow-Per-cb68b-page-loads-within-3-seconds-firefox\test-failed-1.png]]

[[ATTACHMENT|complete-shopping-flow-Per-cb68b-page-loads-within-3-seconds-firefox\video.webm]]

[[ATTACHMENT|complete-shopping-flow-Per-cb68b-page-loads-within-3-seconds-firefox\error-context.md]]
]]>
</system-out>
</testcase>
<testcase name="Performance › Product page loads within 2 seconds" classname="complete-shopping-flow.spec.js" time="9.79">
<failure message="complete-shopping-flow.spec.js:261:7 Product page loads within 2 seconds" type="FAILURE">
<![CDATA[  [firefox] › complete-shopping-flow.spec.js:261:7 › Performance › Product page loads within 2 seconds 

    Error: expect(received).toBeLessThan(expected)

    Expected: < 2000
    Received:   7025

      264 |     const loadTime = Date.now() - startTime;
      265 |     
    > 266 |     expect(loadTime).toBeLessThan(2000);
          |                      ^
      267 |   });
      268 | });
      269 |
        at C:\Users\khang\OneDrive\Documents\KTPM_DO-AN\shopluuniem\e2e-tests\complete-shopping-flow.spec.js:266:22

    attachment #1: screenshot (image/png) ──────────────────────────────────────────────────────────
    ..\test-results\complete-shopping-flow-Per-11b79-page-loads-within-2-seconds-firefox\test-failed-1.png
    ────────────────────────────────────────────────────────────────────────────────────────────────

    attachment #2: video (video/webm) ──────────────────────────────────────────────────────────────
    ..\test-results\complete-shopping-flow-Per-11b79-page-loads-within-2-seconds-firefox\video.webm
    ────────────────────────────────────────────────────────────────────────────────────────────────

    Error Context: ..\test-results\complete-shopping-flow-Per-11b79-page-loads-within-2-seconds-firefox\error-context.md
]]>
</failure>
<system-out>
<![CDATA[
[[ATTACHMENT|complete-shopping-flow-Per-11b79-page-loads-within-2-seconds-firefox\test-failed-1.png]]

[[ATTACHMENT|complete-shopping-flow-Per-11b79-page-loads-within-2-seconds-firefox\video.webm]]

[[ATTACHMENT|complete-shopping-flow-Per-11b79-page-loads-within-2-seconds-firefox\error-context.md]]
]]>
</system-out>
</testcase>
<testcase name="Accessibility › All images have alt text" classname="complete-shopping-flow.spec.js" time="5.31">
<failure message="complete-shopping-flow.spec.js:272:7 All images have alt text" type="FAILURE">
<![CDATA[  [firefox] › complete-shopping-flow.spec.js:272:7 › Accessibility › All images have alt text ──────

    Error: expect(received).toBe(expected) // Object.is equality

    Expected: 0
    Received: 1

      274 |     
      275 |     const imagesWithoutAlt = await page.locator('img:not([alt])').count();
    > 276 |     expect(imagesWithoutAlt).toBe(0);
          |                              ^
      277 |   });
      278 |   
      279 |   test('Forms have proper labels', async ({ page }) => {
        at C:\Users\khang\OneDrive\Documents\KTPM_DO-AN\shopluuniem\e2e-tests\complete-shopping-flow.spec.js:276:30

    attachment #1: screenshot (image/png) ──────────────────────────────────────────────────────────
    ..\test-results\complete-shopping-flow-Acc-10e95-ty-All-images-have-alt-text-firefox\test-failed-1.png
    ────────────────────────────────────────────────────────────────────────────────────────────────

    attachment #2: video (video/webm) ──────────────────────────────────────────────────────────────
    ..\test-results\complete-shopping-flow-Acc-10e95-ty-All-images-have-alt-text-firefox\video.webm
    ────────────────────────────────────────────────────────────────────────────────────────────────

    Error Context: ..\test-results\complete-shopping-flow-Acc-10e95-ty-All-images-have-alt-text-firefox\error-context.md
]]>
</failure>
<system-out>
<![CDATA[
[[ATTACHMENT|complete-shopping-flow-Acc-10e95-ty-All-images-have-alt-text-firefox\test-failed-1.png]]

[[ATTACHMENT|complete-shopping-flow-Acc-10e95-ty-All-images-have-alt-text-firefox\video.webm]]

[[ATTACHMENT|complete-shopping-flow-Acc-10e95-ty-All-images-have-alt-text-firefox\error-context.md]]
]]>
</system-out>
</testcase>
<testcase name="Accessibility › Forms have proper labels" classname="complete-shopping-flow.spec.js" time="5.02">
</testcase>
<testcase name="Accessibility › Page has proper heading structure" classname="complete-shopping-flow.spec.js" time="4.929">
<failure message="complete-shopping-flow.spec.js:295:7 Page has proper heading structure" type="FAILURE">
<![CDATA[  [firefox] › complete-shopping-flow.spec.js:295:7 › Accessibility › Page has proper heading structure 

    Error: expect(received).toBeGreaterThanOrEqual(expected)

    Expected: >= 1
    Received:    0

      297 |     
      298 |     const h1Count = await page.locator('h1').count();
    > 299 |     expect(h1Count).toBeGreaterThanOrEqual(1);
          |                     ^
      300 |   });
      301 | });
        at C:\Users\khang\OneDrive\Documents\KTPM_DO-AN\shopluuniem\e2e-tests\complete-shopping-flow.spec.js:299:21

    attachment #1: screenshot (image/png) ──────────────────────────────────────────────────────────
    ..\test-results\complete-shopping-flow-Acc-d94df-as-proper-heading-structure-firefox\test-failed-1.png
    ────────────────────────────────────────────────────────────────────────────────────────────────

    attachment #2: video (video/webm) ──────────────────────────────────────────────────────────────
    ..\test-results\complete-shopping-flow-Acc-d94df-as-proper-heading-structure-firefox\video.webm
    ────────────────────────────────────────────────────────────────────────────────────────────────

    Error Context: ..\test-results\complete-shopping-flow-Acc-d94df-as-proper-heading-structure-firefox\error-context.md
]]>
</failure>
<system-out>
<![CDATA[
[[ATTACHMENT|complete-shopping-flow-Acc-d94df-as-proper-heading-structure-firefox\test-failed-1.png]]

[[ATTACHMENT|complete-shopping-flow-Acc-d94df-as-proper-heading-structure-firefox\video.webm]]

[[ATTACHMENT|complete-shopping-flow-Acc-d94df-as-proper-heading-structure-firefox\error-context.md]]
]]>
</system-out>
</testcase>
</testsuite>
<testsuite name="visual-regression.spec.js" timestamp="2025-12-23T17:41:52.946Z" hostname="firefox" tests="3" failures="3" skipped="0" time="18.684" errors="0">
<testcase name="Visual Regression Tests › Homepage screenshot comparison" classname="visual-regression.spec.js" time="7.277">
<failure message="visual-regression.spec.js:5:7 Homepage screenshot comparison" type="FAILURE">
<![CDATA[  [firefox] › visual-regression.spec.js:5:7 › Visual Regression Tests › Homepage screenshot comparison 

    Error: A snapshot doesn't exist at C:\Users\khang\OneDrive\Documents\KTPM_DO-AN\shopluuniem\e2e-tests\visual-regression.spec.js-snapshots\homepage-firefox-win32.png, writing actual.

       5 |   test('Homepage screenshot comparison', async ({ page }) => {
       6 |     await page.goto('/');
    >  7 |     await expect(page).toHaveScreenshot('homepage.png');
         |     ^
       8 |   });
       9 |   
      10 |   test('Product page screenshot comparison', async ({ page }) => {
        at C:\Users\khang\OneDrive\Documents\KTPM_DO-AN\shopluuniem\e2e-tests\visual-regression.spec.js:7:5

    attachment #1: homepage (image/png) ────────────────────────────────────────────────────────────
    Expected: visual-regression.spec.js-snapshots\homepage-firefox-win32.png
    Received: ..\test-results\visual-regression-Visual-R-d42b6-epage-screenshot-comparison-firefox\homepage-actual.png
    ────────────────────────────────────────────────────────────────────────────────────────────────

    attachment #2: screenshot (image/png) ──────────────────────────────────────────────────────────
    ..\test-results\visual-regression-Visual-R-d42b6-epage-screenshot-comparison-firefox\test-failed-1.png
    ────────────────────────────────────────────────────────────────────────────────────────────────

    attachment #3: video (video/webm) ──────────────────────────────────────────────────────────────
    ..\test-results\visual-regression-Visual-R-d42b6-epage-screenshot-comparison-firefox\video.webm
    ────────────────────────────────────────────────────────────────────────────────────────────────

    Error Context: ..\test-results\visual-regression-Visual-R-d42b6-epage-screenshot-comparison-firefox\error-context.md
]]>
</failure>
<system-out>
<![CDATA[
[[ATTACHMENT|..\e2e-tests\visual-regression.spec.js-snapshots\homepage-firefox-win32.png]]

[[ATTACHMENT|visual-regression-Visual-R-d42b6-epage-screenshot-comparison-firefox\homepage-actual.png]]

[[ATTACHMENT|visual-regression-Visual-R-d42b6-epage-screenshot-comparison-firefox\test-failed-1.png]]

[[ATTACHMENT|visual-regression-Visual-R-d42b6-epage-screenshot-comparison-firefox\video.webm]]

[[ATTACHMENT|visual-regression-Visual-R-d42b6-epage-screenshot-comparison-firefox\error-context.md]]
]]>
</system-out>
</testcase>
<testcase name="Visual Regression Tests › Product page screenshot comparison" classname="visual-regression.spec.js" time="6.007">
<failure message="visual-regression.spec.js:10:7 Product page screenshot comparison" type="FAILURE">
<![CDATA[  [firefox] › visual-regression.spec.js:10:7 › Visual Regression Tests › Product page screenshot comparison 

    Error: A snapshot doesn't exist at C:\Users\khang\OneDrive\Documents\KTPM_DO-AN\shopluuniem\e2e-tests\visual-regression.spec.js-snapshots\product-page-firefox-win32.png, writing actual.

      10 |   test('Product page screenshot comparison', async ({ page }) => {
      11 |     await page.goto('/detail/1');
    > 12 |     await expect(page).toHaveScreenshot('product-page.png');
         |     ^
      13 |   });
      14 |   
      15 |   test('Cart page screenshot comparison', async ({ page }) => {
        at C:\Users\khang\OneDrive\Documents\KTPM_DO-AN\shopluuniem\e2e-tests\visual-regression.spec.js:12:5

    attachment #1: product-page (image/png) ────────────────────────────────────────────────────────
    Expected: visual-regression.spec.js-snapshots\product-page-firefox-win32.png
    Received: ..\test-results\visual-regression-Visual-R-106e9--page-screenshot-comparison-firefox\product-page-actual.png
    ────────────────────────────────────────────────────────────────────────────────────────────────

    attachment #2: screenshot (image/png) ──────────────────────────────────────────────────────────
    ..\test-results\visual-regression-Visual-R-106e9--page-screenshot-comparison-firefox\test-failed-1.png
    ────────────────────────────────────────────────────────────────────────────────────────────────

    attachment #3: video (video/webm) ──────────────────────────────────────────────────────────────
    ..\test-results\visual-regression-Visual-R-106e9--page-screenshot-comparison-firefox\video.webm
    ────────────────────────────────────────────────────────────────────────────────────────────────

    Error Context: ..\test-results\visual-regression-Visual-R-106e9--page-screenshot-comparison-firefox\error-context.md
]]>
</failure>
<system-out>
<![CDATA[
[[ATTACHMENT|..\e2e-tests\visual-regression.spec.js-snapshots\product-page-firefox-win32.png]]

[[ATTACHMENT|visual-regression-Visual-R-106e9--page-screenshot-comparison-firefox\product-page-actual.png]]

[[ATTACHMENT|visual-regression-Visual-R-106e9--page-screenshot-comparison-firefox\test-failed-1.png]]

[[ATTACHMENT|visual-regression-Visual-R-106e9--page-screenshot-comparison-firefox\video.webm]]

[[ATTACHMENT|visual-regression-Visual-R-106e9--page-screenshot-comparison-firefox\error-context.md]]
]]>
</system-out>
</testcase>
<testcase name="Visual Regression Tests › Cart page screenshot comparison" classname="visual-regression.spec.js" time="5.4">
<failure message="visual-regression.spec.js:15:7 Cart page screenshot comparison" type="FAILURE">
<![CDATA[  [firefox] › visual-regression.spec.js:15:7 › Visual Regression Tests › Cart page screenshot comparison 

    Error: A snapshot doesn't exist at C:\Users\khang\OneDrive\Documents\KTPM_DO-AN\shopluuniem\e2e-tests\visual-regression.spec.js-snapshots\cart-page-firefox-win32.png, writing actual.

      15 |   test('Cart page screenshot comparison', async ({ page }) => {
      16 |     await page.goto('/cart');
    > 17 |     await expect(page).toHaveScreenshot('cart-page.png');
         |     ^
      18 |   });
      19 | });
        at C:\Users\khang\OneDrive\Documents\KTPM_DO-AN\shopluuniem\e2e-tests\visual-regression.spec.js:17:5

    attachment #1: cart-page (image/png) ───────────────────────────────────────────────────────────
    Expected: visual-regression.spec.js-snapshots\cart-page-firefox-win32.png
    Received: ..\test-results\visual-regression-Visual-R-ec7c2--page-screenshot-comparison-firefox\cart-page-actual.png
    ────────────────────────────────────────────────────────────────────────────────────────────────

    attachment #2: screenshot (image/png) ──────────────────────────────────────────────────────────
    ..\test-results\visual-regression-Visual-R-ec7c2--page-screenshot-comparison-firefox\test-failed-1.png
    ────────────────────────────────────────────────────────────────────────────────────────────────

    attachment #3: video (video/webm) ──────────────────────────────────────────────────────────────
    ..\test-results\visual-regression-Visual-R-ec7c2--page-screenshot-comparison-firefox\video.webm
    ────────────────────────────────────────────────────────────────────────────────────────────────

    Error Context: ..\test-results\visual-regression-Visual-R-ec7c2--page-screenshot-comparison-firefox\error-context.md
]]>
</failure>
<system-out>
<![CDATA[
[[ATTACHMENT|..\e2e-tests\visual-regression.spec.js-snapshots\cart-page-firefox-win32.png]]

[[ATTACHMENT|visual-regression-Visual-R-ec7c2--page-screenshot-comparison-firefox\cart-page-actual.png]]

[[ATTACHMENT|visual-regression-Visual-R-ec7c2--page-screenshot-comparison-firefox\test-failed-1.png]]

[[ATTACHMENT|visual-regression-Visual-R-ec7c2--page-screenshot-comparison-firefox\video.webm]]

[[ATTACHMENT|visual-regression-Visual-R-ec7c2--page-screenshot-comparison-firefox\error-context.md]]
]]>
</system-out>
</testcase>
</testsuite>
<testsuite name="api-integration.spec.js" timestamp="2025-12-23T17:41:52.946Z" hostname="webkit" tests="3" failures="3" skipped="0" time="1.385" errors="0">
<testcase name="API Integration Tests › API returns correct product data" classname="api-integration.spec.js" time="0.595">
<failure message="api-integration.spec.js:6:7 API returns correct product data" type="FAILURE">
<![CDATA[  [webkit] › api-integration.spec.js:6:7 › API Integration Tests › API returns correct product data 

    Error: apiRequestContext.get: connect ECONNREFUSED ::1:8000
    Call log:
      - → GET http://localhost:8000/api/Product
        - user-agent: Mozilla/5.0 (Macintosh; Intel Mac OS X 10_15_7) AppleWebKit/605.1.15 (KHTML, like Gecko) Version/26.0 Safari/605.1.15
        - accept: */*
        - accept-encoding: gzip,deflate,br

        at apiRequestContext.get: connect ECONNREFUSED ::1:8000
        at C:\Users\khang\OneDrive\Documents\KTPM_DO-AN\shopluuniem\e2e-tests\api-integration.spec.js:7:36
]]>
</failure>
</testcase>
<testcase name="API Integration Tests › API handles authentication" classname="api-integration.spec.js" time="0.399">
<failure message="api-integration.spec.js:15:7 API handles authentication" type="FAILURE">
<![CDATA[  [webkit] › api-integration.spec.js:15:7 › API Integration Tests › API handles authentication ─────

    Error: apiRequestContext.post: connect ECONNREFUSED ::1:8000
    Call log:
      - → POST http://localhost:8000/api/admin/user/login
        - user-agent: Mozilla/5.0 (Macintosh; Intel Mac OS X 10_15_7) AppleWebKit/605.1.15 (KHTML, like Gecko) Version/26.0 Safari/605.1.15
        - accept: */*
        - accept-encoding: gzip,deflate,br
        - content-type: application/json
        - content-length: 44

        at apiRequestContext.post: connect ECONNREFUSED ::1:8000
        at C:\Users\khang\OneDrive\Documents\KTPM_DO-AN\shopluuniem\e2e-tests\api-integration.spec.js:16:36
]]>
</failure>
</testcase>
<testcase name="API Integration Tests › API protects admin endpoints" classname="api-integration.spec.js" time="0.391">
<failure message="api-integration.spec.js:28:7 API protects admin endpoints" type="FAILURE">
<![CDATA[  [webkit] › api-integration.spec.js:28:7 › API Integration Tests › API protects admin endpoints ───

    Error: apiRequestContext.get: connect ECONNREFUSED ::1:8000
    Call log:
      - → GET http://localhost:8000/api/admin/user
        - user-agent: Mozilla/5.0 (Macintosh; Intel Mac OS X 10_15_7) AppleWebKit/605.1.15 (KHTML, like Gecko) Version/26.0 Safari/605.1.15
        - accept: */*
        - accept-encoding: gzip,deflate,br

        at apiRequestContext.get: connect ECONNREFUSED ::1:8000
        at C:\Users\khang\OneDrive\Documents\KTPM_DO-AN\shopluuniem\e2e-tests\api-integration.spec.js:29:36
]]>
</failure>
</testcase>
</testsuite>
<testsuite name="complete-shopping-flow.spec.js" timestamp="2025-12-23T17:41:52.946Z" hostname="webkit" tests="17" failures="15" skipped="0" time="153.864" errors="0">
<testcase name="Complete Shopping Flow › User can browse, add to cart, and checkout" classname="complete-shopping-flow.spec.js" time="9.771">
<failure message="complete-shopping-flow.spec.js:5:7 User can browse, add to cart, and checkout" type="FAILURE">
<![CDATA[  [webkit] › complete-shopping-flow.spec.js:5:7 › Complete Shopping Flow › User can browse, add to cart, and checkout 

    Error: expect(page).toHaveTitle(expected) failed

    Expected pattern: /Shop/i
    Received string:  "React App"
    Timeout: 5000ms

    Call log:
      - Expect "toHaveTitle" with timeout 5000ms
        8 × unexpected value "React App"


       6 |     // Step 1: Visit homepage
       7 |     await page.goto('/');
    >  8 |     await expect(page).toHaveTitle(/Shop/i);
         |                        ^
       9 |     
      10 |     // Step 2: Navigate to shop page
      11 |     await page.click('a[href*="shop"]');
        at C:\Users\khang\OneDrive\Documents\KTPM_DO-AN\shopluuniem\e2e-tests\complete-shopping-flow.spec.js:8:24

    attachment #1: screenshot (image/png) ──────────────────────────────────────────────────────────
    ..\test-results\complete-shopping-flow-Com-a2b3f-se-add-to-cart-and-checkout-webkit\test-failed-1.png
    ────────────────────────────────────────────────────────────────────────────────────────────────

    attachment #2: video (video/webm) ──────────────────────────────────────────────────────────────
    ..\test-results\complete-shopping-flow-Com-a2b3f-se-add-to-cart-and-checkout-webkit\video.webm
    ────────────────────────────────────────────────────────────────────────────────────────────────

    Error Context: ..\test-results\complete-shopping-flow-Com-a2b3f-se-add-to-cart-and-checkout-webkit\error-context.md
]]>
</failure>
<system-out>
<![CDATA[
[[ATTACHMENT|complete-shopping-flow-Com-a2b3f-se-add-to-cart-and-checkout-webkit\test-failed-1.png]]

[[ATTACHMENT|complete-shopping-flow-Com-a2b3f-se-add-to-cart-and-checkout-webkit\video.webm]]

[[ATTACHMENT|complete-shopping-flow-Com-a2b3f-se-add-to-cart-and-checkout-webkit\error-context.md]]
]]>
</system-out>
</testcase>
<testcase name="Complete Shopping Flow › User can search for products" classname="complete-shopping-flow.spec.js" time="10.418">
<failure message="complete-shopping-flow.spec.js:90:7 User can search for products" type="FAILURE">
<![CDATA[  [webkit] › complete-shopping-flow.spec.js:90:7 › Complete Shopping Flow › User can search for products 

    Error: expect(locator).toBeVisible() failed

    Locator:  locator('.product, [class*="product"]').first()
    Expected: visible
    Received: hidden
    Timeout:  5000ms

    Call log:
      - Expect "toBeVisible" with timeout 5000ms
      - waiting for locator('.product, [class*="product"]').first()
        8 × locator resolved to <ul class="minicart-product-list"></ul>
          - unexpected value "hidden"


       99 |     await page.waitForURL(/search/);
      100 |     const products = page.locator('.product, [class*="product"]');
    > 101 |     await expect(products.first()).toBeVisible();
          |                                    ^
      102 |   });
      103 |   
      104 |   test('User can view order history', async ({ page }) => {
        at C:\Users\khang\OneDrive\Documents\KTPM_DO-AN\shopluuniem\e2e-tests\complete-shopping-flow.spec.js:101:36

    attachment #1: screenshot (image/png) ──────────────────────────────────────────────────────────
    ..\test-results\complete-shopping-flow-Com-a255f-ser-can-search-for-products-webkit\test-failed-1.png
    ────────────────────────────────────────────────────────────────────────────────────────────────

    attachment #2: video (video/webm) ──────────────────────────────────────────────────────────────
    ..\test-results\complete-shopping-flow-Com-a255f-ser-can-search-for-products-webkit\video.webm
    ────────────────────────────────────────────────────────────────────────────────────────────────

    Error Context: ..\test-results\complete-shopping-flow-Com-a255f-ser-can-search-for-products-webkit\error-context.md
]]>
</failure>
<system-out>
<![CDATA[
[[ATTACHMENT|complete-shopping-flow-Com-a255f-ser-can-search-for-products-webkit\test-failed-1.png]]

[[ATTACHMENT|complete-shopping-flow-Com-a255f-ser-can-search-for-products-webkit\video.webm]]

[[ATTACHMENT|complete-shopping-flow-Com-a255f-ser-can-search-for-products-webkit\error-context.md]]
]]>
</system-out>
</testcase>
<testcase name="Complete Shopping Flow › User can view order history" classname="complete-shopping-flow.spec.js" time="15.537">
<failure message="complete-shopping-flow.spec.js:104:7 User can view order history" type="FAILURE">
<![CDATA[  [webkit] › complete-shopping-flow.spec.js:104:7 › Complete Shopping Flow › User can view order history 

    Error: expect(locator).toBeVisible() failed

    Locator: locator('table tbody tr, .order-item').first()
    Expected: visible
    Timeout: 5000ms
    Error: element(s) not found

    Call log:
      - Expect "toBeVisible" with timeout 5000ms
      - waiting for locator('table tbody tr, .order-item').first()


      116 |     // Verify orders are displayed
      117 |     const orders = page.locator('table tbody tr, .order-item');
    > 118 |     await expect(orders.first()).toBeVisible({ timeout: 5000 });
          |                                  ^
      119 |   });
      120 | });
      121 |
        at C:\Users\khang\OneDrive\Documents\KTPM_DO-AN\shopluuniem\e2e-tests\complete-shopping-flow.spec.js:118:34

    attachment #1: screenshot (image/png) ──────────────────────────────────────────────────────────
    ..\test-results\complete-shopping-flow-Com-57aa7-User-can-view-order-history-webkit\test-failed-1.png
    ────────────────────────────────────────────────────────────────────────────────────────────────

    attachment #2: video (video/webm) ──────────────────────────────────────────────────────────────
    ..\test-results\complete-shopping-flow-Com-57aa7-User-can-view-order-history-webkit\video.webm
    ────────────────────────────────────────────────────────────────────────────────────────────────

    Error Context: ..\test-results\complete-shopping-flow-Com-57aa7-User-can-view-order-history-webkit\error-context.md
]]>
</failure>
<system-out>
<![CDATA[
[[ATTACHMENT|complete-shopping-flow-Com-57aa7-User-can-view-order-history-webkit\test-failed-1.png]]

[[ATTACHMENT|complete-shopping-flow-Com-57aa7-User-can-view-order-history-webkit\video.webm]]

[[ATTACHMENT|complete-shopping-flow-Com-57aa7-User-can-view-order-history-webkit\error-context.md]]
]]>
</system-out>
</testcase>
<testcase name="User Authentication › User can register" classname="complete-shopping-flow.spec.js" time="12.969">
<failure message="complete-shopping-flow.spec.js:124:7 User can register" type="FAILURE">
<![CDATA[  [webkit] › complete-shopping-flow.spec.js:124:7 › User Authentication › User can register ────────

    Error: expect(locator).toBeVisible() failed

    Locator: locator('text=thành công, text=success')
    Expected: visible
    Timeout: 5000ms
    Error: element(s) not found

    Call log:
      - Expect "toBeVisible" with timeout 5000ms
      - waiting for locator('text=thành công, text=success')


      135 |     
      136 |     // Verify success message
    > 137 |     await expect(page.locator('text=thành công, text=success')).toBeVisible();
          |                                                                 ^
      138 |   });
      139 |   
      140 |   test('User can login', async ({ page }) => {
        at C:\Users\khang\OneDrive\Documents\KTPM_DO-AN\shopluuniem\e2e-tests\complete-shopping-flow.spec.js:137:65

    attachment #1: screenshot (image/png) ──────────────────────────────────────────────────────────
    ..\test-results\complete-shopping-flow-User-Authentication-User-can-register-webkit\test-failed-1.png
    ────────────────────────────────────────────────────────────────────────────────────────────────

    attachment #2: video (video/webm) ──────────────────────────────────────────────────────────────
    ..\test-results\complete-shopping-flow-User-Authentication-User-can-register-webkit\video.webm
    ────────────────────────────────────────────────────────────────────────────────────────────────

    Error Context: ..\test-results\complete-shopping-flow-User-Authentication-User-can-register-webkit\error-context.md
]]>
</failure>
<system-out>
<![CDATA[
[[ATTACHMENT|complete-shopping-flow-User-Authentication-User-can-register-webkit\test-failed-1.png]]

[[ATTACHMENT|complete-shopping-flow-User-Authentication-User-can-register-webkit\video.webm]]

[[ATTACHMENT|complete-shopping-flow-User-Authentication-User-can-register-webkit\error-context.md]]
]]>
</system-out>
</testcase>
<testcase name="User Authentication › User can login" classname="complete-shopping-flow.spec.js" time="8.49">
</testcase>
<testcase name="User Authentication › User cannot login with wrong credentials" classname="complete-shopping-flow.spec.js" time="12.66">
<failure message="complete-shopping-flow.spec.js:151:7 User cannot login with wrong credentials" type="FAILURE">
<![CDATA[  [webkit] › complete-shopping-flow.spec.js:151:7 › User Authentication › User cannot login with wrong credentials 

    Error: expect(locator).toBeVisible() failed

    Locator: locator('text=Wrong, text=Sai')
    Expected: visible
    Timeout: 5000ms
    Error: element(s) not found

    Call log:
      - Expect "toBeVisible" with timeout 5000ms
      - waiting for locator('text=Wrong, text=Sai')


      157 |     
      158 |     // Should show error
    > 159 |     await expect(page.locator('text=Wrong, text=Sai')).toBeVisible();
          |                                                        ^
      160 |   });
      161 | });
      162 |
        at C:\Users\khang\OneDrive\Documents\KTPM_DO-AN\shopluuniem\e2e-tests\complete-shopping-flow.spec.js:159:56

    attachment #1: screenshot (image/png) ──────────────────────────────────────────────────────────
    ..\test-results\complete-shopping-flow-Use-19755-ogin-with-wrong-credentials-webkit\test-failed-1.png
    ────────────────────────────────────────────────────────────────────────────────────────────────

    attachment #2: video (video/webm) ──────────────────────────────────────────────────────────────
    ..\test-results\complete-shopping-flow-Use-19755-ogin-with-wrong-credentials-webkit\video.webm
    ────────────────────────────────────────────────────────────────────────────────────────────────

    Error Context: ..\test-results\complete-shopping-flow-Use-19755-ogin-with-wrong-credentials-webkit\error-context.md
]]>
</failure>
<system-out>
<![CDATA[
[[ATTACHMENT|complete-shopping-flow-Use-19755-ogin-with-wrong-credentials-webkit\test-failed-1.png]]

[[ATTACHMENT|complete-shopping-flow-Use-19755-ogin-with-wrong-credentials-webkit\video.webm]]

[[ATTACHMENT|complete-shopping-flow-Use-19755-ogin-with-wrong-credentials-webkit\error-context.md]]
]]>
</system-out>
</testcase>
<testcase name="Admin Panel › Admin can view user list" classname="complete-shopping-flow.spec.js" time="4.013">
<failure message="complete-shopping-flow.spec.js:174:7 Admin can view user list" type="FAILURE">
<![CDATA[  [webkit] › complete-shopping-flow.spec.js:174:7 › Admin Panel › Admin can view user list ─────────

    Error: page.goto: Could not connect to server
    Call log:
      - navigating to "http://localhost:3001/signin", waiting until "load"


      165 |   test.beforeEach(async ({ page }) => {
      166 |     // Admin login
    > 167 |     await page.goto('http://localhost:3001/signin');
          |                ^
      168 |     await page.fill('input[placeholder*="Username"]', 'admin');
      169 |     await page.fill('input[type="password"]', 'admin123');
      170 |     await page.click('button[type="submit"]');
        at C:\Users\khang\OneDrive\Documents\KTPM_DO-AN\shopluuniem\e2e-tests\complete-shopping-flow.spec.js:167:16

    attachment #1: screenshot (image/png) ──────────────────────────────────────────────────────────
    ..\test-results\complete-shopping-flow-Admin-Panel-Admin-can-view-user-list-webkit\test-failed-1.png
    ────────────────────────────────────────────────────────────────────────────────────────────────

    attachment #2: video (video/webm) ──────────────────────────────────────────────────────────────
    ..\test-results\complete-shopping-flow-Admin-Panel-Admin-can-view-user-list-webkit\video.webm
    ────────────────────────────────────────────────────────────────────────────────────────────────
]]>
</failure>
<system-out>
<![CDATA[
[[ATTACHMENT|complete-shopping-flow-Admin-Panel-Admin-can-view-user-list-webkit\test-failed-1.png]]

[[ATTACHMENT|complete-shopping-flow-Admin-Panel-Admin-can-view-user-list-webkit\video.webm]]
]]>
</system-out>
</testcase>
<testcase name="Admin Panel › Admin can create new user" classname="complete-shopping-flow.spec.js" time="3.783">
<failure message="complete-shopping-flow.spec.js:181:7 Admin can create new user" type="FAILURE">
<![CDATA[  [webkit] › complete-shopping-flow.spec.js:181:7 › Admin Panel › Admin can create new user ────────

    Error: page.goto: Could not connect to server
    Call log:
      - navigating to "http://localhost:3001/signin", waiting until "load"


      165 |   test.beforeEach(async ({ page }) => {
      166 |     // Admin login
    > 167 |     await page.goto('http://localhost:3001/signin');
          |                ^
      168 |     await page.fill('input[placeholder*="Username"]', 'admin');
      169 |     await page.fill('input[type="password"]', 'admin123');
      170 |     await page.click('button[type="submit"]');
        at C:\Users\khang\OneDrive\Documents\KTPM_DO-AN\shopluuniem\e2e-tests\complete-shopping-flow.spec.js:167:16

    attachment #1: screenshot (image/png) ──────────────────────────────────────────────────────────
    ..\test-results\complete-shopping-flow-Admin-Panel-Admin-can-create-new-user-webkit\test-failed-1.png
    ────────────────────────────────────────────────────────────────────────────────────────────────

    attachment #2: video (video/webm) ──────────────────────────────────────────────────────────────
    ..\test-results\complete-shopping-flow-Admin-Panel-Admin-can-create-new-user-webkit\video.webm
    ────────────────────────────────────────────────────────────────────────────────────────────────
]]>
</failure>
<system-out>
<![CDATA[
[[ATTACHMENT|complete-shopping-flow-Admin-Panel-Admin-can-create-new-user-webkit\test-failed-1.png]]

[[ATTACHMENT|complete-shopping-flow-Admin-Panel-Admin-can-create-new-user-webkit\video.webm]]
]]>
</system-out>
</testcase>
<testcase name="Admin Panel › Admin can view products" classname="complete-shopping-flow.spec.js" time="3.337">
<failure message="complete-shopping-flow.spec.js:197:7 Admin can view products" type="FAILURE">
<![CDATA[  [webkit] › complete-shopping-flow.spec.js:197:7 › Admin Panel › Admin can view products ──────────

    Error: page.goto: Could not connect to server
    Call log:
      - navigating to "http://localhost:3001/signin", waiting until "load"


      165 |   test.beforeEach(async ({ page }) => {
      166 |     // Admin login
    > 167 |     await page.goto('http://localhost:3001/signin');
          |                ^
      168 |     await page.fill('input[placeholder*="Username"]', 'admin');
      169 |     await page.fill('input[type="password"]', 'admin123');
      170 |     await page.click('button[type="submit"]');
        at C:\Users\khang\OneDrive\Documents\KTPM_DO-AN\shopluuniem\e2e-tests\complete-shopping-flow.spec.js:167:16

    attachment #1: screenshot (image/png) ──────────────────────────────────────────────────────────
    ..\test-results\complete-shopping-flow-Admin-Panel-Admin-can-view-products-webkit\test-failed-1.png
    ────────────────────────────────────────────────────────────────────────────────────────────────

    attachment #2: video (video/webm) ──────────────────────────────────────────────────────────────
    ..\test-results\complete-shopping-flow-Admin-Panel-Admin-can-view-products-webkit\video.webm
    ────────────────────────────────────────────────────────────────────────────────────────────────
]]>
</failure>
<system-out>
<![CDATA[
[[ATTACHMENT|complete-shopping-flow-Admin-Panel-Admin-can-view-products-webkit\test-failed-1.png]]

[[ATTACHMENT|complete-shopping-flow-Admin-Panel-Admin-can-view-products-webkit\video.webm]]
]]>
</system-out>
</testcase>
<testcase name="Admin Panel › Admin can view orders" classname="complete-shopping-flow.spec.js" time="3.867">
<failure message="complete-shopping-flow.spec.js:204:7 Admin can view orders" type="FAILURE">
<![CDATA[  [webkit] › complete-shopping-flow.spec.js:204:7 › Admin Panel › Admin can view orders ────────────

    Error: page.goto: Could not connect to server
    Call log:
      - navigating to "http://localhost:3001/signin", waiting until "load"


      165 |   test.beforeEach(async ({ page }) => {
      166 |     // Admin login
    > 167 |     await page.goto('http://localhost:3001/signin');
          |                ^
      168 |     await page.fill('input[placeholder*="Username"]', 'admin');
      169 |     await page.fill('input[type="password"]', 'admin123');
      170 |     await page.click('button[type="submit"]');
        at C:\Users\khang\OneDrive\Documents\KTPM_DO-AN\shopluuniem\e2e-tests\complete-shopping-flow.spec.js:167:16

    attachment #1: screenshot (image/png) ──────────────────────────────────────────────────────────
    ..\test-results\complete-shopping-flow-Admin-Panel-Admin-can-view-orders-webkit\test-failed-1.png
    ────────────────────────────────────────────────────────────────────────────────────────────────

    attachment #2: video (video/webm) ──────────────────────────────────────────────────────────────
    ..\test-results\complete-shopping-flow-Admin-Panel-Admin-can-view-orders-webkit\video.webm
    ────────────────────────────────────────────────────────────────────────────────────────────────
]]>
</failure>
<system-out>
<![CDATA[
[[ATTACHMENT|complete-shopping-flow-Admin-Panel-Admin-can-view-orders-webkit\test-failed-1.png]]

[[ATTACHMENT|complete-shopping-flow-Admin-Panel-Admin-can-view-orders-webkit\video.webm]]
]]>
</system-out>
</testcase>
<testcase name="Responsive Design › Mobile - Shopping flow works on mobile" classname="complete-shopping-flow.spec.js" time="30.473">
<failure message="complete-shopping-flow.spec.js:214:7 Mobile - Shopping flow works on mobile" type="FAILURE">
<![CDATA[  [webkit] › complete-shopping-flow.spec.js:214:7 › Responsive Design › Mobile - Shopping flow works on mobile 

    Test timeout of 30000ms exceeded.

    Error: locator.click: Test timeout of 30000ms exceeded.
    Call log:
      - waiting for locator('.product, [class*="product"]').first()
        - locator resolved to <ul class="minicart-product-list"></ul>
      - attempting click action
        2 × waiting for element to be visible, enabled and stable
          - element is not visible
        - retrying click action
        - waiting 20ms
        2 × waiting for element to be visible, enabled and stable
          - element is not visible
        - retrying click action
          - waiting 100ms
        29 × waiting for element to be visible, enabled and stable
           - element is not visible
         - retrying click action
           - waiting 500ms
        - waiting for element to be visible, enabled and stable


      229 |     // Click product
      230 |     const products = page.locator('.product, [class*="product"]');
    > 231 |     await products.first().click();
          |                            ^
      232 |     
      233 |     // Add to cart
      234 |     await page.click('text=Add to cart');
        at C:\Users\khang\OneDrive\Documents\KTPM_DO-AN\shopluuniem\e2e-tests\complete-shopping-flow.spec.js:231:28

    attachment #1: screenshot (image/png) ──────────────────────────────────────────────────────────
    ..\test-results\complete-shopping-flow-Res-ec642-opping-flow-works-on-mobile-webkit\test-failed-1.png
    ────────────────────────────────────────────────────────────────────────────────────────────────

    attachment #2: video (video/webm) ──────────────────────────────────────────────────────────────
    ..\test-results\complete-shopping-flow-Res-ec642-opping-flow-works-on-mobile-webkit\video.webm
    ────────────────────────────────────────────────────────────────────────────────────────────────

    Error Context: ..\test-results\complete-shopping-flow-Res-ec642-opping-flow-works-on-mobile-webkit\error-context.md
]]>
</failure>
<system-out>
<![CDATA[
[[ATTACHMENT|complete-shopping-flow-Res-ec642-opping-flow-works-on-mobile-webkit\test-failed-1.png]]

[[ATTACHMENT|complete-shopping-flow-Res-ec642-opping-flow-works-on-mobile-webkit\video.webm]]

[[ATTACHMENT|complete-shopping-flow-Res-ec642-opping-flow-works-on-mobile-webkit\error-context.md]]
]]>
</system-out>
</testcase>
<testcase name="Responsive Design › Tablet - Layout adjusts correctly" classname="complete-shopping-flow.spec.js" time="4.229">
<failure message="complete-shopping-flow.spec.js:238:7 Tablet - Layout adjusts correctly" type="FAILURE">
<![CDATA[  [webkit] › complete-shopping-flow.spec.js:238:7 › Responsive Design › Tablet - Layout adjusts correctly 

    Error: locator.boundingBox: Error: strict mode violation: locator('.container') resolved to 4 elements:
        1) <div class="container">…</div> aka locator('div').nth(3)
        2) <div class="container pb_header">…</div> aka locator('div').filter({ hasText: '0 VNĐ0SUBTOTAL: 0 VNĐView' }).nth(3)
        3) <div class="container">…</div> aka locator('div').filter({ hasText: 'HomeMenuMaleFemaleEventContact' }).nth(4)
        4) <div class="container">…</div> aka locator('div').filter({ hasText: 'We are a team of designers' }).nth(4)

    Call log:
      - waiting for locator('.container')


      243 |     // Check if layout is responsive
      244 |     const container = page.locator('.container');
    > 245 |     const boundingBox = await container.boundingBox();
          |                                         ^
      246 |     
      247 |     expect(boundingBox.width).toBeLessThanOrEqual(768);
      248 |   });
        at C:\Users\khang\OneDrive\Documents\KTPM_DO-AN\shopluuniem\e2e-tests\complete-shopping-flow.spec.js:245:41

    attachment #1: screenshot (image/png) ──────────────────────────────────────────────────────────
    ..\test-results\complete-shopping-flow-Res-4a092----Layout-adjusts-correctly-webkit\test-failed-1.png
    ────────────────────────────────────────────────────────────────────────────────────────────────

    attachment #2: video (video/webm) ──────────────────────────────────────────────────────────────
    ..\test-results\complete-shopping-flow-Res-4a092----Layout-adjusts-correctly-webkit\video.webm
    ────────────────────────────────────────────────────────────────────────────────────────────────

    Error Context: ..\test-results\complete-shopping-flow-Res-4a092----Layout-adjusts-correctly-webkit\error-context.md
]]>
</failure>
<system-out>
<![CDATA[
[[ATTACHMENT|complete-shopping-flow-Res-4a092----Layout-adjusts-correctly-webkit\test-failed-1.png]]

[[ATTACHMENT|complete-shopping-flow-Res-4a092----Layout-adjusts-correctly-webkit\video.webm]]

[[ATTACHMENT|complete-shopping-flow-Res-4a092----Layout-adjusts-correctly-webkit\error-context.md]]
]]>
</system-out>
</testcase>
<testcase name="Performance › Homepage loads within 3 seconds" classname="complete-shopping-flow.spec.js" time="10.276">
<failure message="complete-shopping-flow.spec.js:253:7 Homepage loads within 3 seconds" type="FAILURE">
<![CDATA[  [webkit] › complete-shopping-flow.spec.js:253:7 › Performance › Homepage loads within 3 seconds ──

    Error: expect(received).toBeLessThan(expected)

    Expected: < 3000
    Received:   6971

      256 |     const loadTime = Date.now() - startTime;
      257 |     
    > 258 |     expect(loadTime).toBeLessThan(3000);
          |                      ^
      259 |   });
      260 |   
      261 |   test('Product page loads within 2 seconds', async ({ page }) => {
        at C:\Users\khang\OneDrive\Documents\KTPM_DO-AN\shopluuniem\e2e-tests\complete-shopping-flow.spec.js:258:22

    attachment #1: screenshot (image/png) ──────────────────────────────────────────────────────────
    ..\test-results\complete-shopping-flow-Per-cb68b-page-loads-within-3-seconds-webkit\test-failed-1.png
    ────────────────────────────────────────────────────────────────────────────────────────────────

    attachment #2: video (video/webm) ──────────────────────────────────────────────────────────────
    ..\test-results\complete-shopping-flow-Per-cb68b-page-loads-within-3-seconds-webkit\video.webm
    ────────────────────────────────────────────────────────────────────────────────────────────────

    Error Context: ..\test-results\complete-shopping-flow-Per-cb68b-page-loads-within-3-seconds-webkit\error-context.md
]]>
</failure>
<system-out>
<![CDATA[
[[ATTACHMENT|complete-shopping-flow-Per-cb68b-page-loads-within-3-seconds-webkit\test-failed-1.png]]

[[ATTACHMENT|complete-shopping-flow-Per-cb68b-page-loads-within-3-seconds-webkit\video.webm]]

[[ATTACHMENT|complete-shopping-flow-Per-cb68b-page-loads-within-3-seconds-webkit\error-context.md]]
]]>
</system-out>
</testcase>
<testcase name="Performance › Product page loads within 2 seconds" classname="complete-shopping-flow.spec.js" time="11.875">
<failure message="complete-shopping-flow.spec.js:261:7 Product page loads within 2 seconds" type="FAILURE">
<![CDATA[  [webkit] › complete-shopping-flow.spec.js:261:7 › Performance › Product page loads within 2 seconds 

    Error: expect(received).toBeLessThan(expected)

    Expected: < 2000
    Received:   10430

      264 |     const loadTime = Date.now() - startTime;
      265 |     
    > 266 |     expect(loadTime).toBeLessThan(2000);
          |                      ^
      267 |   });
      268 | });
      269 |
        at C:\Users\khang\OneDrive\Documents\KTPM_DO-AN\shopluuniem\e2e-tests\complete-shopping-flow.spec.js:266:22

    attachment #1: screenshot (image/png) ──────────────────────────────────────────────────────────
    ..\test-results\complete-shopping-flow-Per-11b79-page-loads-within-2-seconds-webkit\test-failed-1.png
    ────────────────────────────────────────────────────────────────────────────────────────────────

    attachment #2: video (video/webm) ──────────────────────────────────────────────────────────────
    ..\test-results\complete-shopping-flow-Per-11b79-page-loads-within-2-seconds-webkit\video.webm
    ────────────────────────────────────────────────────────────────────────────────────────────────

    Error Context: ..\test-results\complete-shopping-flow-Per-11b79-page-loads-within-2-seconds-webkit\error-context.md
]]>
</failure>
<system-out>
<![CDATA[
[[ATTACHMENT|complete-shopping-flow-Per-11b79-page-loads-within-2-seconds-webkit\test-failed-1.png]]

[[ATTACHMENT|complete-shopping-flow-Per-11b79-page-loads-within-2-seconds-webkit\video.webm]]

[[ATTACHMENT|complete-shopping-flow-Per-11b79-page-loads-within-2-seconds-webkit\error-context.md]]
]]>
</system-out>
</testcase>
<testcase name="Accessibility › All images have alt text" classname="complete-shopping-flow.spec.js" time="3.314">
<failure message="complete-shopping-flow.spec.js:272:7 All images have alt text" type="FAILURE">
<![CDATA[  [webkit] › complete-shopping-flow.spec.js:272:7 › Accessibility › All images have alt text ───────

    Error: expect(received).toBe(expected) // Object.is equality

    Expected: 0
    Received: 1

      274 |     
      275 |     const imagesWithoutAlt = await page.locator('img:not([alt])').count();
    > 276 |     expect(imagesWithoutAlt).toBe(0);
          |                              ^
      277 |   });
      278 |   
      279 |   test('Forms have proper labels', async ({ page }) => {
        at C:\Users\khang\OneDrive\Documents\KTPM_DO-AN\shopluuniem\e2e-tests\complete-shopping-flow.spec.js:276:30

    attachment #1: screenshot (image/png) ──────────────────────────────────────────────────────────
    ..\test-results\complete-shopping-flow-Acc-10e95-ty-All-images-have-alt-text-webkit\test-failed-1.png
    ────────────────────────────────────────────────────────────────────────────────────────────────

    attachment #2: video (video/webm) ──────────────────────────────────────────────────────────────
    ..\test-results\complete-shopping-flow-Acc-10e95-ty-All-images-have-alt-text-webkit\video.webm
    ────────────────────────────────────────────────────────────────────────────────────────────────

    Error Context: ..\test-results\complete-shopping-flow-Acc-10e95-ty-All-images-have-alt-text-webkit\error-context.md
]]>
</failure>
<system-out>
<![CDATA[
[[ATTACHMENT|complete-shopping-flow-Acc-10e95-ty-All-images-have-alt-text-webkit\test-failed-1.png]]

[[ATTACHMENT|complete-shopping-flow-Acc-10e95-ty-All-images-have-alt-text-webkit\video.webm]]

[[ATTACHMENT|complete-shopping-flow-Acc-10e95-ty-All-images-have-alt-text-webkit\error-context.md]]
]]>
</system-out>
</testcase>
<testcase name="Accessibility › Forms have proper labels" classname="complete-shopping-flow.spec.js" time="4.12">
</testcase>
<testcase name="Accessibility › Page has proper heading structure" classname="complete-shopping-flow.spec.js" time="4.732">
<failure message="complete-shopping-flow.spec.js:295:7 Page has proper heading structure" type="FAILURE">
<![CDATA[  [webkit] › complete-shopping-flow.spec.js:295:7 › Accessibility › Page has proper heading structure 

    Error: expect(received).toBeGreaterThanOrEqual(expected)

    Expected: >= 1
    Received:    0

      297 |     
      298 |     const h1Count = await page.locator('h1').count();
    > 299 |     expect(h1Count).toBeGreaterThanOrEqual(1);
          |                     ^
      300 |   });
      301 | });
        at C:\Users\khang\OneDrive\Documents\KTPM_DO-AN\shopluuniem\e2e-tests\complete-shopping-flow.spec.js:299:21

    attachment #1: screenshot (image/png) ──────────────────────────────────────────────────────────
    ..\test-results\complete-shopping-flow-Acc-d94df-as-proper-heading-structure-webkit\test-failed-1.png
    ────────────────────────────────────────────────────────────────────────────────────────────────

    attachment #2: video (video/webm) ──────────────────────────────────────────────────────────────
    ..\test-results\complete-shopping-flow-Acc-d94df-as-proper-heading-structure-webkit\video.webm
    ────────────────────────────────────────────────────────────────────────────────────────────────

    Error Context: ..\test-results\complete-shopping-flow-Acc-d94df-as-proper-heading-structure-webkit\error-context.md
]]>
</failure>
<system-out>
<![CDATA[
[[ATTACHMENT|complete-shopping-flow-Acc-d94df-as-proper-heading-structure-webkit\test-failed-1.png]]

[[ATTACHMENT|complete-shopping-flow-Acc-d94df-as-proper-heading-structure-webkit\video.webm]]

[[ATTACHMENT|complete-shopping-flow-Acc-d94df-as-proper-heading-structure-webkit\error-context.md]]
]]>
</system-out>
</testcase>
</testsuite>
<testsuite name="visual-regression.spec.js" timestamp="2025-12-23T17:41:52.946Z" hostname="webkit" tests="3" failures="3" skipped="0" time="20.951" errors="0">
<testcase name="Visual Regression Tests › Homepage screenshot comparison" classname="visual-regression.spec.js" time="7.612">
<failure message="visual-regression.spec.js:5:7 Homepage screenshot comparison" type="FAILURE">
<![CDATA[  [webkit] › visual-regression.spec.js:5:7 › Visual Regression Tests › Homepage screenshot comparison 

    Error: A snapshot doesn't exist at C:\Users\khang\OneDrive\Documents\KTPM_DO-AN\shopluuniem\e2e-tests\visual-regression.spec.js-snapshots\homepage-webkit-win32.png, writing actual.

       5 |   test('Homepage screenshot comparison', async ({ page }) => {
       6 |     await page.goto('/');
    >  7 |     await expect(page).toHaveScreenshot('homepage.png');
         |     ^
       8 |   });
       9 |   
      10 |   test('Product page screenshot comparison', async ({ page }) => {
        at C:\Users\khang\OneDrive\Documents\KTPM_DO-AN\shopluuniem\e2e-tests\visual-regression.spec.js:7:5

    attachment #1: homepage (image/png) ────────────────────────────────────────────────────────────
    Expected: visual-regression.spec.js-snapshots\homepage-webkit-win32.png
    Received: ..\test-results\visual-regression-Visual-R-d42b6-epage-screenshot-comparison-webkit\homepage-actual.png
    ────────────────────────────────────────────────────────────────────────────────────────────────

    attachment #2: screenshot (image/png) ──────────────────────────────────────────────────────────
    ..\test-results\visual-regression-Visual-R-d42b6-epage-screenshot-comparison-webkit\test-failed-1.png
    ────────────────────────────────────────────────────────────────────────────────────────────────

    attachment #3: video (video/webm) ──────────────────────────────────────────────────────────────
    ..\test-results\visual-regression-Visual-R-d42b6-epage-screenshot-comparison-webkit\video.webm
    ────────────────────────────────────────────────────────────────────────────────────────────────

    Error Context: ..\test-results\visual-regression-Visual-R-d42b6-epage-screenshot-comparison-webkit\error-context.md
]]>
</failure>
<system-out>
<![CDATA[
[[ATTACHMENT|..\e2e-tests\visual-regression.spec.js-snapshots\homepage-webkit-win32.png]]

[[ATTACHMENT|visual-regression-Visual-R-d42b6-epage-screenshot-comparison-webkit\homepage-actual.png]]

[[ATTACHMENT|visual-regression-Visual-R-d42b6-epage-screenshot-comparison-webkit\test-failed-1.png]]

[[ATTACHMENT|visual-regression-Visual-R-d42b6-epage-screenshot-comparison-webkit\video.webm]]

[[ATTACHMENT|visual-regression-Visual-R-d42b6-epage-screenshot-comparison-webkit\error-context.md]]
]]>
</system-out>
</testcase>
<testcase name="Visual Regression Tests › Product page screenshot comparison" classname="visual-regression.spec.js" time="7.24">
<failure message="visual-regression.spec.js:10:7 Product page screenshot comparison" type="FAILURE">
<![CDATA[  [webkit] › visual-regression.spec.js:10:7 › Visual Regression Tests › Product page screenshot comparison 

    Error: A snapshot doesn't exist at C:\Users\khang\OneDrive\Documents\KTPM_DO-AN\shopluuniem\e2e-tests\visual-regression.spec.js-snapshots\product-page-webkit-win32.png, writing actual.

      10 |   test('Product page screenshot comparison', async ({ page }) => {
      11 |     await page.goto('/detail/1');
    > 12 |     await expect(page).toHaveScreenshot('product-page.png');
         |     ^
      13 |   });
      14 |   
      15 |   test('Cart page screenshot comparison', async ({ page }) => {
        at C:\Users\khang\OneDrive\Documents\KTPM_DO-AN\shopluuniem\e2e-tests\visual-regression.spec.js:12:5

    attachment #1: product-page (image/png) ────────────────────────────────────────────────────────
    Expected: visual-regression.spec.js-snapshots\product-page-webkit-win32.png
    Received: ..\test-results\visual-regression-Visual-R-106e9--page-screenshot-comparison-webkit\product-page-actual.png
    ────────────────────────────────────────────────────────────────────────────────────────────────

    attachment #2: screenshot (image/png) ──────────────────────────────────────────────────────────
    ..\test-results\visual-regression-Visual-R-106e9--page-screenshot-comparison-webkit\test-failed-1.png
    ────────────────────────────────────────────────────────────────────────────────────────────────

    attachment #3: video (video/webm) ──────────────────────────────────────────────────────────────
    ..\test-results\visual-regression-Visual-R-106e9--page-screenshot-comparison-webkit\video.webm
    ────────────────────────────────────────────────────────────────────────────────────────────────

    Error Context: ..\test-results\visual-regression-Visual-R-106e9--page-screenshot-comparison-webkit\error-context.md
]]>
</failure>
<system-out>
<![CDATA[
[[ATTACHMENT|..\e2e-tests\visual-regression.spec.js-snapshots\product-page-webkit-win32.png]]

[[ATTACHMENT|visual-regression-Visual-R-106e9--page-screenshot-comparison-webkit\product-page-actual.png]]

[[ATTACHMENT|visual-regression-Visual-R-106e9--page-screenshot-comparison-webkit\test-failed-1.png]]

[[ATTACHMENT|visual-regression-Visual-R-106e9--page-screenshot-comparison-webkit\video.webm]]

[[ATTACHMENT|visual-regression-Visual-R-106e9--page-screenshot-comparison-webkit\error-context.md]]
]]>
</system-out>
</testcase>
<testcase name="Visual Regression Tests › Cart page screenshot comparison" classname="visual-regression.spec.js" time="6.099">
<failure message="visual-regression.spec.js:15:7 Cart page screenshot comparison" type="FAILURE">
<![CDATA[  [webkit] › visual-regression.spec.js:15:7 › Visual Regression Tests › Cart page screenshot comparison 

    Error: A snapshot doesn't exist at C:\Users\khang\OneDrive\Documents\KTPM_DO-AN\shopluuniem\e2e-tests\visual-regression.spec.js-snapshots\cart-page-webkit-win32.png, writing actual.

      15 |   test('Cart page screenshot comparison', async ({ page }) => {
      16 |     await page.goto('/cart');
    > 17 |     await expect(page).toHaveScreenshot('cart-page.png');
         |     ^
      18 |   });
      19 | });
        at C:\Users\khang\OneDrive\Documents\KTPM_DO-AN\shopluuniem\e2e-tests\visual-regression.spec.js:17:5

    attachment #1: cart-page (image/png) ───────────────────────────────────────────────────────────
    Expected: visual-regression.spec.js-snapshots\cart-page-webkit-win32.png
    Received: ..\test-results\visual-regression-Visual-R-ec7c2--page-screenshot-comparison-webkit\cart-page-actual.png
    ────────────────────────────────────────────────────────────────────────────────────────────────

    attachment #2: screenshot (image/png) ──────────────────────────────────────────────────────────
    ..\test-results\visual-regression-Visual-R-ec7c2--page-screenshot-comparison-webkit\test-failed-1.png
    ────────────────────────────────────────────────────────────────────────────────────────────────

    attachment #3: video (video/webm) ──────────────────────────────────────────────────────────────
    ..\test-results\visual-regression-Visual-R-ec7c2--page-screenshot-comparison-webkit\video.webm
    ────────────────────────────────────────────────────────────────────────────────────────────────

    Error Context: ..\test-results\visual-regression-Visual-R-ec7c2--page-screenshot-comparison-webkit\error-context.md
]]>
</failure>
<system-out>
<![CDATA[
[[ATTACHMENT|..\e2e-tests\visual-regression.spec.js-snapshots\cart-page-webkit-win32.png]]

[[ATTACHMENT|visual-regression-Visual-R-ec7c2--page-screenshot-comparison-webkit\cart-page-actual.png]]

[[ATTACHMENT|visual-regression-Visual-R-ec7c2--page-screenshot-comparison-webkit\test-failed-1.png]]

[[ATTACHMENT|visual-regression-Visual-R-ec7c2--page-screenshot-comparison-webkit\video.webm]]

[[ATTACHMENT|visual-regression-Visual-R-ec7c2--page-screenshot-comparison-webkit\error-context.md]]
]]>
</system-out>
</testcase>
</testsuite>
<testsuite name="api-integration.spec.js" timestamp="2025-12-23T17:41:52.946Z" hostname="Mobile Chrome" tests="3" failures="3" skipped="0" time="1.134" errors="0">
<testcase name="API Integration Tests › API returns correct product data" classname="api-integration.spec.js" time="0.388">
<failure message="api-integration.spec.js:6:7 API returns correct product data" type="FAILURE">
<![CDATA[  [Mobile Chrome] › api-integration.spec.js:6:7 › API Integration Tests › API returns correct product data 

    Error: apiRequestContext.get: connect ECONNREFUSED ::1:8000
    Call log:
      - → GET http://localhost:8000/api/Product
        - user-agent: Mozilla/5.0 (Linux; Android 11; Pixel 5) AppleWebKit/537.36 (KHTML, like Gecko) Chrome/143.0.7499.4 Mobile Safari/537.36
        - accept: */*
        - accept-encoding: gzip,deflate,br

        at apiRequestContext.get: connect ECONNREFUSED ::1:8000
        at C:\Users\khang\OneDrive\Documents\KTPM_DO-AN\shopluuniem\e2e-tests\api-integration.spec.js:7:36
]]>
</failure>
</testcase>
<testcase name="API Integration Tests › API handles authentication" classname="api-integration.spec.js" time="0.371">
<failure message="api-integration.spec.js:15:7 API handles authentication" type="FAILURE">
<![CDATA[  [Mobile Chrome] › api-integration.spec.js:15:7 › API Integration Tests › API handles authentication 

    Error: apiRequestContext.post: connect ECONNREFUSED ::1:8000
    Call log:
      - → POST http://localhost:8000/api/admin/user/login
        - user-agent: Mozilla/5.0 (Linux; Android 11; Pixel 5) AppleWebKit/537.36 (KHTML, like Gecko) Chrome/143.0.7499.4 Mobile Safari/537.36
        - accept: */*
        - accept-encoding: gzip,deflate,br
        - content-type: application/json
        - content-length: 44

        at apiRequestContext.post: connect ECONNREFUSED ::1:8000
        at C:\Users\khang\OneDrive\Documents\KTPM_DO-AN\shopluuniem\e2e-tests\api-integration.spec.js:16:36
]]>
</failure>
</testcase>
<testcase name="API Integration Tests › API protects admin endpoints" classname="api-integration.spec.js" time="0.375">
<failure message="api-integration.spec.js:28:7 API protects admin endpoints" type="FAILURE">
<![CDATA[  [Mobile Chrome] › api-integration.spec.js:28:7 › API Integration Tests › API protects admin endpoints 

    Error: apiRequestContext.get: connect ECONNREFUSED ::1:8000
    Call log:
      - → GET http://localhost:8000/api/admin/user
        - user-agent: Mozilla/5.0 (Linux; Android 11; Pixel 5) AppleWebKit/537.36 (KHTML, like Gecko) Chrome/143.0.7499.4 Mobile Safari/537.36
        - accept: */*
        - accept-encoding: gzip,deflate,br

        at apiRequestContext.get: connect ECONNREFUSED ::1:8000
        at C:\Users\khang\OneDrive\Documents\KTPM_DO-AN\shopluuniem\e2e-tests\api-integration.spec.js:29:36
]]>
</failure>
</testcase>
</testsuite>
<testsuite name="complete-shopping-flow.spec.js" timestamp="2025-12-23T17:41:52.946Z" hostname="Mobile Chrome" tests="17" failures="15" skipped="0" time="131.759" errors="0">
<testcase name="Complete Shopping Flow › User can browse, add to cart, and checkout" classname="complete-shopping-flow.spec.js" time="8.041">
<failure message="complete-shopping-flow.spec.js:5:7 User can browse, add to cart, and checkout" type="FAILURE">
<![CDATA[  [Mobile Chrome] › complete-shopping-flow.spec.js:5:7 › Complete Shopping Flow › User can browse, add to cart, and checkout 

    Error: expect(page).toHaveTitle(expected) failed

    Expected pattern: /Shop/i
    Received string:  "React App"
    Timeout: 5000ms

    Call log:
      - Expect "toHaveTitle" with timeout 5000ms
        8 × unexpected value "React App"


       6 |     // Step 1: Visit homepage
       7 |     await page.goto('/');
    >  8 |     await expect(page).toHaveTitle(/Shop/i);
         |                        ^
       9 |     
      10 |     // Step 2: Navigate to shop page
      11 |     await page.click('a[href*="shop"]');
        at C:\Users\khang\OneDrive\Documents\KTPM_DO-AN\shopluuniem\e2e-tests\complete-shopping-flow.spec.js:8:24

    attachment #1: screenshot (image/png) ──────────────────────────────────────────────────────────
    ..\test-results\complete-shopping-flow-Com-a2b3f-se-add-to-cart-and-checkout-Mobile-Chrome\test-failed-1.png
    ────────────────────────────────────────────────────────────────────────────────────────────────

    attachment #2: video (video/webm) ──────────────────────────────────────────────────────────────
    ..\test-results\complete-shopping-flow-Com-a2b3f-se-add-to-cart-and-checkout-Mobile-Chrome\video.webm
    ────────────────────────────────────────────────────────────────────────────────────────────────

    Error Context: ..\test-results\complete-shopping-flow-Com-a2b3f-se-add-to-cart-and-checkout-Mobile-Chrome\error-context.md
]]>
</failure>
<system-out>
<![CDATA[
[[ATTACHMENT|complete-shopping-flow-Com-a2b3f-se-add-to-cart-and-checkout-Mobile-Chrome\test-failed-1.png]]

[[ATTACHMENT|complete-shopping-flow-Com-a2b3f-se-add-to-cart-and-checkout-Mobile-Chrome\video.webm]]

[[ATTACHMENT|complete-shopping-flow-Com-a2b3f-se-add-to-cart-and-checkout-Mobile-Chrome\error-context.md]]
]]>
</system-out>
</testcase>
<testcase name="Complete Shopping Flow › User can search for products" classname="complete-shopping-flow.spec.js" time="7.519">
<failure message="complete-shopping-flow.spec.js:90:7 User can search for products" type="FAILURE">
<![CDATA[  [Mobile Chrome] › complete-shopping-flow.spec.js:90:7 › Complete Shopping Flow › User can search for products 

    Error: expect(locator).toBeVisible() failed

    Locator:  locator('.product, [class*="product"]').first()
    Expected: visible
    Received: hidden
    Timeout:  5000ms

    Call log:
      - Expect "toBeVisible" with timeout 5000ms
      - waiting for locator('.product, [class*="product"]').first()
        9 × locator resolved to <ul class="minicart-product-list"></ul>
          - unexpected value "hidden"


       99 |     await page.waitForURL(/search/);
      100 |     const products = page.locator('.product, [class*="product"]');
    > 101 |     await expect(products.first()).toBeVisible();
          |                                    ^
      102 |   });
      103 |   
      104 |   test('User can view order history', async ({ page }) => {
        at C:\Users\khang\OneDrive\Documents\KTPM_DO-AN\shopluuniem\e2e-tests\complete-shopping-flow.spec.js:101:36

    attachment #1: screenshot (image/png) ──────────────────────────────────────────────────────────
    ..\test-results\complete-shopping-flow-Com-a255f-ser-can-search-for-products-Mobile-Chrome\test-failed-1.png
    ────────────────────────────────────────────────────────────────────────────────────────────────

    attachment #2: video (video/webm) ──────────────────────────────────────────────────────────────
    ..\test-results\complete-shopping-flow-Com-a255f-ser-can-search-for-products-Mobile-Chrome\video.webm
    ────────────────────────────────────────────────────────────────────────────────────────────────

    Error Context: ..\test-results\complete-shopping-flow-Com-a255f-ser-can-search-for-products-Mobile-Chrome\error-context.md
]]>
</failure>
<system-out>
<![CDATA[
[[ATTACHMENT|complete-shopping-flow-Com-a255f-ser-can-search-for-products-Mobile-Chrome\test-failed-1.png]]

[[ATTACHMENT|complete-shopping-flow-Com-a255f-ser-can-search-for-products-Mobile-Chrome\video.webm]]

[[ATTACHMENT|complete-shopping-flow-Com-a255f-ser-can-search-for-products-Mobile-Chrome\error-context.md]]
]]>
</system-out>
</testcase>
<testcase name="Complete Shopping Flow › User can view order history" classname="complete-shopping-flow.spec.js" time="11.333">
<failure message="complete-shopping-flow.spec.js:104:7 User can view order history" type="FAILURE">
<![CDATA[  [Mobile Chrome] › complete-shopping-flow.spec.js:104:7 › Complete Shopping Flow › User can view order history 

    Error: expect(locator).toBeVisible() failed

    Locator: locator('table tbody tr, .order-item').first()
    Expected: visible
    Timeout: 5000ms
    Error: element(s) not found

    Call log:
      - Expect "toBeVisible" with timeout 5000ms
      - waiting for locator('table tbody tr, .order-item').first()


      116 |     // Verify orders are displayed
      117 |     const orders = page.locator('table tbody tr, .order-item');
    > 118 |     await expect(orders.first()).toBeVisible({ timeout: 5000 });
          |                                  ^
      119 |   });
      120 | });
      121 |
        at C:\Users\khang\OneDrive\Documents\KTPM_DO-AN\shopluuniem\e2e-tests\complete-shopping-flow.spec.js:118:34

    attachment #1: screenshot (image/png) ──────────────────────────────────────────────────────────
    ..\test-results\complete-shopping-flow-Com-57aa7-User-can-view-order-history-Mobile-Chrome\test-failed-1.png
    ────────────────────────────────────────────────────────────────────────────────────────────────

    attachment #2: video (video/webm) ──────────────────────────────────────────────────────────────
    ..\test-results\complete-shopping-flow-Com-57aa7-User-can-view-order-history-Mobile-Chrome\video.webm
    ────────────────────────────────────────────────────────────────────────────────────────────────

    Error Context: ..\test-results\complete-shopping-flow-Com-57aa7-User-can-view-order-history-Mobile-Chrome\error-context.md
]]>
</failure>
<system-out>
<![CDATA[
[[ATTACHMENT|complete-shopping-flow-Com-57aa7-User-can-view-order-history-Mobile-Chrome\test-failed-1.png]]

[[ATTACHMENT|complete-shopping-flow-Com-57aa7-User-can-view-order-history-Mobile-Chrome\video.webm]]

[[ATTACHMENT|complete-shopping-flow-Com-57aa7-User-can-view-order-history-Mobile-Chrome\error-context.md]]
]]>
</system-out>
</testcase>
<testcase name="User Authentication › User can register" classname="complete-shopping-flow.spec.js" time="11.172">
<failure message="complete-shopping-flow.spec.js:124:7 User can register" type="FAILURE">
<![CDATA[  [Mobile Chrome] › complete-shopping-flow.spec.js:124:7 › User Authentication › User can register ─

    Error: expect(locator).toBeVisible() failed

    Locator: locator('text=thành công, text=success')
    Expected: visible
    Timeout: 5000ms
    Error: element(s) not found

    Call log:
      - Expect "toBeVisible" with timeout 5000ms
      - waiting for locator('text=thành công, text=success')


      135 |     
      136 |     // Verify success message
    > 137 |     await expect(page.locator('text=thành công, text=success')).toBeVisible();
          |                                                                 ^
      138 |   });
      139 |   
      140 |   test('User can login', async ({ page }) => {
        at C:\Users\khang\OneDrive\Documents\KTPM_DO-AN\shopluuniem\e2e-tests\complete-shopping-flow.spec.js:137:65

    attachment #1: screenshot (image/png) ──────────────────────────────────────────────────────────
    ..\test-results\complete-shopping-flow-User-Authentication-User-can-register-Mobile-Chrome\test-failed-1.png
    ────────────────────────────────────────────────────────────────────────────────────────────────

    attachment #2: video (video/webm) ──────────────────────────────────────────────────────────────
    ..\test-results\complete-shopping-flow-User-Authentication-User-can-register-Mobile-Chrome\video.webm
    ────────────────────────────────────────────────────────────────────────────────────────────────

    Error Context: ..\test-results\complete-shopping-flow-User-Authentication-User-can-register-Mobile-Chrome\error-context.md
]]>
</failure>
<system-out>
<![CDATA[
[[ATTACHMENT|complete-shopping-flow-User-Authentication-User-can-register-Mobile-Chrome\test-failed-1.png]]

[[ATTACHMENT|complete-shopping-flow-User-Authentication-User-can-register-Mobile-Chrome\video.webm]]

[[ATTACHMENT|complete-shopping-flow-User-Authentication-User-can-register-Mobile-Chrome\error-context.md]]
]]>
</system-out>
</testcase>
<testcase name="User Authentication › User can login" classname="complete-shopping-flow.spec.js" time="4.616">
</testcase>
<testcase name="User Authentication › User cannot login with wrong credentials" classname="complete-shopping-flow.spec.js" time="10.012">
<failure message="complete-shopping-flow.spec.js:151:7 User cannot login with wrong credentials" type="FAILURE">
<![CDATA[  [Mobile Chrome] › complete-shopping-flow.spec.js:151:7 › User Authentication › User cannot login with wrong credentials 

    Error: expect(locator).toBeVisible() failed

    Locator: locator('text=Wrong, text=Sai')
    Expected: visible
    Timeout: 5000ms
    Error: element(s) not found

    Call log:
      - Expect "toBeVisible" with timeout 5000ms
      - waiting for locator('text=Wrong, text=Sai')


      157 |     
      158 |     // Should show error
    > 159 |     await expect(page.locator('text=Wrong, text=Sai')).toBeVisible();
          |                                                        ^
      160 |   });
      161 | });
      162 |
        at C:\Users\khang\OneDrive\Documents\KTPM_DO-AN\shopluuniem\e2e-tests\complete-shopping-flow.spec.js:159:56

    attachment #1: screenshot (image/png) ──────────────────────────────────────────────────────────
    ..\test-results\complete-shopping-flow-Use-19755-ogin-with-wrong-credentials-Mobile-Chrome\test-failed-1.png
    ────────────────────────────────────────────────────────────────────────────────────────────────

    attachment #2: video (video/webm) ──────────────────────────────────────────────────────────────
    ..\test-results\complete-shopping-flow-Use-19755-ogin-with-wrong-credentials-Mobile-Chrome\video.webm
    ────────────────────────────────────────────────────────────────────────────────────────────────

    Error Context: ..\test-results\complete-shopping-flow-Use-19755-ogin-with-wrong-credentials-Mobile-Chrome\error-context.md
]]>
</failure>
<system-out>
<![CDATA[
[[ATTACHMENT|complete-shopping-flow-Use-19755-ogin-with-wrong-credentials-Mobile-Chrome\test-failed-1.png]]

[[ATTACHMENT|complete-shopping-flow-Use-19755-ogin-with-wrong-credentials-Mobile-Chrome\video.webm]]

[[ATTACHMENT|complete-shopping-flow-Use-19755-ogin-with-wrong-credentials-Mobile-Chrome\error-context.md]]
]]>
</system-out>
</testcase>
<testcase name="Admin Panel › Admin can view user list" classname="complete-shopping-flow.spec.js" time="4.378">
<failure message="complete-shopping-flow.spec.js:174:7 Admin can view user list" type="FAILURE">
<![CDATA[  [Mobile Chrome] › complete-shopping-flow.spec.js:174:7 › Admin Panel › Admin can view user list ──

    Error: page.goto: net::ERR_CONNECTION_REFUSED at http://localhost:3001/signin
    Call log:
      - navigating to "http://localhost:3001/signin", waiting until "load"


      165 |   test.beforeEach(async ({ page }) => {
      166 |     // Admin login
    > 167 |     await page.goto('http://localhost:3001/signin');
          |                ^
      168 |     await page.fill('input[placeholder*="Username"]', 'admin');
      169 |     await page.fill('input[type="password"]', 'admin123');
      170 |     await page.click('button[type="submit"]');
        at C:\Users\khang\OneDrive\Documents\KTPM_DO-AN\shopluuniem\e2e-tests\complete-shopping-flow.spec.js:167:16

    attachment #1: screenshot (image/png) ──────────────────────────────────────────────────────────
    ..\test-results\complete-shopping-flow-Admin-Panel-Admin-can-view-user-list-Mobile-Chrome\test-failed-1.png
    ────────────────────────────────────────────────────────────────────────────────────────────────

    attachment #2: video (video/webm) ──────────────────────────────────────────────────────────────
    ..\test-results\complete-shopping-flow-Admin-Panel-Admin-can-view-user-list-Mobile-Chrome\video.webm
    ────────────────────────────────────────────────────────────────────────────────────────────────
]]>
</failure>
<system-out>
<![CDATA[
[[ATTACHMENT|complete-shopping-flow-Admin-Panel-Admin-can-view-user-list-Mobile-Chrome\test-failed-1.png]]

[[ATTACHMENT|complete-shopping-flow-Admin-Panel-Admin-can-view-user-list-Mobile-Chrome\video.webm]]
]]>
</system-out>
</testcase>
<testcase name="Admin Panel › Admin can create new user" classname="complete-shopping-flow.spec.js" time="4.331">
<failure message="complete-shopping-flow.spec.js:181:7 Admin can create new user" type="FAILURE">
<![CDATA[  [Mobile Chrome] › complete-shopping-flow.spec.js:181:7 › Admin Panel › Admin can create new user ─

    Error: page.goto: net::ERR_CONNECTION_REFUSED at http://localhost:3001/signin
    Call log:
      - navigating to "http://localhost:3001/signin", waiting until "load"


      165 |   test.beforeEach(async ({ page }) => {
      166 |     // Admin login
    > 167 |     await page.goto('http://localhost:3001/signin');
          |                ^
      168 |     await page.fill('input[placeholder*="Username"]', 'admin');
      169 |     await page.fill('input[type="password"]', 'admin123');
      170 |     await page.click('button[type="submit"]');
        at C:\Users\khang\OneDrive\Documents\KTPM_DO-AN\shopluuniem\e2e-tests\complete-shopping-flow.spec.js:167:16

    attachment #1: screenshot (image/png) ──────────────────────────────────────────────────────────
    ..\test-results\complete-shopping-flow-Admin-Panel-Admin-can-create-new-user-Mobile-Chrome\test-failed-1.png
    ────────────────────────────────────────────────────────────────────────────────────────────────

    attachment #2: video (video/webm) ──────────────────────────────────────────────────────────────
    ..\test-results\complete-shopping-flow-Admin-Panel-Admin-can-create-new-user-Mobile-Chrome\video.webm
    ────────────────────────────────────────────────────────────────────────────────────────────────
]]>
</failure>
<system-out>
<![CDATA[
[[ATTACHMENT|complete-shopping-flow-Admin-Panel-Admin-can-create-new-user-Mobile-Chrome\test-failed-1.png]]

[[ATTACHMENT|complete-shopping-flow-Admin-Panel-Admin-can-create-new-user-Mobile-Chrome\video.webm]]
]]>
</system-out>
</testcase>
<testcase name="Admin Panel › Admin can view products" classname="complete-shopping-flow.spec.js" time="4.013">
<failure message="complete-shopping-flow.spec.js:197:7 Admin can view products" type="FAILURE">
<![CDATA[  [Mobile Chrome] › complete-shopping-flow.spec.js:197:7 › Admin Panel › Admin can view products ───

    Error: page.goto: net::ERR_CONNECTION_REFUSED at http://localhost:3001/signin
    Call log:
      - navigating to "http://localhost:3001/signin", waiting until "load"


      165 |   test.beforeEach(async ({ page }) => {
      166 |     // Admin login
    > 167 |     await page.goto('http://localhost:3001/signin');
          |                ^
      168 |     await page.fill('input[placeholder*="Username"]', 'admin');
      169 |     await page.fill('input[type="password"]', 'admin123');
      170 |     await page.click('button[type="submit"]');
        at C:\Users\khang\OneDrive\Documents\KTPM_DO-AN\shopluuniem\e2e-tests\complete-shopping-flow.spec.js:167:16

    attachment #1: screenshot (image/png) ──────────────────────────────────────────────────────────
    ..\test-results\complete-shopping-flow-Admin-Panel-Admin-can-view-products-Mobile-Chrome\test-failed-1.png
    ────────────────────────────────────────────────────────────────────────────────────────────────

    attachment #2: video (video/webm) ──────────────────────────────────────────────────────────────
    ..\test-results\complete-shopping-flow-Admin-Panel-Admin-can-view-products-Mobile-Chrome\video.webm
    ────────────────────────────────────────────────────────────────────────────────────────────────
]]>
</failure>
<system-out>
<![CDATA[
[[ATTACHMENT|complete-shopping-flow-Admin-Panel-Admin-can-view-products-Mobile-Chrome\test-failed-1.png]]

[[ATTACHMENT|complete-shopping-flow-Admin-Panel-Admin-can-view-products-Mobile-Chrome\video.webm]]
]]>
</system-out>
</testcase>
<testcase name="Admin Panel › Admin can view orders" classname="complete-shopping-flow.spec.js" time="4.455">
<failure message="complete-shopping-flow.spec.js:204:7 Admin can view orders" type="FAILURE">
<![CDATA[  [Mobile Chrome] › complete-shopping-flow.spec.js:204:7 › Admin Panel › Admin can view orders ─────

    Error: page.goto: net::ERR_CONNECTION_REFUSED at http://localhost:3001/signin
    Call log:
      - navigating to "http://localhost:3001/signin", waiting until "load"


      165 |   test.beforeEach(async ({ page }) => {
      166 |     // Admin login
    > 167 |     await page.goto('http://localhost:3001/signin');
          |                ^
      168 |     await page.fill('input[placeholder*="Username"]', 'admin');
      169 |     await page.fill('input[type="password"]', 'admin123');
      170 |     await page.click('button[type="submit"]');
        at C:\Users\khang\OneDrive\Documents\KTPM_DO-AN\shopluuniem\e2e-tests\complete-shopping-flow.spec.js:167:16

    attachment #1: screenshot (image/png) ──────────────────────────────────────────────────────────
    ..\test-results\complete-shopping-flow-Admin-Panel-Admin-can-view-orders-Mobile-Chrome\test-failed-1.png
    ────────────────────────────────────────────────────────────────────────────────────────────────

    attachment #2: video (video/webm) ──────────────────────────────────────────────────────────────
    ..\test-results\complete-shopping-flow-Admin-Panel-Admin-can-view-orders-Mobile-Chrome\video.webm
    ────────────────────────────────────────────────────────────────────────────────────────────────
]]>
</failure>
<system-out>
<![CDATA[
[[ATTACHMENT|complete-shopping-flow-Admin-Panel-Admin-can-view-orders-Mobile-Chrome\test-failed-1.png]]

[[ATTACHMENT|complete-shopping-flow-Admin-Panel-Admin-can-view-orders-Mobile-Chrome\video.webm]]
]]>
</system-out>
</testcase>
<testcase name="Responsive Design › Mobile - Shopping flow works on mobile" classname="complete-shopping-flow.spec.js" time="32.653">
<failure message="complete-shopping-flow.spec.js:214:7 Mobile - Shopping flow works on mobile" type="FAILURE">
<![CDATA[  [Mobile Chrome] › complete-shopping-flow.spec.js:214:7 › Responsive Design › Mobile - Shopping flow works on mobile 

    Test timeout of 30000ms exceeded.

    Error: locator.click: Test timeout of 30000ms exceeded.
    Call log:
      - waiting for locator('.product, [class*="product"]').first()
        - locator resolved to <ul class="minicart-product-list"></ul>
      - attempting click action
        2 × waiting for element to be visible, enabled and stable
          - element is not visible
        - retrying click action
        - waiting 20ms
        2 × waiting for element to be visible, enabled and stable
          - element is not visible
        - retrying click action
          - waiting 100ms
        52 × waiting for element to be visible, enabled and stable
           - element is not visible
         - retrying click action
           - waiting 500ms


      229 |     // Click product
      230 |     const products = page.locator('.product, [class*="product"]');
    > 231 |     await products.first().click();
          |                            ^
      232 |     
      233 |     // Add to cart
      234 |     await page.click('text=Add to cart');
        at C:\Users\khang\OneDrive\Documents\KTPM_DO-AN\shopluuniem\e2e-tests\complete-shopping-flow.spec.js:231:28

    attachment #1: screenshot (image/png) ──────────────────────────────────────────────────────────
    ..\test-results\complete-shopping-flow-Res-ec642-opping-flow-works-on-mobile-Mobile-Chrome\test-failed-1.png
    ────────────────────────────────────────────────────────────────────────────────────────────────

    attachment #2: video (video/webm) ──────────────────────────────────────────────────────────────
    ..\test-results\complete-shopping-flow-Res-ec642-opping-flow-works-on-mobile-Mobile-Chrome\video.webm
    ────────────────────────────────────────────────────────────────────────────────────────────────

    Error Context: ..\test-results\complete-shopping-flow-Res-ec642-opping-flow-works-on-mobile-Mobile-Chrome\error-context.md
]]>
</failure>
<system-out>
<![CDATA[
[[ATTACHMENT|complete-shopping-flow-Res-ec642-opping-flow-works-on-mobile-Mobile-Chrome\test-failed-1.png]]

[[ATTACHMENT|complete-shopping-flow-Res-ec642-opping-flow-works-on-mobile-Mobile-Chrome\video.webm]]

[[ATTACHMENT|complete-shopping-flow-Res-ec642-opping-flow-works-on-mobile-Mobile-Chrome\error-context.md]]
]]>
</system-out>
</testcase>
<testcase name="Responsive Design › Tablet - Layout adjusts correctly" classname="complete-shopping-flow.spec.js" time="3.307">
<failure message="complete-shopping-flow.spec.js:238:7 Tablet - Layout adjusts correctly" type="FAILURE">
<![CDATA[  [Mobile Chrome] › complete-shopping-flow.spec.js:238:7 › Responsive Design › Tablet - Layout adjusts correctly 

    Error: locator.boundingBox: Error: strict mode violation: locator('.container') resolved to 4 elements:
        1) <div class="container">…</div> aka locator('div').nth(3)
        2) <div class="container pb_header">…</div> aka locator('div').filter({ hasText: '0 VNĐ0SUBTOTAL: 0 VNĐView' }).nth(3)
        3) <div class="container">…</div> aka locator('div').filter({ hasText: 'HomeMenuMaleFemaleEventContact' }).nth(4)
        4) <div class="container">…</div> aka locator('div').filter({ hasText: 'We are a team of designers' }).nth(4)

    Call log:
      - waiting for locator('.container')


      243 |     // Check if layout is responsive
      244 |     const container = page.locator('.container');
    > 245 |     const boundingBox = await container.boundingBox();
          |                                         ^
      246 |     
      247 |     expect(boundingBox.width).toBeLessThanOrEqual(768);
      248 |   });
        at C:\Users\khang\OneDrive\Documents\KTPM_DO-AN\shopluuniem\e2e-tests\complete-shopping-flow.spec.js:245:41

    attachment #1: screenshot (image/png) ──────────────────────────────────────────────────────────
    ..\test-results\complete-shopping-flow-Res-4a092----Layout-adjusts-correctly-Mobile-Chrome\test-failed-1.png
    ────────────────────────────────────────────────────────────────────────────────────────────────

    attachment #2: video (video/webm) ──────────────────────────────────────────────────────────────
    ..\test-results\complete-shopping-flow-Res-4a092----Layout-adjusts-correctly-Mobile-Chrome\video.webm
    ────────────────────────────────────────────────────────────────────────────────────────────────

    Error Context: ..\test-results\complete-shopping-flow-Res-4a092----Layout-adjusts-correctly-Mobile-Chrome\error-context.md
]]>
</failure>
<system-out>
<![CDATA[
[[ATTACHMENT|complete-shopping-flow-Res-4a092----Layout-adjusts-correctly-Mobile-Chrome\test-failed-1.png]]

[[ATTACHMENT|complete-shopping-flow-Res-4a092----Layout-adjusts-correctly-Mobile-Chrome\video.webm]]

[[ATTACHMENT|complete-shopping-flow-Res-4a092----Layout-adjusts-correctly-Mobile-Chrome\error-context.md]]
]]>
</system-out>
</testcase>
<testcase name="Performance › Homepage loads within 3 seconds" classname="complete-shopping-flow.spec.js" time="7.882">
<failure message="complete-shopping-flow.spec.js:253:7 Homepage loads within 3 seconds" type="FAILURE">
<![CDATA[  [Mobile Chrome] › complete-shopping-flow.spec.js:253:7 › Performance › Homepage loads within 3 seconds 

    Error: expect(received).toBeLessThan(expected)

    Expected: < 3000
    Received:   6629

      256 |     const loadTime = Date.now() - startTime;
      257 |     
    > 258 |     expect(loadTime).toBeLessThan(3000);
          |                      ^
      259 |   });
      260 |   
      261 |   test('Product page loads within 2 seconds', async ({ page }) => {
        at C:\Users\khang\OneDrive\Documents\KTPM_DO-AN\shopluuniem\e2e-tests\complete-shopping-flow.spec.js:258:22

    attachment #1: screenshot (image/png) ──────────────────────────────────────────────────────────
    ..\test-results\complete-shopping-flow-Per-cb68b-page-loads-within-3-seconds-Mobile-Chrome\test-failed-1.png
    ────────────────────────────────────────────────────────────────────────────────────────────────

    attachment #2: video (video/webm) ──────────────────────────────────────────────────────────────
    ..\test-results\complete-shopping-flow-Per-cb68b-page-loads-within-3-seconds-Mobile-Chrome\video.webm
    ────────────────────────────────────────────────────────────────────────────────────────────────

    Error Context: ..\test-results\complete-shopping-flow-Per-cb68b-page-loads-within-3-seconds-Mobile-Chrome\error-context.md
]]>
</failure>
<system-out>
<![CDATA[
[[ATTACHMENT|complete-shopping-flow-Per-cb68b-page-loads-within-3-seconds-Mobile-Chrome\test-failed-1.png]]

[[ATTACHMENT|complete-shopping-flow-Per-cb68b-page-loads-within-3-seconds-Mobile-Chrome\video.webm]]

[[ATTACHMENT|complete-shopping-flow-Per-cb68b-page-loads-within-3-seconds-Mobile-Chrome\error-context.md]]
]]>
</system-out>
</testcase>
<testcase name="Performance › Product page loads within 2 seconds" classname="complete-shopping-flow.spec.js" time="7.585">
<failure message="complete-shopping-flow.spec.js:261:7 Product page loads within 2 seconds" type="FAILURE">
<![CDATA[  [Mobile Chrome] › complete-shopping-flow.spec.js:261:7 › Performance › Product page loads within 2 seconds 

    Error: expect(received).toBeLessThan(expected)

    Expected: < 2000
    Received:   6440

      264 |     const loadTime = Date.now() - startTime;
      265 |     
    > 266 |     expect(loadTime).toBeLessThan(2000);
          |                      ^
      267 |   });
      268 | });
      269 |
        at C:\Users\khang\OneDrive\Documents\KTPM_DO-AN\shopluuniem\e2e-tests\complete-shopping-flow.spec.js:266:22

    attachment #1: screenshot (image/png) ──────────────────────────────────────────────────────────
    ..\test-results\complete-shopping-flow-Per-11b79-page-loads-within-2-seconds-Mobile-Chrome\test-failed-1.png
    ────────────────────────────────────────────────────────────────────────────────────────────────

    attachment #2: video (video/webm) ──────────────────────────────────────────────────────────────
    ..\test-results\complete-shopping-flow-Per-11b79-page-loads-within-2-seconds-Mobile-Chrome\video.webm
    ────────────────────────────────────────────────────────────────────────────────────────────────

    Error Context: ..\test-results\complete-shopping-flow-Per-11b79-page-loads-within-2-seconds-Mobile-Chrome\error-context.md
]]>
</failure>
<system-out>
<![CDATA[
[[ATTACHMENT|complete-shopping-flow-Per-11b79-page-loads-within-2-seconds-Mobile-Chrome\test-failed-1.png]]

[[ATTACHMENT|complete-shopping-flow-Per-11b79-page-loads-within-2-seconds-Mobile-Chrome\video.webm]]

[[ATTACHMENT|complete-shopping-flow-Per-11b79-page-loads-within-2-seconds-Mobile-Chrome\error-context.md]]
]]>
</system-out>
</testcase>
<testcase name="Accessibility › All images have alt text" classname="complete-shopping-flow.spec.js" time="5.261">
<failure message="complete-shopping-flow.spec.js:272:7 All images have alt text" type="FAILURE">
<![CDATA[  [Mobile Chrome] › complete-shopping-flow.spec.js:272:7 › Accessibility › All images have alt text 

    Error: expect(received).toBe(expected) // Object.is equality

    Expected: 0
    Received: 1

      274 |     
      275 |     const imagesWithoutAlt = await page.locator('img:not([alt])').count();
    > 276 |     expect(imagesWithoutAlt).toBe(0);
          |                              ^
      277 |   });
      278 |   
      279 |   test('Forms have proper labels', async ({ page }) => {
        at C:\Users\khang\OneDrive\Documents\KTPM_DO-AN\shopluuniem\e2e-tests\complete-shopping-flow.spec.js:276:30

    attachment #1: screenshot (image/png) ──────────────────────────────────────────────────────────
    ..\test-results\complete-shopping-flow-Acc-10e95-ty-All-images-have-alt-text-Mobile-Chrome\test-failed-1.png
    ────────────────────────────────────────────────────────────────────────────────────────────────

    attachment #2: video (video/webm) ──────────────────────────────────────────────────────────────
    ..\test-results\complete-shopping-flow-Acc-10e95-ty-All-images-have-alt-text-Mobile-Chrome\video.webm
    ────────────────────────────────────────────────────────────────────────────────────────────────

    Error Context: ..\test-results\complete-shopping-flow-Acc-10e95-ty-All-images-have-alt-text-Mobile-Chrome\error-context.md
]]>
</failure>
<system-out>
<![CDATA[
[[ATTACHMENT|complete-shopping-flow-Acc-10e95-ty-All-images-have-alt-text-Mobile-Chrome\test-failed-1.png]]

[[ATTACHMENT|complete-shopping-flow-Acc-10e95-ty-All-images-have-alt-text-Mobile-Chrome\video.webm]]

[[ATTACHMENT|complete-shopping-flow-Acc-10e95-ty-All-images-have-alt-text-Mobile-Chrome\error-context.md]]
]]>
</system-out>
</testcase>
<testcase name="Accessibility › Forms have proper labels" classname="complete-shopping-flow.spec.js" time="2.526">
</testcase>
<testcase name="Accessibility › Page has proper heading structure" classname="complete-shopping-flow.spec.js" time="2.675">
<failure message="complete-shopping-flow.spec.js:295:7 Page has proper heading structure" type="FAILURE">
<![CDATA[  [Mobile Chrome] › complete-shopping-flow.spec.js:295:7 › Accessibility › Page has proper heading structure 

    Error: expect(received).toBeGreaterThanOrEqual(expected)

    Expected: >= 1
    Received:    0

      297 |     
      298 |     const h1Count = await page.locator('h1').count();
    > 299 |     expect(h1Count).toBeGreaterThanOrEqual(1);
          |                     ^
      300 |   });
      301 | });
        at C:\Users\khang\OneDrive\Documents\KTPM_DO-AN\shopluuniem\e2e-tests\complete-shopping-flow.spec.js:299:21

    attachment #1: screenshot (image/png) ──────────────────────────────────────────────────────────
    ..\test-results\complete-shopping-flow-Acc-d94df-as-proper-heading-structure-Mobile-Chrome\test-failed-1.png
    ────────────────────────────────────────────────────────────────────────────────────────────────

    attachment #2: video (video/webm) ──────────────────────────────────────────────────────────────
    ..\test-results\complete-shopping-flow-Acc-d94df-as-proper-heading-structure-Mobile-Chrome\video.webm
    ────────────────────────────────────────────────────────────────────────────────────────────────

    Error Context: ..\test-results\complete-shopping-flow-Acc-d94df-as-proper-heading-structure-Mobile-Chrome\error-context.md
]]>
</failure>
<system-out>
<![CDATA[
[[ATTACHMENT|complete-shopping-flow-Acc-d94df-as-proper-heading-structure-Mobile-Chrome\test-failed-1.png]]

[[ATTACHMENT|complete-shopping-flow-Acc-d94df-as-proper-heading-structure-Mobile-Chrome\video.webm]]

[[ATTACHMENT|complete-shopping-flow-Acc-d94df-as-proper-heading-structure-Mobile-Chrome\error-context.md]]
]]>
</system-out>
</testcase>
</testsuite>
<testsuite name="visual-regression.spec.js" timestamp="2025-12-23T17:41:52.946Z" hostname="Mobile Chrome" tests="3" failures="3" skipped="0" time="8.978" errors="0">
<testcase name="Visual Regression Tests › Homepage screenshot comparison" classname="visual-regression.spec.js" time="2.89">
<failure message="visual-regression.spec.js:5:7 Homepage screenshot comparison" type="FAILURE">
<![CDATA[  [Mobile Chrome] › visual-regression.spec.js:5:7 › Visual Regression Tests › Homepage screenshot comparison 

    Error: A snapshot doesn't exist at C:\Users\khang\OneDrive\Documents\KTPM_DO-AN\shopluuniem\e2e-tests\visual-regression.spec.js-snapshots\homepage-Mobile-Chrome-win32.png, writing actual.

       5 |   test('Homepage screenshot comparison', async ({ page }) => {
       6 |     await page.goto('/');
    >  7 |     await expect(page).toHaveScreenshot('homepage.png');
         |     ^
       8 |   });
       9 |   
      10 |   test('Product page screenshot comparison', async ({ page }) => {
        at C:\Users\khang\OneDrive\Documents\KTPM_DO-AN\shopluuniem\e2e-tests\visual-regression.spec.js:7:5

    attachment #1: homepage (image/png) ────────────────────────────────────────────────────────────
    Expected: visual-regression.spec.js-snapshots\homepage-Mobile-Chrome-win32.png
    Received: ..\test-results\visual-regression-Visual-R-d42b6-epage-screenshot-comparison-Mobile-Chrome\homepage-actual.png
    ────────────────────────────────────────────────────────────────────────────────────────────────

    attachment #2: screenshot (image/png) ──────────────────────────────────────────────────────────
    ..\test-results\visual-regression-Visual-R-d42b6-epage-screenshot-comparison-Mobile-Chrome\test-failed-1.png
    ────────────────────────────────────────────────────────────────────────────────────────────────

    attachment #3: video (video/webm) ──────────────────────────────────────────────────────────────
    ..\test-results\visual-regression-Visual-R-d42b6-epage-screenshot-comparison-Mobile-Chrome\video.webm
    ────────────────────────────────────────────────────────────────────────────────────────────────

    Error Context: ..\test-results\visual-regression-Visual-R-d42b6-epage-screenshot-comparison-Mobile-Chrome\error-context.md
]]>
</failure>
<system-out>
<![CDATA[
[[ATTACHMENT|..\e2e-tests\visual-regression.spec.js-snapshots\homepage-Mobile-Chrome-win32.png]]

[[ATTACHMENT|visual-regression-Visual-R-d42b6-epage-screenshot-comparison-Mobile-Chrome\homepage-actual.png]]

[[ATTACHMENT|visual-regression-Visual-R-d42b6-epage-screenshot-comparison-Mobile-Chrome\test-failed-1.png]]

[[ATTACHMENT|visual-regression-Visual-R-d42b6-epage-screenshot-comparison-Mobile-Chrome\video.webm]]

[[ATTACHMENT|visual-regression-Visual-R-d42b6-epage-screenshot-comparison-Mobile-Chrome\error-context.md]]
]]>
</system-out>
</testcase>
<testcase name="Visual Regression Tests › Product page screenshot comparison" classname="visual-regression.spec.js" time="3.847">
<failure message="visual-regression.spec.js:10:7 Product page screenshot comparison" type="FAILURE">
<![CDATA[  [Mobile Chrome] › visual-regression.spec.js:10:7 › Visual Regression Tests › Product page screenshot comparison 

    Error: A snapshot doesn't exist at C:\Users\khang\OneDrive\Documents\KTPM_DO-AN\shopluuniem\e2e-tests\visual-regression.spec.js-snapshots\product-page-Mobile-Chrome-win32.png, writing actual.

      10 |   test('Product page screenshot comparison', async ({ page }) => {
      11 |     await page.goto('/detail/1');
    > 12 |     await expect(page).toHaveScreenshot('product-page.png');
         |     ^
      13 |   });
      14 |   
      15 |   test('Cart page screenshot comparison', async ({ page }) => {
        at C:\Users\khang\OneDrive\Documents\KTPM_DO-AN\shopluuniem\e2e-tests\visual-regression.spec.js:12:5

    attachment #1: product-page (image/png) ────────────────────────────────────────────────────────
    Expected: visual-regression.spec.js-snapshots\product-page-Mobile-Chrome-win32.png
    Received: ..\test-results\visual-regression-Visual-R-106e9--page-screenshot-comparison-Mobile-Chrome\product-page-actual.png
    ────────────────────────────────────────────────────────────────────────────────────────────────

    attachment #2: screenshot (image/png) ──────────────────────────────────────────────────────────
    ..\test-results\visual-regression-Visual-R-106e9--page-screenshot-comparison-Mobile-Chrome\test-failed-1.png
    ────────────────────────────────────────────────────────────────────────────────────────────────

    attachment #3: video (video/webm) ──────────────────────────────────────────────────────────────
    ..\test-results\visual-regression-Visual-R-106e9--page-screenshot-comparison-Mobile-Chrome\video.webm
    ────────────────────────────────────────────────────────────────────────────────────────────────

    Error Context: ..\test-results\visual-regression-Visual-R-106e9--page-screenshot-comparison-Mobile-Chrome\error-context.md
]]>
</failure>
<system-out>
<![CDATA[
[[ATTACHMENT|..\e2e-tests\visual-regression.spec.js-snapshots\product-page-Mobile-Chrome-win32.png]]

[[ATTACHMENT|visual-regression-Visual-R-106e9--page-screenshot-comparison-Mobile-Chrome\product-page-actual.png]]

[[ATTACHMENT|visual-regression-Visual-R-106e9--page-screenshot-comparison-Mobile-Chrome\test-failed-1.png]]

[[ATTACHMENT|visual-regression-Visual-R-106e9--page-screenshot-comparison-Mobile-Chrome\video.webm]]

[[ATTACHMENT|visual-regression-Visual-R-106e9--page-screenshot-comparison-Mobile-Chrome\error-context.md]]
]]>
</system-out>
</testcase>
<testcase name="Visual Regression Tests › Cart page screenshot comparison" classname="visual-regression.spec.js" time="2.241">
<failure message="visual-regression.spec.js:15:7 Cart page screenshot comparison" type="FAILURE">
<![CDATA[  [Mobile Chrome] › visual-regression.spec.js:15:7 › Visual Regression Tests › Cart page screenshot comparison 

    Error: A snapshot doesn't exist at C:\Users\khang\OneDrive\Documents\KTPM_DO-AN\shopluuniem\e2e-tests\visual-regression.spec.js-snapshots\cart-page-Mobile-Chrome-win32.png, writing actual.

      15 |   test('Cart page screenshot comparison', async ({ page }) => {
      16 |     await page.goto('/cart');
    > 17 |     await expect(page).toHaveScreenshot('cart-page.png');
         |     ^
      18 |   });
      19 | });
        at C:\Users\khang\OneDrive\Documents\KTPM_DO-AN\shopluuniem\e2e-tests\visual-regression.spec.js:17:5

    attachment #1: cart-page (image/png) ───────────────────────────────────────────────────────────
    Expected: visual-regression.spec.js-snapshots\cart-page-Mobile-Chrome-win32.png
    Received: ..\test-results\visual-regression-Visual-R-ec7c2--page-screenshot-comparison-Mobile-Chrome\cart-page-actual.png
    ────────────────────────────────────────────────────────────────────────────────────────────────

    attachment #2: screenshot (image/png) ──────────────────────────────────────────────────────────
    ..\test-results\visual-regression-Visual-R-ec7c2--page-screenshot-comparison-Mobile-Chrome\test-failed-1.png
    ────────────────────────────────────────────────────────────────────────────────────────────────

    attachment #3: video (video/webm) ──────────────────────────────────────────────────────────────
    ..\test-results\visual-regression-Visual-R-ec7c2--page-screenshot-comparison-Mobile-Chrome\video.webm
    ────────────────────────────────────────────────────────────────────────────────────────────────

    Error Context: ..\test-results\visual-regression-Visual-R-ec7c2--page-screenshot-comparison-Mobile-Chrome\error-context.md
]]>
</failure>
<system-out>
<![CDATA[
[[ATTACHMENT|..\e2e-tests\visual-regression.spec.js-snapshots\cart-page-Mobile-Chrome-win32.png]]

[[ATTACHMENT|visual-regression-Visual-R-ec7c2--page-screenshot-comparison-Mobile-Chrome\cart-page-actual.png]]

[[ATTACHMENT|visual-regression-Visual-R-ec7c2--page-screenshot-comparison-Mobile-Chrome\test-failed-1.png]]

[[ATTACHMENT|visual-regression-Visual-R-ec7c2--page-screenshot-comparison-Mobile-Chrome\video.webm]]

[[ATTACHMENT|visual-regression-Visual-R-ec7c2--page-screenshot-comparison-Mobile-Chrome\error-context.md]]
]]>
</system-out>
</testcase>
</testsuite>
<testsuite name="api-integration.spec.js" timestamp="2025-12-23T17:41:52.946Z" hostname="Mobile Safari" tests="3" failures="3" skipped="0" time="1.3" errors="0">
<testcase name="API Integration Tests › API returns correct product data" classname="api-integration.spec.js" time="0.506">
<failure message="api-integration.spec.js:6:7 API returns correct product data" type="FAILURE">
<![CDATA[  [Mobile Safari] › api-integration.spec.js:6:7 › API Integration Tests › API returns correct product data 

    Error: apiRequestContext.get: connect ECONNREFUSED ::1:8000
    Call log:
      - → GET http://localhost:8000/api/Product
        - user-agent: Mozilla/5.0 (iPhone; CPU iPhone OS 14_4 like Mac OS X) AppleWebKit/605.1.15 (KHTML, like Gecko) Version/26.0 Mobile/15E148 Safari/604.1
        - accept: */*
        - accept-encoding: gzip,deflate,br

        at apiRequestContext.get: connect ECONNREFUSED ::1:8000
        at C:\Users\khang\OneDrive\Documents\KTPM_DO-AN\shopluuniem\e2e-tests\api-integration.spec.js:7:36
]]>
</failure>
</testcase>
<testcase name="API Integration Tests › API handles authentication" classname="api-integration.spec.js" time="0.424">
<failure message="api-integration.spec.js:15:7 API handles authentication" type="FAILURE">
<![CDATA[  [Mobile Safari] › api-integration.spec.js:15:7 › API Integration Tests › API handles authentication 

    Error: apiRequestContext.post: connect ECONNREFUSED ::1:8000
    Call log:
      - → POST http://localhost:8000/api/admin/user/login
        - user-agent: Mozilla/5.0 (iPhone; CPU iPhone OS 14_4 like Mac OS X) AppleWebKit/605.1.15 (KHTML, like Gecko) Version/26.0 Mobile/15E148 Safari/604.1
        - accept: */*
        - accept-encoding: gzip,deflate,br
        - content-type: application/json
        - content-length: 44

        at apiRequestContext.post: connect ECONNREFUSED ::1:8000
        at C:\Users\khang\OneDrive\Documents\KTPM_DO-AN\shopluuniem\e2e-tests\api-integration.spec.js:16:36
]]>
</failure>
</testcase>
<testcase name="API Integration Tests › API protects admin endpoints" classname="api-integration.spec.js" time="0.37">
<failure message="api-integration.spec.js:28:7 API protects admin endpoints" type="FAILURE">
<![CDATA[  [Mobile Safari] › api-integration.spec.js:28:7 › API Integration Tests › API protects admin endpoints 

    Error: apiRequestContext.get: connect ECONNREFUSED ::1:8000
    Call log:
      - → GET http://localhost:8000/api/admin/user
        - user-agent: Mozilla/5.0 (iPhone; CPU iPhone OS 14_4 like Mac OS X) AppleWebKit/605.1.15 (KHTML, like Gecko) Version/26.0 Mobile/15E148 Safari/604.1
        - accept: */*
        - accept-encoding: gzip,deflate,br

        at apiRequestContext.get: connect ECONNREFUSED ::1:8000
        at C:\Users\khang\OneDrive\Documents\KTPM_DO-AN\shopluuniem\e2e-tests\api-integration.spec.js:29:36
]]>
</failure>
</testcase>
</testsuite>
<testsuite name="complete-shopping-flow.spec.js" timestamp="2025-12-23T17:41:52.946Z" hostname="Mobile Safari" tests="17" failures="15" skipped="0" time="216.964" errors="0">
<testcase name="Complete Shopping Flow › User can browse, add to cart, and checkout" classname="complete-shopping-flow.spec.js" time="15.771">
<failure message="complete-shopping-flow.spec.js:5:7 User can browse, add to cart, and checkout" type="FAILURE">
<![CDATA[  [Mobile Safari] › complete-shopping-flow.spec.js:5:7 › Complete Shopping Flow › User can browse, add to cart, and checkout 

    Error: expect(page).toHaveTitle(expected) failed

    Expected pattern: /Shop/i
    Received string:  "React App"
    Timeout: 5000ms

    Call log:
      - Expect "toHaveTitle" with timeout 5000ms
        6 × unexpected value "React App"


       6 |     // Step 1: Visit homepage
       7 |     await page.goto('/');
    >  8 |     await expect(page).toHaveTitle(/Shop/i);
         |                        ^
       9 |     
      10 |     // Step 2: Navigate to shop page
      11 |     await page.click('a[href*="shop"]');
        at C:\Users\khang\OneDrive\Documents\KTPM_DO-AN\shopluuniem\e2e-tests\complete-shopping-flow.spec.js:8:24

    attachment #1: screenshot (image/png) ──────────────────────────────────────────────────────────
    ..\test-results\complete-shopping-flow-Com-a2b3f-se-add-to-cart-and-checkout-Mobile-Safari\test-failed-1.png
    ────────────────────────────────────────────────────────────────────────────────────────────────

    attachment #2: video (video/webm) ──────────────────────────────────────────────────────────────
    ..\test-results\complete-shopping-flow-Com-a2b3f-se-add-to-cart-and-checkout-Mobile-Safari\video.webm
    ────────────────────────────────────────────────────────────────────────────────────────────────

    Error Context: ..\test-results\complete-shopping-flow-Com-a2b3f-se-add-to-cart-and-checkout-Mobile-Safari\error-context.md
]]>
</failure>
<system-out>
<![CDATA[
[[ATTACHMENT|complete-shopping-flow-Com-a2b3f-se-add-to-cart-and-checkout-Mobile-Safari\test-failed-1.png]]

[[ATTACHMENT|complete-shopping-flow-Com-a2b3f-se-add-to-cart-and-checkout-Mobile-Safari\video.webm]]

[[ATTACHMENT|complete-shopping-flow-Com-a2b3f-se-add-to-cart-and-checkout-Mobile-Safari\error-context.md]]
]]>
</system-out>
</testcase>
<testcase name="Complete Shopping Flow › User can search for products" classname="complete-shopping-flow.spec.js" time="19.193">
<failure message="complete-shopping-flow.spec.js:90:7 User can search for products" type="FAILURE">
<![CDATA[  [Mobile Safari] › complete-shopping-flow.spec.js:90:7 › Complete Shopping Flow › User can search for products 

    Error: expect(locator).toBeVisible() failed

    Locator:  locator('.product, [class*="product"]').first()
    Expected: visible
    Received: hidden
    Timeout:  5000ms

    Call log:
      - Expect "toBeVisible" with timeout 5000ms
      - waiting for locator('.product, [class*="product"]').first()
        8 × locator resolved to <ul class="minicart-product-list"></ul>
          - unexpected value "hidden"


       99 |     await page.waitForURL(/search/);
      100 |     const products = page.locator('.product, [class*="product"]');
    > 101 |     await expect(products.first()).toBeVisible();
          |                                    ^
      102 |   });
      103 |   
      104 |   test('User can view order history', async ({ page }) => {
        at C:\Users\khang\OneDrive\Documents\KTPM_DO-AN\shopluuniem\e2e-tests\complete-shopping-flow.spec.js:101:36

    attachment #1: screenshot (image/png) ──────────────────────────────────────────────────────────
    ..\test-results\complete-shopping-flow-Com-a255f-ser-can-search-for-products-Mobile-Safari\test-failed-1.png
    ────────────────────────────────────────────────────────────────────────────────────────────────

    attachment #2: video (video/webm) ──────────────────────────────────────────────────────────────
    ..\test-results\complete-shopping-flow-Com-a255f-ser-can-search-for-products-Mobile-Safari\video.webm
    ────────────────────────────────────────────────────────────────────────────────────────────────

    Error Context: ..\test-results\complete-shopping-flow-Com-a255f-ser-can-search-for-products-Mobile-Safari\error-context.md
]]>
</failure>
<system-out>
<![CDATA[
[[ATTACHMENT|complete-shopping-flow-Com-a255f-ser-can-search-for-products-Mobile-Safari\test-failed-1.png]]

[[ATTACHMENT|complete-shopping-flow-Com-a255f-ser-can-search-for-products-Mobile-Safari\video.webm]]

[[ATTACHMENT|complete-shopping-flow-Com-a255f-ser-can-search-for-products-Mobile-Safari\error-context.md]]
]]>
</system-out>
</testcase>
<testcase name="Complete Shopping Flow › User can view order history" classname="complete-shopping-flow.spec.js" time="23.331">
<failure message="complete-shopping-flow.spec.js:104:7 User can view order history" type="FAILURE">
<![CDATA[  [Mobile Safari] › complete-shopping-flow.spec.js:104:7 › Complete Shopping Flow › User can view order history 

    Error: expect(locator).toBeVisible() failed

    Locator: locator('table tbody tr, .order-item').first()
    Expected: visible
    Timeout: 5000ms
    Error: element(s) not found

    Call log:
      - Expect "toBeVisible" with timeout 5000ms
      - waiting for locator('table tbody tr, .order-item').first()


      116 |     // Verify orders are displayed
      117 |     const orders = page.locator('table tbody tr, .order-item');
    > 118 |     await expect(orders.first()).toBeVisible({ timeout: 5000 });
          |                                  ^
      119 |   });
      120 | });
      121 |
        at C:\Users\khang\OneDrive\Documents\KTPM_DO-AN\shopluuniem\e2e-tests\complete-shopping-flow.spec.js:118:34

    attachment #1: screenshot (image/png) ──────────────────────────────────────────────────────────
    ..\test-results\complete-shopping-flow-Com-57aa7-User-can-view-order-history-Mobile-Safari\test-failed-1.png
    ────────────────────────────────────────────────────────────────────────────────────────────────

    attachment #2: video (video/webm) ──────────────────────────────────────────────────────────────
    ..\test-results\complete-shopping-flow-Com-57aa7-User-can-view-order-history-Mobile-Safari\video.webm
    ────────────────────────────────────────────────────────────────────────────────────────────────

    Error Context: ..\test-results\complete-shopping-flow-Com-57aa7-User-can-view-order-history-Mobile-Safari\error-context.md
]]>
</failure>
<system-out>
<![CDATA[
[[ATTACHMENT|complete-shopping-flow-Com-57aa7-User-can-view-order-history-Mobile-Safari\test-failed-1.png]]

[[ATTACHMENT|complete-shopping-flow-Com-57aa7-User-can-view-order-history-Mobile-Safari\video.webm]]

[[ATTACHMENT|complete-shopping-flow-Com-57aa7-User-can-view-order-history-Mobile-Safari\error-context.md]]
]]>
</system-out>
</testcase>
<testcase name="User Authentication › User can register" classname="complete-shopping-flow.spec.js" time="19.565">
<failure message="complete-shopping-flow.spec.js:124:7 User can register" type="FAILURE">
<![CDATA[  [Mobile Safari] › complete-shopping-flow.spec.js:124:7 › User Authentication › User can register ─

    Error: expect(locator).toBeVisible() failed

    Locator: locator('text=thành công, text=success')
    Expected: visible
    Timeout: 5000ms
    Error: element(s) not found

    Call log:
      - Expect "toBeVisible" with timeout 5000ms
      - waiting for locator('text=thành công, text=success')


      135 |     
      136 |     // Verify success message
    > 137 |     await expect(page.locator('text=thành công, text=success')).toBeVisible();
          |                                                                 ^
      138 |   });
      139 |   
      140 |   test('User can login', async ({ page }) => {
        at C:\Users\khang\OneDrive\Documents\KTPM_DO-AN\shopluuniem\e2e-tests\complete-shopping-flow.spec.js:137:65

    attachment #1: screenshot (image/png) ──────────────────────────────────────────────────────────
    ..\test-results\complete-shopping-flow-User-Authentication-User-can-register-Mobile-Safari\test-failed-1.png
    ────────────────────────────────────────────────────────────────────────────────────────────────

    attachment #2: video (video/webm) ──────────────────────────────────────────────────────────────
    ..\test-results\complete-shopping-flow-User-Authentication-User-can-register-Mobile-Safari\video.webm
    ────────────────────────────────────────────────────────────────────────────────────────────────

    Error Context: ..\test-results\complete-shopping-flow-User-Authentication-User-can-register-Mobile-Safari\error-context.md
]]>
</failure>
<system-out>
<![CDATA[
[[ATTACHMENT|complete-shopping-flow-User-Authentication-User-can-register-Mobile-Safari\test-failed-1.png]]

[[ATTACHMENT|complete-shopping-flow-User-Authentication-User-can-register-Mobile-Safari\video.webm]]

[[ATTACHMENT|complete-shopping-flow-User-Authentication-User-can-register-Mobile-Safari\error-context.md]]
]]>
</system-out>
</testcase>
<testcase name="User Authentication › User can login" classname="complete-shopping-flow.spec.js" time="15.757">
</testcase>
<testcase name="User Authentication › User cannot login with wrong credentials" classname="complete-shopping-flow.spec.js" time="19.783">
<failure message="complete-shopping-flow.spec.js:151:7 User cannot login with wrong credentials" type="FAILURE">
<![CDATA[  [Mobile Safari] › complete-shopping-flow.spec.js:151:7 › User Authentication › User cannot login with wrong credentials 

    Error: expect(locator).toBeVisible() failed

    Locator: locator('text=Wrong, text=Sai')
    Expected: visible
    Timeout: 5000ms
    Error: element(s) not found

    Call log:
      - Expect "toBeVisible" with timeout 5000ms
      - waiting for locator('text=Wrong, text=Sai')


      157 |     
      158 |     // Should show error
    > 159 |     await expect(page.locator('text=Wrong, text=Sai')).toBeVisible();
          |                                                        ^
      160 |   });
      161 | });
      162 |
        at C:\Users\khang\OneDrive\Documents\KTPM_DO-AN\shopluuniem\e2e-tests\complete-shopping-flow.spec.js:159:56

    attachment #1: screenshot (image/png) ──────────────────────────────────────────────────────────
    ..\test-results\complete-shopping-flow-Use-19755-ogin-with-wrong-credentials-Mobile-Safari\test-failed-1.png
    ────────────────────────────────────────────────────────────────────────────────────────────────

    attachment #2: video (video/webm) ──────────────────────────────────────────────────────────────
    ..\test-results\complete-shopping-flow-Use-19755-ogin-with-wrong-credentials-Mobile-Safari\video.webm
    ────────────────────────────────────────────────────────────────────────────────────────────────

    Error Context: ..\test-results\complete-shopping-flow-Use-19755-ogin-with-wrong-credentials-Mobile-Safari\error-context.md
]]>
</failure>
<system-out>
<![CDATA[
[[ATTACHMENT|complete-shopping-flow-Use-19755-ogin-with-wrong-credentials-Mobile-Safari\test-failed-1.png]]

[[ATTACHMENT|complete-shopping-flow-Use-19755-ogin-with-wrong-credentials-Mobile-Safari\video.webm]]

[[ATTACHMENT|complete-shopping-flow-Use-19755-ogin-with-wrong-credentials-Mobile-Safari\error-context.md]]
]]>
</system-out>
</testcase>
<testcase name="Admin Panel › Admin can view user list" classname="complete-shopping-flow.spec.js" time="11.428">
<failure message="complete-shopping-flow.spec.js:174:7 Admin can view user list" type="FAILURE">
<![CDATA[  [Mobile Safari] › complete-shopping-flow.spec.js:174:7 › Admin Panel › Admin can view user list ──

    Error: page.goto: Could not connect to server
    Call log:
      - navigating to "http://localhost:3001/signin", waiting until "load"


      165 |   test.beforeEach(async ({ page }) => {
      166 |     // Admin login
    > 167 |     await page.goto('http://localhost:3001/signin');
          |                ^
      168 |     await page.fill('input[placeholder*="Username"]', 'admin');
      169 |     await page.fill('input[type="password"]', 'admin123');
      170 |     await page.click('button[type="submit"]');
        at C:\Users\khang\OneDrive\Documents\KTPM_DO-AN\shopluuniem\e2e-tests\complete-shopping-flow.spec.js:167:16

    attachment #1: screenshot (image/png) ──────────────────────────────────────────────────────────
    ..\test-results\complete-shopping-flow-Admin-Panel-Admin-can-view-user-list-Mobile-Safari\test-failed-1.png
    ────────────────────────────────────────────────────────────────────────────────────────────────

    attachment #2: video (video/webm) ──────────────────────────────────────────────────────────────
    ..\test-results\complete-shopping-flow-Admin-Panel-Admin-can-view-user-list-Mobile-Safari\video.webm
    ────────────────────────────────────────────────────────────────────────────────────────────────
]]>
</failure>
<system-out>
<![CDATA[
[[ATTACHMENT|complete-shopping-flow-Admin-Panel-Admin-can-view-user-list-Mobile-Safari\test-failed-1.png]]

[[ATTACHMENT|complete-shopping-flow-Admin-Panel-Admin-can-view-user-list-Mobile-Safari\video.webm]]
]]>
</system-out>
</testcase>
<testcase name="Admin Panel › Admin can create new user" classname="complete-shopping-flow.spec.js" time="11.939">
<failure message="complete-shopping-flow.spec.js:181:7 Admin can create new user" type="FAILURE">
<![CDATA[  [Mobile Safari] › complete-shopping-flow.spec.js:181:7 › Admin Panel › Admin can create new user ─

    Error: page.goto: Could not connect to server
    Call log:
      - navigating to "http://localhost:3001/signin", waiting until "load"


      165 |   test.beforeEach(async ({ page }) => {
      166 |     // Admin login
    > 167 |     await page.goto('http://localhost:3001/signin');
          |                ^
      168 |     await page.fill('input[placeholder*="Username"]', 'admin');
      169 |     await page.fill('input[type="password"]', 'admin123');
      170 |     await page.click('button[type="submit"]');
        at C:\Users\khang\OneDrive\Documents\KTPM_DO-AN\shopluuniem\e2e-tests\complete-shopping-flow.spec.js:167:16

    attachment #1: screenshot (image/png) ──────────────────────────────────────────────────────────
    ..\test-results\complete-shopping-flow-Admin-Panel-Admin-can-create-new-user-Mobile-Safari\test-failed-1.png
    ────────────────────────────────────────────────────────────────────────────────────────────────

    attachment #2: video (video/webm) ──────────────────────────────────────────────────────────────
    ..\test-results\complete-shopping-flow-Admin-Panel-Admin-can-create-new-user-Mobile-Safari\video.webm
    ────────────────────────────────────────────────────────────────────────────────────────────────
]]>
</failure>
<system-out>
<![CDATA[
[[ATTACHMENT|complete-shopping-flow-Admin-Panel-Admin-can-create-new-user-Mobile-Safari\test-failed-1.png]]

[[ATTACHMENT|complete-shopping-flow-Admin-Panel-Admin-can-create-new-user-Mobile-Safari\video.webm]]
]]>
</system-out>
</testcase>
<testcase name="Admin Panel › Admin can view products" classname="complete-shopping-flow.spec.js" time="4.164">
<failure message="complete-shopping-flow.spec.js:197:7 Admin can view products" type="FAILURE">
<![CDATA[  [Mobile Safari] › complete-shopping-flow.spec.js:197:7 › Admin Panel › Admin can view products ───

    Error: page.goto: Could not connect to server
    Call log:
      - navigating to "http://localhost:3001/signin", waiting until "load"


      165 |   test.beforeEach(async ({ page }) => {
      166 |     // Admin login
    > 167 |     await page.goto('http://localhost:3001/signin');
          |                ^
      168 |     await page.fill('input[placeholder*="Username"]', 'admin');
      169 |     await page.fill('input[type="password"]', 'admin123');
      170 |     await page.click('button[type="submit"]');
        at C:\Users\khang\OneDrive\Documents\KTPM_DO-AN\shopluuniem\e2e-tests\complete-shopping-flow.spec.js:167:16

    attachment #1: screenshot (image/png) ──────────────────────────────────────────────────────────
    ..\test-results\complete-shopping-flow-Admin-Panel-Admin-can-view-products-Mobile-Safari\test-failed-1.png
    ────────────────────────────────────────────────────────────────────────────────────────────────

    attachment #2: video (video/webm) ──────────────────────────────────────────────────────────────
    ..\test-results\complete-shopping-flow-Admin-Panel-Admin-can-view-products-Mobile-Safari\video.webm
    ────────────────────────────────────────────────────────────────────────────────────────────────
]]>
</failure>
<system-out>
<![CDATA[
[[ATTACHMENT|complete-shopping-flow-Admin-Panel-Admin-can-view-products-Mobile-Safari\test-failed-1.png]]

[[ATTACHMENT|complete-shopping-flow-Admin-Panel-Admin-can-view-products-Mobile-Safari\video.webm]]
]]>
</system-out>
</testcase>
<testcase name="Admin Panel › Admin can view orders" classname="complete-shopping-flow.spec.js" time="3.961">
<failure message="complete-shopping-flow.spec.js:204:7 Admin can view orders" type="FAILURE">
<![CDATA[  [Mobile Safari] › complete-shopping-flow.spec.js:204:7 › Admin Panel › Admin can view orders ─────

    Error: page.goto: Could not connect to server
    Call log:
      - navigating to "http://localhost:3001/signin", waiting until "load"


      165 |   test.beforeEach(async ({ page }) => {
      166 |     // Admin login
    > 167 |     await page.goto('http://localhost:3001/signin');
          |                ^
      168 |     await page.fill('input[placeholder*="Username"]', 'admin');
      169 |     await page.fill('input[type="password"]', 'admin123');
      170 |     await page.click('button[type="submit"]');
        at C:\Users\khang\OneDrive\Documents\KTPM_DO-AN\shopluuniem\e2e-tests\complete-shopping-flow.spec.js:167:16

    attachment #1: screenshot (image/png) ──────────────────────────────────────────────────────────
    ..\test-results\complete-shopping-flow-Admin-Panel-Admin-can-view-orders-Mobile-Safari\test-failed-1.png
    ────────────────────────────────────────────────────────────────────────────────────────────────

    attachment #2: video (video/webm) ──────────────────────────────────────────────────────────────
    ..\test-results\complete-shopping-flow-Admin-Panel-Admin-can-view-orders-Mobile-Safari\video.webm
    ────────────────────────────────────────────────────────────────────────────────────────────────
]]>
</failure>
<system-out>
<![CDATA[
[[ATTACHMENT|complete-shopping-flow-Admin-Panel-Admin-can-view-orders-Mobile-Safari\test-failed-1.png]]

[[ATTACHMENT|complete-shopping-flow-Admin-Panel-Admin-can-view-orders-Mobile-Safari\video.webm]]
]]>
</system-out>
</testcase>
<testcase name="Responsive Design › Mobile - Shopping flow works on mobile" classname="complete-shopping-flow.spec.js" time="30.184">
<failure message="complete-shopping-flow.spec.js:214:7 Mobile - Shopping flow works on mobile" type="FAILURE">
<![CDATA[  [Mobile Safari] › complete-shopping-flow.spec.js:214:7 › Responsive Design › Mobile - Shopping flow works on mobile 

    Test timeout of 30000ms exceeded.

    Error: locator.click: Test timeout of 30000ms exceeded.
    Call log:
      - waiting for locator('.product, [class*="product"]').first()
        - locator resolved to <ul class="minicart-product-list"></ul>
      - attempting click action
        2 × waiting for element to be visible, enabled and stable
          - element is not visible
        - retrying click action
        - waiting 20ms
        2 × waiting for element to be visible, enabled and stable
          - element is not visible
        - retrying click action
          - waiting 100ms
        32 × waiting for element to be visible, enabled and stable
           - element is not visible
         - retrying click action
           - waiting 500ms


      229 |     // Click product
      230 |     const products = page.locator('.product, [class*="product"]');
    > 231 |     await products.first().click();
          |                            ^
      232 |     
      233 |     // Add to cart
      234 |     await page.click('text=Add to cart');
        at C:\Users\khang\OneDrive\Documents\KTPM_DO-AN\shopluuniem\e2e-tests\complete-shopping-flow.spec.js:231:28

    attachment #1: screenshot (image/png) ──────────────────────────────────────────────────────────
    ..\test-results\complete-shopping-flow-Res-ec642-opping-flow-works-on-mobile-Mobile-Safari\test-failed-1.png
    ────────────────────────────────────────────────────────────────────────────────────────────────

    attachment #2: video (video/webm) ──────────────────────────────────────────────────────────────
    ..\test-results\complete-shopping-flow-Res-ec642-opping-flow-works-on-mobile-Mobile-Safari\video.webm
    ────────────────────────────────────────────────────────────────────────────────────────────────

    Error Context: ..\test-results\complete-shopping-flow-Res-ec642-opping-flow-works-on-mobile-Mobile-Safari\error-context.md
]]>
</failure>
<system-out>
<![CDATA[
[[ATTACHMENT|complete-shopping-flow-Res-ec642-opping-flow-works-on-mobile-Mobile-Safari\test-failed-1.png]]

[[ATTACHMENT|complete-shopping-flow-Res-ec642-opping-flow-works-on-mobile-Mobile-Safari\video.webm]]

[[ATTACHMENT|complete-shopping-flow-Res-ec642-opping-flow-works-on-mobile-Mobile-Safari\error-context.md]]
]]>
</system-out>
</testcase>
<testcase name="Responsive Design › Tablet - Layout adjusts correctly" classname="complete-shopping-flow.spec.js" time="5.302">
<failure message="complete-shopping-flow.spec.js:238:7 Tablet - Layout adjusts correctly" type="FAILURE">
<![CDATA[  [Mobile Safari] › complete-shopping-flow.spec.js:238:7 › Responsive Design › Tablet - Layout adjusts correctly 

    Error: locator.boundingBox: Error: strict mode violation: locator('.container') resolved to 4 elements:
        1) <div class="container">…</div> aka locator('div').nth(3)
        2) <div class="container pb_header">…</div> aka locator('div').filter({ hasText: '0 VNĐ0SUBTOTAL: 0 VNĐView' }).nth(3)
        3) <div class="container">…</div> aka locator('div').filter({ hasText: 'HomeMenuMaleFemaleEventContact' }).nth(4)
        4) <div class="container">…</div> aka locator('div').filter({ hasText: 'We are a team of designers' }).nth(4)

    Call log:
      - waiting for locator('.container')


      243 |     // Check if layout is responsive
      244 |     const container = page.locator('.container');
    > 245 |     const boundingBox = await container.boundingBox();
          |                                         ^
      246 |     
      247 |     expect(boundingBox.width).toBeLessThanOrEqual(768);
      248 |   });
        at C:\Users\khang\OneDrive\Documents\KTPM_DO-AN\shopluuniem\e2e-tests\complete-shopping-flow.spec.js:245:41

    attachment #1: screenshot (image/png) ──────────────────────────────────────────────────────────
    ..\test-results\complete-shopping-flow-Res-4a092----Layout-adjusts-correctly-Mobile-Safari\test-failed-1.png
    ────────────────────────────────────────────────────────────────────────────────────────────────

    attachment #2: video (video/webm) ──────────────────────────────────────────────────────────────
    ..\test-results\complete-shopping-flow-Res-4a092----Layout-adjusts-correctly-Mobile-Safari\video.webm
    ────────────────────────────────────────────────────────────────────────────────────────────────

    Error Context: ..\test-results\complete-shopping-flow-Res-4a092----Layout-adjusts-correctly-Mobile-Safari\error-context.md
]]>
</failure>
<system-out>
<![CDATA[
[[ATTACHMENT|complete-shopping-flow-Res-4a092----Layout-adjusts-correctly-Mobile-Safari\test-failed-1.png]]

[[ATTACHMENT|complete-shopping-flow-Res-4a092----Layout-adjusts-correctly-Mobile-Safari\video.webm]]

[[ATTACHMENT|complete-shopping-flow-Res-4a092----Layout-adjusts-correctly-Mobile-Safari\error-context.md]]
]]>
</system-out>
</testcase>
<testcase name="Performance › Homepage loads within 3 seconds" classname="complete-shopping-flow.spec.js" time="11.585">
<failure message="complete-shopping-flow.spec.js:253:7 Homepage loads within 3 seconds" type="FAILURE">
<![CDATA[  [Mobile Safari] › complete-shopping-flow.spec.js:253:7 › Performance › Homepage loads within 3 seconds 

    Error: expect(received).toBeLessThan(expected)

    Expected: < 3000
    Received:   9392

      256 |     const loadTime = Date.now() - startTime;
      257 |     
    > 258 |     expect(loadTime).toBeLessThan(3000);
          |                      ^
      259 |   });
      260 |   
      261 |   test('Product page loads within 2 seconds', async ({ page }) => {
        at C:\Users\khang\OneDrive\Documents\KTPM_DO-AN\shopluuniem\e2e-tests\complete-shopping-flow.spec.js:258:22

    attachment #1: screenshot (image/png) ──────────────────────────────────────────────────────────
    ..\test-results\complete-shopping-flow-Per-cb68b-page-loads-within-3-seconds-Mobile-Safari\test-failed-1.png
    ────────────────────────────────────────────────────────────────────────────────────────────────

    attachment #2: video (video/webm) ──────────────────────────────────────────────────────────────
    ..\test-results\complete-shopping-flow-Per-cb68b-page-loads-within-3-seconds-Mobile-Safari\video.webm
    ────────────────────────────────────────────────────────────────────────────────────────────────

    Error Context: ..\test-results\complete-shopping-flow-Per-cb68b-page-loads-within-3-seconds-Mobile-Safari\error-context.md
]]>
</failure>
<system-out>
<![CDATA[
[[ATTACHMENT|complete-shopping-flow-Per-cb68b-page-loads-within-3-seconds-Mobile-Safari\test-failed-1.png]]

[[ATTACHMENT|complete-shopping-flow-Per-cb68b-page-loads-within-3-seconds-Mobile-Safari\video.webm]]

[[ATTACHMENT|complete-shopping-flow-Per-cb68b-page-loads-within-3-seconds-Mobile-Safari\error-context.md]]
]]>
</system-out>
</testcase>
<testcase name="Performance › Product page loads within 2 seconds" classname="complete-shopping-flow.spec.js" time="9.944">
<failure message="complete-shopping-flow.spec.js:261:7 Product page loads within 2 seconds" type="FAILURE">
<![CDATA[  [Mobile Safari] › complete-shopping-flow.spec.js:261:7 › Performance › Product page loads within 2 seconds 

    Error: expect(received).toBeLessThan(expected)

    Expected: < 2000
    Received:   8214

      264 |     const loadTime = Date.now() - startTime;
      265 |     
    > 266 |     expect(loadTime).toBeLessThan(2000);
          |                      ^
      267 |   });
      268 | });
      269 |
        at C:\Users\khang\OneDrive\Documents\KTPM_DO-AN\shopluuniem\e2e-tests\complete-shopping-flow.spec.js:266:22

    attachment #1: screenshot (image/png) ──────────────────────────────────────────────────────────
    ..\test-results\complete-shopping-flow-Per-11b79-page-loads-within-2-seconds-Mobile-Safari\test-failed-1.png
    ────────────────────────────────────────────────────────────────────────────────────────────────

    attachment #2: video (video/webm) ──────────────────────────────────────────────────────────────
    ..\test-results\complete-shopping-flow-Per-11b79-page-loads-within-2-seconds-Mobile-Safari\video.webm
    ────────────────────────────────────────────────────────────────────────────────────────────────

    Error Context: ..\test-results\complete-shopping-flow-Per-11b79-page-loads-within-2-seconds-Mobile-Safari\error-context.md
]]>
</failure>
<system-out>
<![CDATA[
[[ATTACHMENT|complete-shopping-flow-Per-11b79-page-loads-within-2-seconds-Mobile-Safari\test-failed-1.png]]

[[ATTACHMENT|complete-shopping-flow-Per-11b79-page-loads-within-2-seconds-Mobile-Safari\video.webm]]

[[ATTACHMENT|complete-shopping-flow-Per-11b79-page-loads-within-2-seconds-Mobile-Safari\error-context.md]]
]]>
</system-out>
</testcase>
<testcase name="Accessibility › All images have alt text" classname="complete-shopping-flow.spec.js" time="3.99">
<failure message="complete-shopping-flow.spec.js:272:7 All images have alt text" type="FAILURE">
<![CDATA[  [Mobile Safari] › complete-shopping-flow.spec.js:272:7 › Accessibility › All images have alt text 

    Error: expect(received).toBe(expected) // Object.is equality

    Expected: 0
    Received: 1

      274 |     
      275 |     const imagesWithoutAlt = await page.locator('img:not([alt])').count();
    > 276 |     expect(imagesWithoutAlt).toBe(0);
          |                              ^
      277 |   });
      278 |   
      279 |   test('Forms have proper labels', async ({ page }) => {
        at C:\Users\khang\OneDrive\Documents\KTPM_DO-AN\shopluuniem\e2e-tests\complete-shopping-flow.spec.js:276:30

    attachment #1: screenshot (image/png) ──────────────────────────────────────────────────────────
    ..\test-results\complete-shopping-flow-Acc-10e95-ty-All-images-have-alt-text-Mobile-Safari\test-failed-1.png
    ────────────────────────────────────────────────────────────────────────────────────────────────

    attachment #2: video (video/webm) ──────────────────────────────────────────────────────────────
    ..\test-results\complete-shopping-flow-Acc-10e95-ty-All-images-have-alt-text-Mobile-Safari\video.webm
    ────────────────────────────────────────────────────────────────────────────────────────────────

    Error Context: ..\test-results\complete-shopping-flow-Acc-10e95-ty-All-images-have-alt-text-Mobile-Safari\error-context.md
]]>
</failure>
<system-out>
<![CDATA[
[[ATTACHMENT|complete-shopping-flow-Acc-10e95-ty-All-images-have-alt-text-Mobile-Safari\test-failed-1.png]]

[[ATTACHMENT|complete-shopping-flow-Acc-10e95-ty-All-images-have-alt-text-Mobile-Safari\video.webm]]

[[ATTACHMENT|complete-shopping-flow-Acc-10e95-ty-All-images-have-alt-text-Mobile-Safari\error-context.md]]
]]>
</system-out>
</testcase>
<testcase name="Accessibility › Forms have proper labels" classname="complete-shopping-flow.spec.js" time="5.131">
</testcase>
<testcase name="Accessibility › Page has proper heading structure" classname="complete-shopping-flow.spec.js" time="5.936">
<failure message="complete-shopping-flow.spec.js:295:7 Page has proper heading structure" type="FAILURE">
<![CDATA[  [Mobile Safari] › complete-shopping-flow.spec.js:295:7 › Accessibility › Page has proper heading structure 

    Error: expect(received).toBeGreaterThanOrEqual(expected)

    Expected: >= 1
    Received:    0

      297 |     
      298 |     const h1Count = await page.locator('h1').count();
    > 299 |     expect(h1Count).toBeGreaterThanOrEqual(1);
          |                     ^
      300 |   });
      301 | });
        at C:\Users\khang\OneDrive\Documents\KTPM_DO-AN\shopluuniem\e2e-tests\complete-shopping-flow.spec.js:299:21

    attachment #1: screenshot (image/png) ──────────────────────────────────────────────────────────
    ..\test-results\complete-shopping-flow-Acc-d94df-as-proper-heading-structure-Mobile-Safari\test-failed-1.png
    ────────────────────────────────────────────────────────────────────────────────────────────────

    attachment #2: video (video/webm) ──────────────────────────────────────────────────────────────
    ..\test-results\complete-shopping-flow-Acc-d94df-as-proper-heading-structure-Mobile-Safari\video.webm
    ────────────────────────────────────────────────────────────────────────────────────────────────

    Error Context: ..\test-results\complete-shopping-flow-Acc-d94df-as-proper-heading-structure-Mobile-Safari\error-context.md
]]>
</failure>
<system-out>
<![CDATA[
[[ATTACHMENT|complete-shopping-flow-Acc-d94df-as-proper-heading-structure-Mobile-Safari\test-failed-1.png]]

[[ATTACHMENT|complete-shopping-flow-Acc-d94df-as-proper-heading-structure-Mobile-Safari\video.webm]]

[[ATTACHMENT|complete-shopping-flow-Acc-d94df-as-proper-heading-structure-Mobile-Safari\error-context.md]]
]]>
</system-out>
</testcase>
</testsuite>
<testsuite name="visual-regression.spec.js" timestamp="2025-12-23T17:41:52.946Z" hostname="Mobile Safari" tests="3" failures="3" skipped="0" time="17.74" errors="0">
<testcase name="Visual Regression Tests › Homepage screenshot comparison" classname="visual-regression.spec.js" time="6.414">
<failure message="visual-regression.spec.js:5:7 Homepage screenshot comparison" type="FAILURE">
<![CDATA[  [Mobile Safari] › visual-regression.spec.js:5:7 › Visual Regression Tests › Homepage screenshot comparison 

    Error: A snapshot doesn't exist at C:\Users\khang\OneDrive\Documents\KTPM_DO-AN\shopluuniem\e2e-tests\visual-regression.spec.js-snapshots\homepage-Mobile-Safari-win32.png, writing actual.

       5 |   test('Homepage screenshot comparison', async ({ page }) => {
       6 |     await page.goto('/');
    >  7 |     await expect(page).toHaveScreenshot('homepage.png');
         |     ^
       8 |   });
       9 |   
      10 |   test('Product page screenshot comparison', async ({ page }) => {
        at C:\Users\khang\OneDrive\Documents\KTPM_DO-AN\shopluuniem\e2e-tests\visual-regression.spec.js:7:5

    attachment #1: homepage (image/png) ────────────────────────────────────────────────────────────
    Expected: visual-regression.spec.js-snapshots\homepage-Mobile-Safari-win32.png
    Received: ..\test-results\visual-regression-Visual-R-d42b6-epage-screenshot-comparison-Mobile-Safari\homepage-actual.png
    ────────────────────────────────────────────────────────────────────────────────────────────────

    attachment #2: screenshot (image/png) ──────────────────────────────────────────────────────────
    ..\test-results\visual-regression-Visual-R-d42b6-epage-screenshot-comparison-Mobile-Safari\test-failed-1.png
    ────────────────────────────────────────────────────────────────────────────────────────────────

    attachment #3: video (video/webm) ──────────────────────────────────────────────────────────────
    ..\test-results\visual-regression-Visual-R-d42b6-epage-screenshot-comparison-Mobile-Safari\video.webm
    ────────────────────────────────────────────────────────────────────────────────────────────────

    Error Context: ..\test-results\visual-regression-Visual-R-d42b6-epage-screenshot-comparison-Mobile-Safari\error-context.md
]]>
</failure>
<system-out>
<![CDATA[
[[ATTACHMENT|..\e2e-tests\visual-regression.spec.js-snapshots\homepage-Mobile-Safari-win32.png]]

[[ATTACHMENT|visual-regression-Visual-R-d42b6-epage-screenshot-comparison-Mobile-Safari\homepage-actual.png]]

[[ATTACHMENT|visual-regression-Visual-R-d42b6-epage-screenshot-comparison-Mobile-Safari\test-failed-1.png]]

[[ATTACHMENT|visual-regression-Visual-R-d42b6-epage-screenshot-comparison-Mobile-Safari\video.webm]]

[[ATTACHMENT|visual-regression-Visual-R-d42b6-epage-screenshot-comparison-Mobile-Safari\error-context.md]]
]]>
</system-out>
</testcase>
<testcase name="Visual Regression Tests › Product page screenshot comparison" classname="visual-regression.spec.js" time="6.283">
<failure message="visual-regression.spec.js:10:7 Product page screenshot comparison" type="FAILURE">
<![CDATA[  [Mobile Safari] › visual-regression.spec.js:10:7 › Visual Regression Tests › Product page screenshot comparison 

    Error: A snapshot doesn't exist at C:\Users\khang\OneDrive\Documents\KTPM_DO-AN\shopluuniem\e2e-tests\visual-regression.spec.js-snapshots\product-page-Mobile-Safari-win32.png, writing actual.

      10 |   test('Product page screenshot comparison', async ({ page }) => {
      11 |     await page.goto('/detail/1');
    > 12 |     await expect(page).toHaveScreenshot('product-page.png');
         |     ^
      13 |   });
      14 |   
      15 |   test('Cart page screenshot comparison', async ({ page }) => {
        at C:\Users\khang\OneDrive\Documents\KTPM_DO-AN\shopluuniem\e2e-tests\visual-regression.spec.js:12:5

    attachment #1: product-page (image/png) ────────────────────────────────────────────────────────
    Expected: visual-regression.spec.js-snapshots\product-page-Mobile-Safari-win32.png
    Received: ..\test-results\visual-regression-Visual-R-106e9--page-screenshot-comparison-Mobile-Safari\product-page-actual.png
    ────────────────────────────────────────────────────────────────────────────────────────────────

    attachment #2: screenshot (image/png) ──────────────────────────────────────────────────────────
    ..\test-results\visual-regression-Visual-R-106e9--page-screenshot-comparison-Mobile-Safari\test-failed-1.png
    ────────────────────────────────────────────────────────────────────────────────────────────────

    attachment #3: video (video/webm) ──────────────────────────────────────────────────────────────
    ..\test-results\visual-regression-Visual-R-106e9--page-screenshot-comparison-Mobile-Safari\video.webm
    ────────────────────────────────────────────────────────────────────────────────────────────────

    Error Context: ..\test-results\visual-regression-Visual-R-106e9--page-screenshot-comparison-Mobile-Safari\error-context.md
]]>
</failure>
<system-out>
<![CDATA[
[[ATTACHMENT|..\e2e-tests\visual-regression.spec.js-snapshots\product-page-Mobile-Safari-win32.png]]

[[ATTACHMENT|visual-regression-Visual-R-106e9--page-screenshot-comparison-Mobile-Safari\product-page-actual.png]]

[[ATTACHMENT|visual-regression-Visual-R-106e9--page-screenshot-comparison-Mobile-Safari\test-failed-1.png]]

[[ATTACHMENT|visual-regression-Visual-R-106e9--page-screenshot-comparison-Mobile-Safari\video.webm]]

[[ATTACHMENT|visual-regression-Visual-R-106e9--page-screenshot-comparison-Mobile-Safari\error-context.md]]
]]>
</system-out>
</testcase>
<testcase name="Visual Regression Tests › Cart page screenshot comparison" classname="visual-regression.spec.js" time="5.043">
<failure message="visual-regression.spec.js:15:7 Cart page screenshot comparison" type="FAILURE">
<![CDATA[  [Mobile Safari] › visual-regression.spec.js:15:7 › Visual Regression Tests › Cart page screenshot comparison 

    Error: A snapshot doesn't exist at C:\Users\khang\OneDrive\Documents\KTPM_DO-AN\shopluuniem\e2e-tests\visual-regression.spec.js-snapshots\cart-page-Mobile-Safari-win32.png, writing actual.

      15 |   test('Cart page screenshot comparison', async ({ page }) => {
      16 |     await page.goto('/cart');
    > 17 |     await expect(page).toHaveScreenshot('cart-page.png');
         |     ^
      18 |   });
      19 | });
        at C:\Users\khang\OneDrive\Documents\KTPM_DO-AN\shopluuniem\e2e-tests\visual-regression.spec.js:17:5

    attachment #1: cart-page (image/png) ───────────────────────────────────────────────────────────
    Expected: visual-regression.spec.js-snapshots\cart-page-Mobile-Safari-win32.png
    Received: ..\test-results\visual-regression-Visual-R-ec7c2--page-screenshot-comparison-Mobile-Safari\cart-page-actual.png
    ────────────────────────────────────────────────────────────────────────────────────────────────

    attachment #2: screenshot (image/png) ──────────────────────────────────────────────────────────
    ..\test-results\visual-regression-Visual-R-ec7c2--page-screenshot-comparison-Mobile-Safari\test-failed-1.png
    ────────────────────────────────────────────────────────────────────────────────────────────────

    attachment #3: video (video/webm) ──────────────────────────────────────────────────────────────
    ..\test-results\visual-regression-Visual-R-ec7c2--page-screenshot-comparison-Mobile-Safari\video.webm
    ────────────────────────────────────────────────────────────────────────────────────────────────

    Error Context: ..\test-results\visual-regression-Visual-R-ec7c2--page-screenshot-comparison-Mobile-Safari\error-context.md
]]>
</failure>
<system-out>
<![CDATA[
[[ATTACHMENT|..\e2e-tests\visual-regression.spec.js-snapshots\cart-page-Mobile-Safari-win32.png]]

[[ATTACHMENT|visual-regression-Visual-R-ec7c2--page-screenshot-comparison-Mobile-Safari\cart-page-actual.png]]

[[ATTACHMENT|visual-regression-Visual-R-ec7c2--page-screenshot-comparison-Mobile-Safari\test-failed-1.png]]

[[ATTACHMENT|visual-regression-Visual-R-ec7c2--page-screenshot-comparison-Mobile-Safari\video.webm]]

[[ATTACHMENT|visual-regression-Visual-R-ec7c2--page-screenshot-comparison-Mobile-Safari\error-context.md]]
]]>
</system-out>
</testcase>
</testsuite>
</testsuites>